ARM GAS  C:\Users\MIGUEL\AppData\Local\Temp\ccH6wgIk.s 			page 1


   1              		.syntax unified
   2              		.cpu cortex-m3
   3              		.fpu softvfp
   4              		.eabi_attribute 20, 1
   5              		.eabi_attribute 21, 1
   6              		.eabi_attribute 23, 3
   7              		.eabi_attribute 24, 1
   8              		.eabi_attribute 25, 1
   9              		.eabi_attribute 26, 1
  10              		.eabi_attribute 30, 1
  11              		.eabi_attribute 34, 1
  12              		.eabi_attribute 18, 4
  13              		.thumb
  14              		.syntax unified
  15              		.file	"cymetadata.c"
  16              		.text
  17              	.Ltext0:
  18              		.cfi_sections	.debug_frame
  19              		.global	cy_metadata
  20              		.global	cy_meta_flashprotect
  21              		.global	cy_meta_wonvl
  22              		.global	cy_meta_custnvl
  23              		.global	cy_meta_configecc
  24              		.section	.cyconfigecc,"a",%progbits
  25              		.align	2
  26              		.type	cy_meta_configecc, %object
  27              		.size	cy_meta_configecc, 1656
  28              	cy_meta_configecc:
  29 0000 01       		.byte	1
  30 0001 4F       		.byte	79
  31 0002 00       		.byte	0
  32 0003 40       		.byte	64
  33 0004 05       		.byte	5
  34 0005 52       		.byte	82
  35 0006 00       		.byte	0
  36 0007 40       		.byte	64
  37 0008 01       		.byte	1
  38 0009 64       		.byte	100
  39 000a 00       		.byte	0
  40 000b 40       		.byte	64
  41 000c 03       		.byte	3
  42 000d 65       		.byte	101
  43 000e 00       		.byte	0
  44 000f 40       		.byte	64
  45 0010 01       		.byte	1
  46 0011 01       		.byte	1
  47 0012 01       		.byte	1
  48 0013 40       		.byte	64
  49 0014 02       		.byte	2
  50 0015 03       		.byte	3
  51 0016 01       		.byte	1
  52 0017 40       		.byte	64
  53 0018 03       		.byte	3
  54 0019 05       		.byte	5
  55 001a 01       		.byte	1
  56 001b 40       		.byte	64
  57 001c 06       		.byte	6
ARM GAS  C:\Users\MIGUEL\AppData\Local\Temp\ccH6wgIk.s 			page 2


  58 001d 07       		.byte	7
  59 001e 01       		.byte	1
  60 001f 40       		.byte	64
  61 0020 47       		.byte	71
  62 0021 08       		.byte	8
  63 0022 01       		.byte	1
  64 0023 40       		.byte	64
  65 0024 33       		.byte	51
  66 0025 09       		.byte	9
  67 0026 01       		.byte	1
  68 0027 40       		.byte	64
  69 0028 01       		.byte	1
  70 0029 0B       		.byte	11
  71 002a 01       		.byte	1
  72 002b 40       		.byte	64
  73 002c 01       		.byte	1
  74 002d 0D       		.byte	13
  75 002e 01       		.byte	1
  76 002f 40       		.byte	64
  77 0030 02       		.byte	2
  78 0031 0F       		.byte	15
  79 0032 01       		.byte	1
  80 0033 40       		.byte	64
  81 0034 47       		.byte	71
  82 0035 14       		.byte	20
  83 0036 01       		.byte	1
  84 0037 40       		.byte	64
  85 0038 3B       		.byte	59
  86 0039 15       		.byte	21
  87 003a 01       		.byte	1
  88 003b 40       		.byte	64
  89 003c 09       		.byte	9
  90 003d 17       		.byte	23
  91 003e 01       		.byte	1
  92 003f 40       		.byte	64
  93 0040 4A       		.byte	74
  94 0041 18       		.byte	24
  95 0042 01       		.byte	1
  96 0043 40       		.byte	64
  97 0044 43       		.byte	67
  98 0045 19       		.byte	25
  99 0046 01       		.byte	1
 100 0047 40       		.byte	64
 101 0048 69       		.byte	105
 102 0049 1A       		.byte	26
 103 004a 01       		.byte	1
 104 004b 40       		.byte	64
 105 004c 51       		.byte	81
 106 004d 1B       		.byte	27
 107 004e 01       		.byte	1
 108 004f 40       		.byte	64
 109 0050 0C       		.byte	12
 110 0051 40       		.byte	64
 111 0052 01       		.byte	1
 112 0053 40       		.byte	64
 113 0054 10       		.byte	16
 114 0055 41       		.byte	65
ARM GAS  C:\Users\MIGUEL\AppData\Local\Temp\ccH6wgIk.s 			page 3


 115 0056 01       		.byte	1
 116 0057 40       		.byte	64
 117 0058 0D       		.byte	13
 118 0059 42       		.byte	66
 119 005a 01       		.byte	1
 120 005b 40       		.byte	64
 121 005c 0C       		.byte	12
 122 005d 43       		.byte	67
 123 005e 01       		.byte	1
 124 005f 40       		.byte	64
 125 0060 02       		.byte	2
 126 0061 46       		.byte	70
 127 0062 01       		.byte	1
 128 0063 40       		.byte	64
 129 0064 01       		.byte	1
 130 0065 47       		.byte	71
 131 0066 01       		.byte	1
 132 0067 40       		.byte	64
 133 0068 0E       		.byte	14
 134 0069 48       		.byte	72
 135 006a 01       		.byte	1
 136 006b 40       		.byte	64
 137 006c 19       		.byte	25
 138 006d 49       		.byte	73
 139 006e 01       		.byte	1
 140 006f 40       		.byte	64
 141 0070 02       		.byte	2
 142 0071 4C       		.byte	76
 143 0072 01       		.byte	1
 144 0073 40       		.byte	64
 145 0074 0A       		.byte	10
 146 0075 4D       		.byte	77
 147 0076 01       		.byte	1
 148 0077 40       		.byte	64
 149 0078 05       		.byte	5
 150 0079 50       		.byte	80
 151 007a 01       		.byte	1
 152 007b 40       		.byte	64
 153 007c 03       		.byte	3
 154 007d 51       		.byte	81
 155 007e 01       		.byte	1
 156 007f 40       		.byte	64
 157 0080 0A       		.byte	10
 158 0081 36       		.byte	54
 159 0082 00       		.byte	0
 160 0083 09       		.byte	9
 161 0084 01       		.byte	1
 162 0085 05       		.byte	5
 163 0086 08       		.byte	8
 164 0087 04       		.byte	4
 165 0088 18       		.byte	24
 166 0089 35       		.byte	53
 167 008a 19       		.byte	25
 168 008b 2C       		.byte	44
 169 008c 88       		.byte	-120
 170 008d 38       		.byte	56
 171 008e 84       		.byte	-124
ARM GAS  C:\Users\MIGUEL\AppData\Local\Temp\ccH6wgIk.s 			page 4


 172 008f 0F       		.byte	15
 173 0090 85       		.byte	-123
 174 0091 0D       		.byte	13
 175 0092 88       		.byte	-120
 176 0093 72       		.byte	114
 177 0094 E2       		.byte	-30
 178 0095 20       		.byte	32
 179 0096 8C       		.byte	-116
 180 0097 04       		.byte	4
 181 0098 E6       		.byte	-26
 182 0099 40       		.byte	64
 183 009a 91       		.byte	-111
 184 009b 10       		.byte	16
 185 009c 94       		.byte	-108
 186 009d 04       		.byte	4
 187 009e AD       		.byte	-83
 188 009f 10       		.byte	16
 189 00a0 8F       		.byte	-113
 190 00a1 10       		.byte	16
 191 00a2 91       		.byte	-111
 192 00a3 10       		.byte	16
 193 00a4 94       		.byte	-108
 194 00a5 04       		.byte	4
 195 00a6 E2       		.byte	-30
 196 00a7 04       		.byte	4
 197 00a8 E6       		.byte	-26
 198 00a9 40       		.byte	64
 199 00aa EE       		.byte	-18
 200 00ab 04       		.byte	4
 201 00ac 02       		.byte	2
 202 00ad 01       		.byte	1
 203 00ae 03       		.byte	3
 204 00af 03       		.byte	3
 205 00b0 04       		.byte	4
 206 00b1 0C       		.byte	12
 207 00b2 05       		.byte	5
 208 00b3 03       		.byte	3
 209 00b4 08       		.byte	8
 210 00b5 04       		.byte	4
 211 00b6 09       		.byte	9
 212 00b7 02       		.byte	2
 213 00b8 0C       		.byte	12
 214 00b9 08       		.byte	8
 215 00ba 0D       		.byte	13
 216 00bb 0F       		.byte	15
 217 00bc 11       		.byte	17
 218 00bd 0C       		.byte	12
 219 00be 12       		.byte	18
 220 00bf 02       		.byte	2
 221 00c0 13       		.byte	19
 222 00c1 03       		.byte	3
 223 00c2 15       		.byte	21
 224 00c3 03       		.byte	3
 225 00c4 16       		.byte	22
 226 00c5 01       		.byte	1
 227 00c6 17       		.byte	23
 228 00c7 0C       		.byte	12
ARM GAS  C:\Users\MIGUEL\AppData\Local\Temp\ccH6wgIk.s 			page 5


 229 00c8 18       		.byte	24
 230 00c9 0C       		.byte	12
 231 00ca 19       		.byte	25
 232 00cb 04       		.byte	4
 233 00cc 1A       		.byte	26
 234 00cd 02       		.byte	2
 235 00ce 1C       		.byte	28
 236 00cf 0C       		.byte	12
 237 00d0 1D       		.byte	29
 238 00d1 08       		.byte	8
 239 00d2 1E       		.byte	30
 240 00d3 02       		.byte	2
 241 00d4 20       		.byte	32
 242 00d5 0E       		.byte	14
 243 00d6 21       		.byte	33
 244 00d7 01       		.byte	1
 245 00d8 24       		.byte	36
 246 00d9 02       		.byte	2
 247 00da 25       		.byte	37
 248 00db 0F       		.byte	15
 249 00dc 26       		.byte	38
 250 00dd 0C       		.byte	12
 251 00de 29       		.byte	41
 252 00df 0C       		.byte	12
 253 00e0 32       		.byte	50
 254 00e1 01       		.byte	1
 255 00e2 34       		.byte	52
 256 00e3 0E       		.byte	14
 257 00e4 35       		.byte	53
 258 00e5 0F       		.byte	15
 259 00e6 3A       		.byte	58
 260 00e7 20       		.byte	32
 261 00e8 3B       		.byte	59
 262 00e9 20       		.byte	32
 263 00ea 3E       		.byte	62
 264 00eb 04       		.byte	4
 265 00ec 54       		.byte	84
 266 00ed 18       		.byte	24
 267 00ee 56       		.byte	86
 268 00ef 04       		.byte	4
 269 00f0 58       		.byte	88
 270 00f1 04       		.byte	4
 271 00f2 59       		.byte	89
 272 00f3 04       		.byte	4
 273 00f4 5B       		.byte	91
 274 00f5 04       		.byte	4
 275 00f6 5C       		.byte	92
 276 00f7 22       		.byte	34
 277 00f8 5D       		.byte	93
 278 00f9 20       		.byte	32
 279 00fa 5F       		.byte	95
 280 00fb 01       		.byte	1
 281 00fc 81       		.byte	-127
 282 00fd 01       		.byte	1
 283 00fe 85       		.byte	-123
 284 00ff 01       		.byte	1
 285 0100 89       		.byte	-119
ARM GAS  C:\Users\MIGUEL\AppData\Local\Temp\ccH6wgIk.s 			page 6


 286 0101 02       		.byte	2
 287 0102 8A       		.byte	-118
 288 0103 03       		.byte	3
 289 0104 8B       		.byte	-117
 290 0105 04       		.byte	4
 291 0106 8E       		.byte	-114
 292 0107 05       		.byte	5
 293 0108 91       		.byte	-111
 294 0109 08       		.byte	8
 295 010a 95       		.byte	-107
 296 010b 08       		.byte	8
 297 010c 9B       		.byte	-101
 298 010d 01       		.byte	1
 299 010e 9E       		.byte	-98
 300 010f 06       		.byte	6
 301 0110 A0       		.byte	-96
 302 0111 06       		.byte	6
 303 0112 A2       		.byte	-94
 304 0113 01       		.byte	1
 305 0114 A3       		.byte	-93
 306 0115 08       		.byte	8
 307 0116 A5       		.byte	-91
 308 0117 10       		.byte	16
 309 0118 A6       		.byte	-90
 310 0119 01       		.byte	1
 311 011a A9       		.byte	-87
 312 011b 04       		.byte	4
 313 011c AA       		.byte	-86
 314 011d 02       		.byte	2
 315 011e AB       		.byte	-85
 316 011f 02       		.byte	2
 317 0120 AF       		.byte	-81
 318 0121 01       		.byte	1
 319 0122 B2       		.byte	-78
 320 0123 07       		.byte	7
 321 0124 B3       		.byte	-77
 322 0125 01       		.byte	1
 323 0126 B5       		.byte	-75
 324 0127 06       		.byte	6
 325 0128 B7       		.byte	-73
 326 0129 18       		.byte	24
 327 012a B9       		.byte	-71
 328 012b 88       		.byte	-120
 329 012c BA       		.byte	-70
 330 012d 08       		.byte	8
 331 012e BB       		.byte	-69
 332 012f 02       		.byte	2
 333 0130 BF       		.byte	-65
 334 0131 10       		.byte	16
 335 0132 D8       		.byte	-40
 336 0133 04       		.byte	4
 337 0134 D9       		.byte	-39
 338 0135 04       		.byte	4
 339 0136 DC       		.byte	-36
 340 0137 22       		.byte	34
 341 0138 DF       		.byte	-33
 342 0139 01       		.byte	1
ARM GAS  C:\Users\MIGUEL\AppData\Local\Temp\ccH6wgIk.s 			page 7


 343 013a 00       		.byte	0
 344 013b 10       		.byte	16
 345 013c 03       		.byte	3
 346 013d 01       		.byte	1
 347 013e 05       		.byte	5
 348 013f 60       		.byte	96
 349 0140 06       		.byte	6
 350 0141 A0       		.byte	-96
 351 0142 0B       		.byte	11
 352 0143 01       		.byte	1
 353 0144 0C       		.byte	12
 354 0145 02       		.byte	2
 355 0146 0E       		.byte	14
 356 0147 06       		.byte	6
 357 0148 0F       		.byte	15
 358 0149 10       		.byte	16
 359 014a 10       		.byte	16
 360 014b 58       		.byte	88
 361 014c 12       		.byte	18
 362 014d 80       		.byte	-128
 363 014e 15       		.byte	21
 364 014f 02       		.byte	2
 365 0150 17       		.byte	23
 366 0151 04       		.byte	4
 367 0152 18       		.byte	24
 368 0153 10       		.byte	16
 369 0154 19       		.byte	25
 370 0155 04       		.byte	4
 371 0156 1D       		.byte	29
 372 0157 10       		.byte	16
 373 0158 1E       		.byte	30
 374 0159 04       		.byte	4
 375 015a 1F       		.byte	31
 376 015b 04       		.byte	4
 377 015c 20       		.byte	32
 378 015d 40       		.byte	64
 379 015e 21       		.byte	33
 380 015f 21       		.byte	33
 381 0160 22       		.byte	34
 382 0161 01       		.byte	1
 383 0162 23       		.byte	35
 384 0163 11       		.byte	17
 385 0164 24       		.byte	36
 386 0165 08       		.byte	8
 387 0166 27       		.byte	39
 388 0167 04       		.byte	4
 389 0168 28       		.byte	40
 390 0169 79       		.byte	121
 391 016a 2E       		.byte	46
 392 016b 26       		.byte	38
 393 016c 31       		.byte	49
 394 016d 14       		.byte	20
 395 016e 33       		.byte	51
 396 016f 01       		.byte	1
 397 0170 34       		.byte	52
 398 0171 01       		.byte	1
 399 0172 35       		.byte	53
ARM GAS  C:\Users\MIGUEL\AppData\Local\Temp\ccH6wgIk.s 			page 8


 400 0173 60       		.byte	96
 401 0174 36       		.byte	54
 402 0175 01       		.byte	1
 403 0176 37       		.byte	55
 404 0177 04       		.byte	4
 405 0178 38       		.byte	56
 406 0179 08       		.byte	8
 407 017a 39       		.byte	57
 408 017b 02       		.byte	2
 409 017c 3B       		.byte	59
 410 017d 20       		.byte	32
 411 017e 3C       		.byte	60
 412 017f 46       		.byte	70
 413 0180 3E       		.byte	62
 414 0181 10       		.byte	16
 415 0182 48       		.byte	72
 416 0183 03       		.byte	3
 417 0184 5C       		.byte	92
 418 0185 02       		.byte	2
 419 0186 66       		.byte	102
 420 0187 40       		.byte	64
 421 0188 67       		.byte	103
 422 0189 48       		.byte	72
 423 018a 81       		.byte	-127
 424 018b 20       		.byte	32
 425 018c 97       		.byte	-105
 426 018d 40       		.byte	64
 427 018e C0       		.byte	-64
 428 018f F3       		.byte	-13
 429 0190 C2       		.byte	-62
 430 0191 F1       		.byte	-15
 431 0192 C4       		.byte	-60
 432 0193 3E       		.byte	62
 433 0194 CA       		.byte	-54
 434 0195 EF       		.byte	-17
 435 0196 CC       		.byte	-52
 436 0197 F7       		.byte	-9
 437 0198 CE       		.byte	-50
 438 0199 F7       		.byte	-9
 439 019a D6       		.byte	-42
 440 019b 80       		.byte	-128
 441 019c D8       		.byte	-40
 442 019d B0       		.byte	-80
 443 019e EE       		.byte	-18
 444 019f 04       		.byte	4
 445 01a0 97       		.byte	-105
 446 01a1 40       		.byte	64
 447 01a2 97       		.byte	-105
 448 01a3 40       		.byte	64
 449 01a4 8B       		.byte	-117
 450 01a5 40       		.byte	64
 451 01a6 E2       		.byte	-30
 452 01a7 20       		.byte	32
 453 01a8 0A       		.byte	10
 454 01a9 01       		.byte	1
 455 01aa 0B       		.byte	11
 456 01ab 01       		.byte	1
ARM GAS  C:\Users\MIGUEL\AppData\Local\Temp\ccH6wgIk.s 			page 9


 457 01ac 10       		.byte	16
 458 01ad 02       		.byte	2
 459 01ae 2A       		.byte	42
 460 01af 01       		.byte	1
 461 01b0 32       		.byte	50
 462 01b1 02       		.byte	2
 463 01b2 35       		.byte	53
 464 01b3 01       		.byte	1
 465 01b4 36       		.byte	54
 466 01b5 01       		.byte	1
 467 01b6 3E       		.byte	62
 468 01b7 04       		.byte	4
 469 01b8 40       		.byte	64
 470 01b9 60       		.byte	96
 471 01ba 41       		.byte	65
 472 01bb 05       		.byte	5
 473 01bc 49       		.byte	73
 474 01bd FF       		.byte	-1
 475 01be 4A       		.byte	74
 476 01bf FF       		.byte	-1
 477 01c0 4B       		.byte	75
 478 01c1 FF       		.byte	-1
 479 01c2 4D       		.byte	77
 480 01c3 A0       		.byte	-96
 481 01c4 4F       		.byte	79
 482 01c5 04       		.byte	4
 483 01c6 50       		.byte	80
 484 01c7 18       		.byte	24
 485 01c8 54       		.byte	84
 486 01c9 01       		.byte	1
 487 01ca 58       		.byte	88
 488 01cb 04       		.byte	4
 489 01cc 59       		.byte	89
 490 01cd 04       		.byte	4
 491 01ce 5A       		.byte	90
 492 01cf 04       		.byte	4
 493 01d0 5B       		.byte	91
 494 01d1 04       		.byte	4
 495 01d2 5C       		.byte	92
 496 01d3 41       		.byte	65
 497 01d4 5D       		.byte	93
 498 01d5 21       		.byte	33
 499 01d6 5F       		.byte	95
 500 01d7 01       		.byte	1
 501 01d8 60       		.byte	96
 502 01d9 40       		.byte	64
 503 01da 62       		.byte	98
 504 01db C0       		.byte	-64
 505 01dc 64       		.byte	100
 506 01dd 40       		.byte	64
 507 01de 65       		.byte	101
 508 01df 40       		.byte	64
 509 01e0 66       		.byte	102
 510 01e1 C0       		.byte	-64
 511 01e2 68       		.byte	104
 512 01e3 C0       		.byte	-64
 513 01e4 6A       		.byte	106
ARM GAS  C:\Users\MIGUEL\AppData\Local\Temp\ccH6wgIk.s 			page 10


 514 01e5 C0       		.byte	-64
 515 01e6 6C       		.byte	108
 516 01e7 C0       		.byte	-64
 517 01e8 6E       		.byte	110
 518 01e9 C0       		.byte	-64
 519 01ea 8A       		.byte	-118
 520 01eb 01       		.byte	1
 521 01ec 92       		.byte	-110
 522 01ed 01       		.byte	1
 523 01ee 96       		.byte	-106
 524 01ef 02       		.byte	2
 525 01f0 A1       		.byte	-95
 526 01f1 01       		.byte	1
 527 01f2 AB       		.byte	-85
 528 01f3 01       		.byte	1
 529 01f4 B1       		.byte	-79
 530 01f5 01       		.byte	1
 531 01f6 B4       		.byte	-76
 532 01f7 01       		.byte	1
 533 01f8 B6       		.byte	-74
 534 01f9 02       		.byte	2
 535 01fa BE       		.byte	-66
 536 01fb 10       		.byte	16
 537 01fc C0       		.byte	-64
 538 01fd 60       		.byte	96
 539 01fe C1       		.byte	-63
 540 01ff 05       		.byte	5
 541 0200 C5       		.byte	-59
 542 0201 D0       		.byte	-48
 543 0202 C7       		.byte	-57
 544 0203 21       		.byte	33
 545 0204 C8       		.byte	-56
 546 0205 32       		.byte	50
 547 0206 C9       		.byte	-55
 548 0207 FF       		.byte	-1
 549 0208 CA       		.byte	-54
 550 0209 FF       		.byte	-1
 551 020a CB       		.byte	-53
 552 020b FF       		.byte	-1
 553 020c CD       		.byte	-51
 554 020d AF       		.byte	-81
 555 020e CE       		.byte	-50
 556 020f 0F       		.byte	15
 557 0210 CF       		.byte	-49
 558 0211 04       		.byte	4
 559 0212 D0       		.byte	-48
 560 0213 18       		.byte	24
 561 0214 D4       		.byte	-44
 562 0215 05       		.byte	5
 563 0216 D8       		.byte	-40
 564 0217 04       		.byte	4
 565 0218 D9       		.byte	-39
 566 0219 04       		.byte	4
 567 021a DA       		.byte	-38
 568 021b 04       		.byte	4
 569 021c DB       		.byte	-37
 570 021d 04       		.byte	4
ARM GAS  C:\Users\MIGUEL\AppData\Local\Temp\ccH6wgIk.s 			page 11


 571 021e DC       		.byte	-36
 572 021f 11       		.byte	17
 573 0220 DD       		.byte	-35
 574 0221 11       		.byte	17
 575 0222 DF       		.byte	-33
 576 0223 01       		.byte	1
 577 0224 E0       		.byte	-32
 578 0225 40       		.byte	64
 579 0226 E2       		.byte	-30
 580 0227 C0       		.byte	-64
 581 0228 E4       		.byte	-28
 582 0229 40       		.byte	64
 583 022a E5       		.byte	-27
 584 022b 40       		.byte	64
 585 022c E6       		.byte	-26
 586 022d C0       		.byte	-64
 587 022e E8       		.byte	-24
 588 022f C0       		.byte	-64
 589 0230 EA       		.byte	-22
 590 0231 C0       		.byte	-64
 591 0232 EC       		.byte	-20
 592 0233 C0       		.byte	-64
 593 0234 EE       		.byte	-18
 594 0235 C0       		.byte	-64
 595 0236 01       		.byte	1
 596 0237 20       		.byte	32
 597 0238 05       		.byte	5
 598 0239 20       		.byte	32
 599 023a 08       		.byte	8
 600 023b 01       		.byte	1
 601 023c 0A       		.byte	10
 602 023d 40       		.byte	64
 603 023e 0C       		.byte	12
 604 023f 0A       		.byte	10
 605 0240 10       		.byte	16
 606 0241 08       		.byte	8
 607 0242 18       		.byte	24
 608 0243 01       		.byte	1
 609 0244 19       		.byte	25
 610 0245 04       		.byte	4
 611 0246 1E       		.byte	30
 612 0247 08       		.byte	8
 613 0248 1F       		.byte	31
 614 0249 40       		.byte	64
 615 024a 20       		.byte	32
 616 024b 04       		.byte	4
 617 024c 27       		.byte	39
 618 024d 80       		.byte	-128
 619 024e 2C       		.byte	44
 620 024f 08       		.byte	8
 621 0250 2F       		.byte	47
 622 0251 40       		.byte	64
 623 0252 39       		.byte	57
 624 0253 10       		.byte	16
 625 0254 48       		.byte	72
 626 0255 02       		.byte	2
 627 0256 49       		.byte	73
ARM GAS  C:\Users\MIGUEL\AppData\Local\Temp\ccH6wgIk.s 			page 12


 628 0257 20       		.byte	32
 629 0258 4C       		.byte	76
 630 0259 02       		.byte	2
 631 025a 4D       		.byte	77
 632 025b 21       		.byte	33
 633 025c 54       		.byte	84
 634 025d 0A       		.byte	10
 635 025e 58       		.byte	88
 636 025f 81       		.byte	-127
 637 0260 59       		.byte	89
 638 0261 04       		.byte	4
 639 0262 5B       		.byte	91
 640 0263 20       		.byte	32
 641 0264 5D       		.byte	93
 642 0265 01       		.byte	1
 643 0266 5E       		.byte	94
 644 0267 08       		.byte	8
 645 0268 5F       		.byte	95
 646 0269 80       		.byte	-128
 647 026a 68       		.byte	104
 648 026b 44       		.byte	68
 649 026c 6B       		.byte	107
 650 026d 11       		.byte	17
 651 026e 6C       		.byte	108
 652 026f A0       		.byte	-96
 653 0270 6F       		.byte	111
 654 0271 0A       		.byte	10
 655 0272 75       		.byte	117
 656 0273 10       		.byte	16
 657 0274 76       		.byte	118
 658 0275 22       		.byte	34
 659 0276 81       		.byte	-127
 660 0277 20       		.byte	32
 661 0278 82       		.byte	-126
 662 0279 22       		.byte	34
 663 027a 83       		.byte	-125
 664 027b 20       		.byte	32
 665 027c 88       		.byte	-120
 666 027d A0       		.byte	-96
 667 027e 8C       		.byte	-116
 668 027f 01       		.byte	1
 669 0280 8D       		.byte	-115
 670 0281 10       		.byte	16
 671 0282 8F       		.byte	-113
 672 0283 0A       		.byte	10
 673 0284 91       		.byte	-111
 674 0285 10       		.byte	16
 675 0286 92       		.byte	-110
 676 0287 40       		.byte	64
 677 0288 94       		.byte	-108
 678 0289 04       		.byte	4
 679 028a 98       		.byte	-104
 680 028b 80       		.byte	-128
 681 028c 9F       		.byte	-97
 682 028d 11       		.byte	17
 683 028e A4       		.byte	-92
 684 028f 44       		.byte	68
ARM GAS  C:\Users\MIGUEL\AppData\Local\Temp\ccH6wgIk.s 			page 13


 685 0290 A8       		.byte	-88
 686 0291 80       		.byte	-128
 687 0292 AC       		.byte	-84
 688 0293 40       		.byte	64
 689 0294 B6       		.byte	-74
 690 0295 40       		.byte	64
 691 0296 C0       		.byte	-64
 692 0297 42       		.byte	66
 693 0298 C2       		.byte	-62
 694 0299 38       		.byte	56
 695 029a C4       		.byte	-60
 696 029b 02       		.byte	2
 697 029c CA       		.byte	-54
 698 029d A0       		.byte	-96
 699 029e CE       		.byte	-50
 700 029f 04       		.byte	4
 701 02a0 D2       		.byte	-46
 702 02a1 3C       		.byte	60
 703 02a2 D6       		.byte	-42
 704 02a3 DF       		.byte	-33
 705 02a4 E2       		.byte	-30
 706 02a5 51       		.byte	81
 707 02a6 E4       		.byte	-28
 708 02a7 08       		.byte	8
 709 02a8 E6       		.byte	-26
 710 02a9 E1       		.byte	-31
 711 02aa EE       		.byte	-18
 712 02ab 09       		.byte	9
 713 02ac 88       		.byte	-120
 714 02ad 04       		.byte	4
 715 02ae 8B       		.byte	-117
 716 02af 01       		.byte	1
 717 02b0 91       		.byte	-111
 718 02b1 10       		.byte	16
 719 02b2 94       		.byte	-108
 720 02b3 04       		.byte	4
 721 02b4 9F       		.byte	-97
 722 02b5 10       		.byte	16
 723 02b6 E0       		.byte	-32
 724 02b7 02       		.byte	2
 725 02b8 E2       		.byte	-30
 726 02b9 28       		.byte	40
 727 02ba E6       		.byte	-26
 728 02bb 20       		.byte	32
 729 02bc EC       		.byte	-20
 730 02bd 02       		.byte	2
 731 02be 01       		.byte	1
 732 02bf 44       		.byte	68
 733 02c0 04       		.byte	4
 734 02c1 04       		.byte	4
 735 02c2 05       		.byte	5
 736 02c3 C0       		.byte	-64
 737 02c4 08       		.byte	8
 738 02c5 02       		.byte	2
 739 02c6 09       		.byte	9
 740 02c7 80       		.byte	-128
 741 02c8 0C       		.byte	12
ARM GAS  C:\Users\MIGUEL\AppData\Local\Temp\ccH6wgIk.s 			page 14


 742 02c9 04       		.byte	4
 743 02ca 0D       		.byte	13
 744 02cb 10       		.byte	16
 745 02cc 10       		.byte	16
 746 02cd 02       		.byte	2
 747 02ce 11       		.byte	17
 748 02cf 3C       		.byte	60
 749 02d0 13       		.byte	19
 750 02d1 C2       		.byte	-62
 751 02d2 15       		.byte	21
 752 02d3 E7       		.byte	-25
 753 02d4 16       		.byte	22
 754 02d5 04       		.byte	4
 755 02d6 17       		.byte	23
 756 02d7 18       		.byte	24
 757 02d8 18       		.byte	24
 758 02d9 02       		.byte	2
 759 02da 19       		.byte	25
 760 02db 18       		.byte	24
 761 02dc 1E       		.byte	30
 762 02dd 04       		.byte	4
 763 02de 1F       		.byte	31
 764 02df E3       		.byte	-29
 765 02e0 20       		.byte	32
 766 02e1 02       		.byte	2
 767 02e2 21       		.byte	33
 768 02e3 FF       		.byte	-1
 769 02e4 25       		.byte	37
 770 02e5 1C       		.byte	28
 771 02e6 26       		.byte	38
 772 02e7 04       		.byte	4
 773 02e8 27       		.byte	39
 774 02e9 E1       		.byte	-31
 775 02ea 29       		.byte	41
 776 02eb 08       		.byte	8
 777 02ec 2A       		.byte	42
 778 02ed 01       		.byte	1
 779 02ee 2F       		.byte	47
 780 02ef 04       		.byte	4
 781 02f0 30       		.byte	48
 782 02f1 02       		.byte	2
 783 02f2 31       		.byte	49
 784 02f3 1F       		.byte	31
 785 02f4 32       		.byte	50
 786 02f5 04       		.byte	4
 787 02f6 33       		.byte	51
 788 02f7 C0       		.byte	-64
 789 02f8 34       		.byte	52
 790 02f9 01       		.byte	1
 791 02fa 35       		.byte	53
 792 02fb 38       		.byte	56
 793 02fc 3B       		.byte	59
 794 02fd 02       		.byte	2
 795 02fe 3E       		.byte	62
 796 02ff 05       		.byte	5
 797 0300 40       		.byte	64
 798 0301 43       		.byte	67
ARM GAS  C:\Users\MIGUEL\AppData\Local\Temp\ccH6wgIk.s 			page 15


 799 0302 41       		.byte	65
 800 0303 06       		.byte	6
 801 0304 46       		.byte	70
 802 0305 B0       		.byte	-80
 803 0306 47       		.byte	71
 804 0307 EC       		.byte	-20
 805 0308 48       		.byte	72
 806 0309 38       		.byte	56
 807 030a 49       		.byte	73
 808 030b FF       		.byte	-1
 809 030c 4A       		.byte	74
 810 030d FF       		.byte	-1
 811 030e 4B       		.byte	75
 812 030f FF       		.byte	-1
 813 0310 4E       		.byte	78
 814 0311 F0       		.byte	-16
 815 0312 4F       		.byte	79
 816 0313 44       		.byte	68
 817 0314 50       		.byte	80
 818 0315 0C       		.byte	12
 819 0316 56       		.byte	86
 820 0317 02       		.byte	2
 821 0318 57       		.byte	87
 822 0319 10       		.byte	16
 823 031a 58       		.byte	88
 824 031b 04       		.byte	4
 825 031c 59       		.byte	89
 826 031d 04       		.byte	4
 827 031e 5A       		.byte	90
 828 031f 04       		.byte	4
 829 0320 5B       		.byte	91
 830 0321 04       		.byte	4
 831 0322 5C       		.byte	92
 832 0323 24       		.byte	36
 833 0324 5D       		.byte	93
 834 0325 22       		.byte	34
 835 0326 5F       		.byte	95
 836 0327 01       		.byte	1
 837 0328 66       		.byte	102
 838 0329 C0       		.byte	-64
 839 032a 6A       		.byte	106
 840 032b 40       		.byte	64
 841 032c 6B       		.byte	107
 842 032d 02       		.byte	2
 843 032e 83       		.byte	-125
 844 032f 0C       		.byte	12
 845 0330 85       		.byte	-123
 846 0331 01       		.byte	1
 847 0332 87       		.byte	-121
 848 0333 0E       		.byte	14
 849 0334 91       		.byte	-111
 850 0335 01       		.byte	1
 851 0336 93       		.byte	-109
 852 0337 06       		.byte	6
 853 0338 97       		.byte	-105
 854 0339 08       		.byte	8
 855 033a 9D       		.byte	-99
ARM GAS  C:\Users\MIGUEL\AppData\Local\Temp\ccH6wgIk.s 			page 16


 856 033b 0C       		.byte	12
 857 033c 9F       		.byte	-97
 858 033d 03       		.byte	3
 859 033e A7       		.byte	-89
 860 033f 03       		.byte	3
 861 0340 B7       		.byte	-73
 862 0341 0F       		.byte	15
 863 0342 BB       		.byte	-69
 864 0343 80       		.byte	-128
 865 0344 BF       		.byte	-65
 866 0345 04       		.byte	4
 867 0346 D2       		.byte	-46
 868 0347 80       		.byte	-128
 869 0348 D9       		.byte	-39
 870 0349 04       		.byte	4
 871 034a DB       		.byte	-37
 872 034b 04       		.byte	4
 873 034c DC       		.byte	-36
 874 034d 20       		.byte	32
 875 034e DD       		.byte	-35
 876 034f 10       		.byte	16
 877 0350 DF       		.byte	-33
 878 0351 01       		.byte	1
 879 0352 04       		.byte	4
 880 0353 88       		.byte	-120
 881 0354 05       		.byte	5
 882 0355 04       		.byte	4
 883 0356 06       		.byte	6
 884 0357 04       		.byte	4
 885 0358 07       		.byte	7
 886 0359 05       		.byte	5
 887 035a 0D       		.byte	13
 888 035b 8A       		.byte	-118
 889 035c 0E       		.byte	14
 890 035d 04       		.byte	4
 891 035e 14       		.byte	20
 892 035f 20       		.byte	32
 893 0360 15       		.byte	21
 894 0361 23       		.byte	35
 895 0362 1E       		.byte	30
 896 0363 40       		.byte	64
 897 0364 1F       		.byte	31
 898 0365 28       		.byte	40
 899 0366 21       		.byte	33
 900 0367 84       		.byte	-124
 901 0368 22       		.byte	34
 902 0369 80       		.byte	-128
 903 036a 24       		.byte	36
 904 036b 10       		.byte	16
 905 036c 25       		.byte	37
 906 036d 12       		.byte	18
 907 036e 26       		.byte	38
 908 036f 01       		.byte	1
 909 0370 28       		.byte	40
 910 0371 20       		.byte	32
 911 0372 2D       		.byte	45
 912 0373 21       		.byte	33
ARM GAS  C:\Users\MIGUEL\AppData\Local\Temp\ccH6wgIk.s 			page 17


 913 0374 2E       		.byte	46
 914 0375 04       		.byte	4
 915 0376 2F       		.byte	47
 916 0377 01       		.byte	1
 917 0378 30       		.byte	48
 918 0379 08       		.byte	8
 919 037a 31       		.byte	49
 920 037b 80       		.byte	-128
 921 037c 33       		.byte	51
 922 037d 01       		.byte	1
 923 037e 34       		.byte	52
 924 037f 80       		.byte	-128
 925 0380 36       		.byte	54
 926 0381 01       		.byte	1
 927 0382 37       		.byte	55
 928 0383 14       		.byte	20
 929 0384 38       		.byte	56
 930 0385 08       		.byte	8
 931 0386 3B       		.byte	59
 932 0387 01       		.byte	1
 933 0388 3C       		.byte	60
 934 0389 84       		.byte	-124
 935 038a 3E       		.byte	62
 936 038b 12       		.byte	18
 937 038c 44       		.byte	68
 938 038d 20       		.byte	32
 939 038e 47       		.byte	71
 940 038f 01       		.byte	1
 941 0390 4C       		.byte	76
 942 0391 04       		.byte	4
 943 0392 55       		.byte	85
 944 0393 08       		.byte	8
 945 0394 56       		.byte	86
 946 0395 11       		.byte	17
 947 0396 5E       		.byte	94
 948 0397 40       		.byte	64
 949 0398 6D       		.byte	109
 950 0399 50       		.byte	80
 951 039a 6E       		.byte	110
 952 039b 08       		.byte	8
 953 039c 71       		.byte	113
 954 039d 01       		.byte	1
 955 039e 74       		.byte	116
 956 039f 40       		.byte	64
 957 03a0 75       		.byte	117
 958 03a1 60       		.byte	96
 959 03a2 76       		.byte	118
 960 03a3 20       		.byte	32
 961 03a4 77       		.byte	119
 962 03a5 10       		.byte	16
 963 03a6 85       		.byte	-123
 964 03a7 14       		.byte	20
 965 03a8 8C       		.byte	-116
 966 03a9 12       		.byte	18
 967 03aa 91       		.byte	-111
 968 03ab 02       		.byte	2
 969 03ac 92       		.byte	-110
ARM GAS  C:\Users\MIGUEL\AppData\Local\Temp\ccH6wgIk.s 			page 18


 970 03ad 06       		.byte	6
 971 03ae 93       		.byte	-109
 972 03af 01       		.byte	1
 973 03b0 94       		.byte	-108
 974 03b1 04       		.byte	4
 975 03b2 96       		.byte	-106
 976 03b3 10       		.byte	16
 977 03b4 99       		.byte	-103
 978 03b5 04       		.byte	4
 979 03b6 9B       		.byte	-101
 980 03b7 04       		.byte	4
 981 03b8 9C       		.byte	-100
 982 03b9 2A       		.byte	42
 983 03ba 9D       		.byte	-99
 984 03bb 60       		.byte	96
 985 03bc 9E       		.byte	-98
 986 03bd E2       		.byte	-30
 987 03be 9F       		.byte	-97
 988 03bf 01       		.byte	1
 989 03c0 A4       		.byte	-92
 990 03c1 09       		.byte	9
 991 03c2 A6       		.byte	-90
 992 03c3 81       		.byte	-127
 993 03c4 AF       		.byte	-81
 994 03c5 10       		.byte	16
 995 03c6 C0       		.byte	-64
 996 03c7 E0       		.byte	-32
 997 03c8 C2       		.byte	-62
 998 03c9 F0       		.byte	-16
 999 03ca C4       		.byte	-60
 1000 03cb 70       		.byte	112
 1001 03cc CA       		.byte	-54
 1002 03cd F2       		.byte	-14
 1003 03ce CC       		.byte	-52
 1004 03cf FB       		.byte	-5
 1005 03d0 CE       		.byte	-50
 1006 03d1 F3       		.byte	-13
 1007 03d2 D0       		.byte	-48
 1008 03d3 C0       		.byte	-64
 1009 03d4 D2       		.byte	-46
 1010 03d5 20       		.byte	32
 1011 03d6 D6       		.byte	-42
 1012 03d7 10       		.byte	16
 1013 03d8 00       		.byte	0
 1014 03d9 0A       		.byte	10
 1015 03da 01       		.byte	1
 1016 03db 09       		.byte	9
 1017 03dc 02       		.byte	2
 1018 03dd 04       		.byte	4
 1019 03de 03       		.byte	3
 1020 03df 10       		.byte	16
 1021 03e0 05       		.byte	5
 1022 03e1 10       		.byte	16
 1023 03e2 09       		.byte	9
 1024 03e3 14       		.byte	20
 1025 03e4 0C       		.byte	12
 1026 03e5 03       		.byte	3
ARM GAS  C:\Users\MIGUEL\AppData\Local\Temp\ccH6wgIk.s 			page 19


 1027 03e6 0D       		.byte	13
 1028 03e7 20       		.byte	32
 1029 03e8 0E       		.byte	14
 1030 03e9 0C       		.byte	12
 1031 03ea 10       		.byte	16
 1032 03eb 10       		.byte	16
 1033 03ec 13       		.byte	19
 1034 03ed 03       		.byte	3
 1035 03ee 14       		.byte	20
 1036 03ef 03       		.byte	3
 1037 03f0 15       		.byte	21
 1038 03f1 0C       		.byte	12
 1039 03f2 16       		.byte	22
 1040 03f3 04       		.byte	4
 1041 03f4 17       		.byte	23
 1042 03f5 11       		.byte	17
 1043 03f6 19       		.byte	25
 1044 03f7 20       		.byte	32
 1045 03f8 1D       		.byte	29
 1046 03f9 1C       		.byte	28
 1047 03fa 1F       		.byte	31
 1048 03fb 02       		.byte	2
 1049 03fc 22       		.byte	34
 1050 03fd 08       		.byte	8
 1051 03fe 25       		.byte	37
 1052 03ff 20       		.byte	32
 1053 0400 26       		.byte	38
 1054 0401 05       		.byte	5
 1055 0402 28       		.byte	40
 1056 0403 03       		.byte	3
 1057 0404 2A       		.byte	42
 1058 0405 04       		.byte	4
 1059 0406 2D       		.byte	45
 1060 0407 10       		.byte	16
 1061 0408 2F       		.byte	47
 1062 0409 0C       		.byte	12
 1063 040a 30       		.byte	48
 1064 040b 0F       		.byte	15
 1065 040c 31       		.byte	49
 1066 040d 1F       		.byte	31
 1067 040e 32       		.byte	50
 1068 040f 10       		.byte	16
 1069 0410 37       		.byte	55
 1070 0411 20       		.byte	32
 1071 0412 3A       		.byte	58
 1072 0413 02       		.byte	2
 1073 0414 3E       		.byte	62
 1074 0415 04       		.byte	4
 1075 0416 40       		.byte	64
 1076 0417 02       		.byte	2
 1077 0418 47       		.byte	71
 1078 0419 04       		.byte	4
 1079 041a 49       		.byte	73
 1080 041b FF       		.byte	-1
 1081 041c 4A       		.byte	74
 1082 041d 07       		.byte	7
 1083 041e 4B       		.byte	75
ARM GAS  C:\Users\MIGUEL\AppData\Local\Temp\ccH6wgIk.s 			page 20


 1084 041f FF       		.byte	-1
 1085 0420 4C       		.byte	76
 1086 0421 40       		.byte	64
 1087 0422 4D       		.byte	77
 1088 0423 20       		.byte	32
 1089 0424 4E       		.byte	78
 1090 0425 F0       		.byte	-16
 1091 0426 4F       		.byte	79
 1092 0427 05       		.byte	5
 1093 0428 50       		.byte	80
 1094 0429 08       		.byte	8
 1095 042a 58       		.byte	88
 1096 042b 04       		.byte	4
 1097 042c 59       		.byte	89
 1098 042d 04       		.byte	4
 1099 042e 5A       		.byte	90
 1100 042f 04       		.byte	4
 1101 0430 5C       		.byte	92
 1102 0431 22       		.byte	34
 1103 0432 5D       		.byte	93
 1104 0433 02       		.byte	2
 1105 0434 5F       		.byte	95
 1106 0435 01       		.byte	1
 1107 0436 60       		.byte	96
 1108 0437 40       		.byte	64
 1109 0438 61       		.byte	97
 1110 0439 A8       		.byte	-88
 1111 043a 62       		.byte	98
 1112 043b 40       		.byte	64
 1113 043c 63       		.byte	99
 1114 043d 20       		.byte	32
 1115 043e 87       		.byte	-121
 1116 043f 08       		.byte	8
 1117 0440 88       		.byte	-120
 1118 0441 08       		.byte	8
 1119 0442 8A       		.byte	-118
 1120 0443 32       		.byte	50
 1121 0444 8B       		.byte	-117
 1122 0445 08       		.byte	8
 1123 0446 93       		.byte	-109
 1124 0447 01       		.byte	1
 1125 0448 94       		.byte	-108
 1126 0449 A0       		.byte	-96
 1127 044a 95       		.byte	-107
 1128 044b 06       		.byte	6
 1129 044c 96       		.byte	-106
 1130 044d 4C       		.byte	76
 1131 044e 98       		.byte	-104
 1132 044f F8       		.byte	-8
 1133 0450 9D       		.byte	-99
 1134 0451 04       		.byte	4
 1135 0452 A8       		.byte	-88
 1136 0453 F8       		.byte	-8
 1137 0454 AB       		.byte	-85
 1138 0455 02       		.byte	2
 1139 0456 AC       		.byte	-84
 1140 0457 50       		.byte	80
ARM GAS  C:\Users\MIGUEL\AppData\Local\Temp\ccH6wgIk.s 			page 21


 1141 0458 AD       		.byte	-83
 1142 0459 06       		.byte	6
 1143 045a AE       		.byte	-82
 1144 045b 8D       		.byte	-115
 1145 045c B0       		.byte	-80
 1146 045d 01       		.byte	1
 1147 045e B2       		.byte	-78
 1148 045f C0       		.byte	-64
 1149 0460 B3       		.byte	-77
 1150 0461 06       		.byte	6
 1151 0462 B4       		.byte	-76
 1152 0463 38       		.byte	56
 1153 0464 B5       		.byte	-75
 1154 0465 01       		.byte	1
 1155 0466 B6       		.byte	-74
 1156 0467 06       		.byte	6
 1157 0468 B7       		.byte	-73
 1158 0469 08       		.byte	8
 1159 046a B9       		.byte	-71
 1160 046b 08       		.byte	8
 1161 046c BE       		.byte	-66
 1162 046d 40       		.byte	64
 1163 046e BF       		.byte	-65
 1164 046f 44       		.byte	68
 1165 0470 C0       		.byte	-64
 1166 0471 24       		.byte	36
 1167 0472 C1       		.byte	-63
 1168 0473 05       		.byte	5
 1169 0474 C2       		.byte	-62
 1170 0475 06       		.byte	6
 1171 0476 C4       		.byte	-60
 1172 0477 01       		.byte	1
 1173 0478 C5       		.byte	-59
 1174 0479 0C       		.byte	12
 1175 047a C6       		.byte	-58
 1176 047b 0E       		.byte	14
 1177 047c C8       		.byte	-56
 1178 047d 05       		.byte	5
 1179 047e C9       		.byte	-55
 1180 047f FF       		.byte	-1
 1181 0480 CA       		.byte	-54
 1182 0481 FF       		.byte	-1
 1183 0482 CB       		.byte	-53
 1184 0483 FF       		.byte	-1
 1185 0484 CC       		.byte	-52
 1186 0485 62       		.byte	98
 1187 0486 CD       		.byte	-51
 1188 0487 A0       		.byte	-96
 1189 0488 CE       		.byte	-50
 1190 0489 F0       		.byte	-16
 1191 048a CF       		.byte	-49
 1192 048b 41       		.byte	65
 1193 048c D0       		.byte	-48
 1194 048d 0C       		.byte	12
 1195 048e D8       		.byte	-40
 1196 048f 04       		.byte	4
 1197 0490 D9       		.byte	-39
ARM GAS  C:\Users\MIGUEL\AppData\Local\Temp\ccH6wgIk.s 			page 22


 1198 0491 04       		.byte	4
 1199 0492 DA       		.byte	-38
 1200 0493 04       		.byte	4
 1201 0494 DC       		.byte	-36
 1202 0495 12       		.byte	18
 1203 0496 DD       		.byte	-35
 1204 0497 02       		.byte	2
 1205 0498 DF       		.byte	-33
 1206 0499 01       		.byte	1
 1207 049a E6       		.byte	-26
 1208 049b 40       		.byte	64
 1209 049c E7       		.byte	-25
 1210 049d 02       		.byte	2
 1211 049e E9       		.byte	-23
 1212 049f 10       		.byte	16
 1213 04a0 EA       		.byte	-22
 1214 04a1 30       		.byte	48
 1215 04a2 EB       		.byte	-21
 1216 04a3 10       		.byte	16
 1217 04a4 ED       		.byte	-19
 1218 04a5 10       		.byte	16
 1219 04a6 EE       		.byte	-18
 1220 04a7 10       		.byte	16
 1221 04a8 EF       		.byte	-17
 1222 04a9 12       		.byte	18
 1223 04aa 02       		.byte	2
 1224 04ab 80       		.byte	-128
 1225 04ac 03       		.byte	3
 1226 04ad 02       		.byte	2
 1227 04ae 05       		.byte	5
 1228 04af 10       		.byte	16
 1229 04b0 09       		.byte	9
 1230 04b1 0A       		.byte	10
 1231 04b2 0C       		.byte	12
 1232 04b3 10       		.byte	16
 1233 04b4 0E       		.byte	14
 1234 04b5 18       		.byte	24
 1235 04b6 10       		.byte	16
 1236 04b7 24       		.byte	36
 1237 04b8 13       		.byte	19
 1238 04b9 01       		.byte	1
 1239 04ba 15       		.byte	21
 1240 04bb 10       		.byte	16
 1241 04bc 16       		.byte	22
 1242 04bd 4A       		.byte	74
 1243 04be 17       		.byte	23
 1244 04bf 01       		.byte	1
 1245 04c0 18       		.byte	24
 1246 04c1 80       		.byte	-128
 1247 04c2 1B       		.byte	27
 1248 04c3 0A       		.byte	10
 1249 04c4 1C       		.byte	28
 1250 04c5 04       		.byte	4
 1251 04c6 1D       		.byte	29
 1252 04c7 90       		.byte	-112
 1253 04c8 1E       		.byte	30
 1254 04c9 10       		.byte	16
ARM GAS  C:\Users\MIGUEL\AppData\Local\Temp\ccH6wgIk.s 			page 23


 1255 04ca 1F       		.byte	31
 1256 04cb 01       		.byte	1
 1257 04cc 20       		.byte	32
 1258 04cd 02       		.byte	2
 1259 04ce 21       		.byte	33
 1260 04cf 02       		.byte	2
 1261 04d0 23       		.byte	35
 1262 04d1 02       		.byte	2
 1263 04d2 26       		.byte	38
 1264 04d3 20       		.byte	32
 1265 04d4 27       		.byte	39
 1266 04d5 11       		.byte	17
 1267 04d6 2A       		.byte	42
 1268 04d7 08       		.byte	8
 1269 04d8 2B       		.byte	43
 1270 04d9 02       		.byte	2
 1271 04da 2F       		.byte	47
 1272 04db 06       		.byte	6
 1273 04dc 30       		.byte	48
 1274 04dd 10       		.byte	16
 1275 04de 31       		.byte	49
 1276 04df 06       		.byte	6
 1277 04e0 32       		.byte	50
 1278 04e1 80       		.byte	-128
 1279 04e2 34       		.byte	52
 1280 04e3 04       		.byte	4
 1281 04e4 35       		.byte	53
 1282 04e5 05       		.byte	5
 1283 04e6 36       		.byte	54
 1284 04e7 80       		.byte	-128
 1285 04e8 38       		.byte	56
 1286 04e9 08       		.byte	8
 1287 04ea 39       		.byte	57
 1288 04eb 40       		.byte	64
 1289 04ec 3A       		.byte	58
 1290 04ed 10       		.byte	16
 1291 04ee 3B       		.byte	59
 1292 04ef 01       		.byte	1
 1293 04f0 3D       		.byte	61
 1294 04f1 20       		.byte	32
 1295 04f2 3F       		.byte	63
 1296 04f3 18       		.byte	24
 1297 04f4 43       		.byte	67
 1298 04f5 10       		.byte	16
 1299 04f6 44       		.byte	68
 1300 04f7 80       		.byte	-128
 1301 04f8 45       		.byte	69
 1302 04f9 80       		.byte	-128
 1303 04fa 46       		.byte	70
 1304 04fb 04       		.byte	4
 1305 04fc 47       		.byte	71
 1306 04fd 02       		.byte	2
 1307 04fe 48       		.byte	72
 1308 04ff 20       		.byte	32
 1309 0500 4B       		.byte	75
 1310 0501 08       		.byte	8
 1311 0502 4E       		.byte	78
ARM GAS  C:\Users\MIGUEL\AppData\Local\Temp\ccH6wgIk.s 			page 24


 1312 0503 01       		.byte	1
 1313 0504 4F       		.byte	79
 1314 0505 18       		.byte	24
 1315 0506 50       		.byte	80
 1316 0507 0C       		.byte	12
 1317 0508 56       		.byte	86
 1318 0509 80       		.byte	-128
 1319 050a 7C       		.byte	124
 1320 050b 20       		.byte	32
 1321 050c 7F       		.byte	127
 1322 050d 04       		.byte	4
 1323 050e 81       		.byte	-127
 1324 050f 08       		.byte	8
 1325 0510 82       		.byte	-126
 1326 0511 20       		.byte	32
 1327 0512 84       		.byte	-124
 1328 0513 08       		.byte	8
 1329 0514 87       		.byte	-121
 1330 0515 08       		.byte	8
 1331 0516 8A       		.byte	-118
 1332 0517 02       		.byte	2
 1333 0518 91       		.byte	-111
 1334 0519 50       		.byte	80
 1335 051a 92       		.byte	-110
 1336 051b 02       		.byte	2
 1337 051c 93       		.byte	-109
 1338 051d 01       		.byte	1
 1339 051e 94       		.byte	-108
 1340 051f 84       		.byte	-124
 1341 0520 96       		.byte	-106
 1342 0521 10       		.byte	16
 1343 0522 97       		.byte	-105
 1344 0523 02       		.byte	2
 1345 0524 99       		.byte	-103
 1346 0525 05       		.byte	5
 1347 0526 9A       		.byte	-102
 1348 0527 14       		.byte	20
 1349 0528 9C       		.byte	-100
 1350 0529 A8       		.byte	-88
 1351 052a 9E       		.byte	-98
 1352 052b C2       		.byte	-62
 1353 052c A1       		.byte	-95
 1354 052d 18       		.byte	24
 1355 052e A2       		.byte	-94
 1356 052f 84       		.byte	-124
 1357 0530 A4       		.byte	-92
 1358 0531 09       		.byte	9
 1359 0532 AB       		.byte	-85
 1360 0533 08       		.byte	8
 1361 0534 AF       		.byte	-81
 1362 0535 20       		.byte	32
 1363 0536 B6       		.byte	-74
 1364 0537 01       		.byte	1
 1365 0538 C0       		.byte	-64
 1366 0539 49       		.byte	73
 1367 053a C2       		.byte	-62
 1368 053b 6C       		.byte	108
ARM GAS  C:\Users\MIGUEL\AppData\Local\Temp\ccH6wgIk.s 			page 25


 1369 053c C4       		.byte	-60
 1370 053d CE       		.byte	-50
 1371 053e CA       		.byte	-54
 1372 053f 3A       		.byte	58
 1373 0540 CC       		.byte	-52
 1374 0541 DF       		.byte	-33
 1375 0542 CE       		.byte	-50
 1376 0543 6F       		.byte	111
 1377 0544 D0       		.byte	-48
 1378 0545 B4       		.byte	-76
 1379 0546 D2       		.byte	-46
 1380 0547 30       		.byte	48
 1381 0548 E4       		.byte	-28
 1382 0549 12       		.byte	18
 1383 054a EE       		.byte	-18
 1384 054b 40       		.byte	64
 1385 054c 13       		.byte	19
 1386 054d 04       		.byte	4
 1387 054e 15       		.byte	21
 1388 054f 02       		.byte	2
 1389 0550 33       		.byte	51
 1390 0551 28       		.byte	40
 1391 0552 36       		.byte	54
 1392 0553 80       		.byte	-128
 1393 0554 37       		.byte	55
 1394 0555 08       		.byte	8
 1395 0556 3A       		.byte	58
 1396 0557 10       		.byte	16
 1397 0558 3B       		.byte	59
 1398 0559 04       		.byte	4
 1399 055a 3E       		.byte	62
 1400 055b 40       		.byte	64
 1401 055c 8B       		.byte	-117
 1402 055d 08       		.byte	8
 1403 055e C4       		.byte	-60
 1404 055f 30       		.byte	48
 1405 0560 CC       		.byte	-52
 1406 0561 F0       		.byte	-16
 1407 0562 CE       		.byte	-50
 1408 0563 70       		.byte	112
 1409 0564 0B       		.byte	11
 1410 0565 08       		.byte	8
 1411 0566 0D       		.byte	13
 1412 0567 02       		.byte	2
 1413 0568 52       		.byte	82
 1414 0569 20       		.byte	32
 1415 056a 55       		.byte	85
 1416 056b 40       		.byte	64
 1417 056c 59       		.byte	89
 1418 056d 80       		.byte	-128
 1419 056e 5F       		.byte	95
 1420 056f 80       		.byte	-128
 1421 0570 8F       		.byte	-113
 1422 0571 08       		.byte	8
 1423 0572 91       		.byte	-111
 1424 0573 02       		.byte	2
 1425 0574 96       		.byte	-106
ARM GAS  C:\Users\MIGUEL\AppData\Local\Temp\ccH6wgIk.s 			page 26


 1426 0575 40       		.byte	64
 1427 0576 9E       		.byte	-98
 1428 0577 10       		.byte	16
 1429 0578 9F       		.byte	-97
 1430 0579 08       		.byte	8
 1431 057a A6       		.byte	-90
 1432 057b 80       		.byte	-128
 1433 057c A7       		.byte	-89
 1434 057d 20       		.byte	32
 1435 057e C2       		.byte	-62
 1436 057f 60       		.byte	96
 1437 0580 D4       		.byte	-44
 1438 0581 E0       		.byte	-32
 1439 0582 D6       		.byte	-42
 1440 0583 20       		.byte	32
 1441 0584 12       		.byte	18
 1442 0585 10       		.byte	16
 1443 0586 91       		.byte	-111
 1444 0587 02       		.byte	2
 1445 0588 96       		.byte	-106
 1446 0589 40       		.byte	64
 1447 058a 9D       		.byte	-99
 1448 058b 80       		.byte	-128
 1449 058c 9E       		.byte	-98
 1450 058d 10       		.byte	16
 1451 058e 9F       		.byte	-97
 1452 058f 80       		.byte	-128
 1453 0590 A1       		.byte	-95
 1454 0591 02       		.byte	2
 1455 0592 A5       		.byte	-91
 1456 0593 40       		.byte	64
 1457 0594 A6       		.byte	-90
 1458 0595 A0       		.byte	-96
 1459 0596 A7       		.byte	-89
 1460 0597 20       		.byte	32
 1461 0598 AF       		.byte	-81
 1462 0599 04       		.byte	4
 1463 059a C4       		.byte	-60
 1464 059b 10       		.byte	16
 1465 059c EC       		.byte	-20
 1466 059d 10       		.byte	16
 1467 059e 82       		.byte	-126
 1468 059f 40       		.byte	64
 1469 05a0 8D       		.byte	-115
 1470 05a1 80       		.byte	-128
 1471 05a2 91       		.byte	-111
 1472 05a3 02       		.byte	2
 1473 05a4 96       		.byte	-106
 1474 05a5 40       		.byte	64
 1475 05a6 9D       		.byte	-99
 1476 05a7 80       		.byte	-128
 1477 05a8 9F       		.byte	-97
 1478 05a9 80       		.byte	-128
 1479 05aa A1       		.byte	-95
 1480 05ab 02       		.byte	2
 1481 05ac A5       		.byte	-91
 1482 05ad 40       		.byte	64
ARM GAS  C:\Users\MIGUEL\AppData\Local\Temp\ccH6wgIk.s 			page 27


 1483 05ae A6       		.byte	-90
 1484 05af A0       		.byte	-96
 1485 05b0 AB       		.byte	-85
 1486 05b1 20       		.byte	32
 1487 05b2 E2       		.byte	-30
 1488 05b3 20       		.byte	32
 1489 05b4 EE       		.byte	-18
 1490 05b5 20       		.byte	32
 1491 05b6 1B       		.byte	27
 1492 05b7 04       		.byte	4
 1493 05b8 C6       		.byte	-58
 1494 05b9 08       		.byte	8
 1495 05ba AB       		.byte	-85
 1496 05bb 04       		.byte	4
 1497 05bc 67       		.byte	103
 1498 05bd 80       		.byte	-128
 1499 05be 85       		.byte	-123
 1500 05bf 02       		.byte	2
 1501 05c0 87       		.byte	-121
 1502 05c1 40       		.byte	64
 1503 05c2 8A       		.byte	-118
 1504 05c3 20       		.byte	32
 1505 05c4 8B       		.byte	-117
 1506 05c5 80       		.byte	-128
 1507 05c6 9F       		.byte	-97
 1508 05c7 80       		.byte	-128
 1509 05c8 A1       		.byte	-95
 1510 05c9 02       		.byte	2
 1511 05ca A5       		.byte	-91
 1512 05cb 40       		.byte	64
 1513 05cc A6       		.byte	-90
 1514 05cd A0       		.byte	-96
 1515 05ce AD       		.byte	-83
 1516 05cf 01       		.byte	1
 1517 05d0 D8       		.byte	-40
 1518 05d1 80       		.byte	-128
 1519 05d2 E0       		.byte	-32
 1520 05d3 40       		.byte	64
 1521 05d4 E2       		.byte	-30
 1522 05d5 10       		.byte	16
 1523 05d6 EC       		.byte	-20
 1524 05d7 40       		.byte	64
 1525 05d8 1B       		.byte	27
 1526 05d9 20       		.byte	32
 1527 05da 50       		.byte	80
 1528 05db 06       		.byte	6
 1529 05dc 56       		.byte	86
 1530 05dd 20       		.byte	32
 1531 05de 59       		.byte	89
 1532 05df 01       		.byte	1
 1533 05e0 5F       		.byte	95
 1534 05e1 20       		.byte	32
 1535 05e2 66       		.byte	102
 1536 05e3 02       		.byte	2
 1537 05e4 67       		.byte	103
 1538 05e5 02       		.byte	2
 1539 05e6 81       		.byte	-127
ARM GAS  C:\Users\MIGUEL\AppData\Local\Temp\ccH6wgIk.s 			page 28


 1540 05e7 01       		.byte	1
 1541 05e8 83       		.byte	-125
 1542 05e9 01       		.byte	1
 1543 05ea 87       		.byte	-121
 1544 05eb 20       		.byte	32
 1545 05ec 88       		.byte	-120
 1546 05ed 02       		.byte	2
 1547 05ee 8B       		.byte	-117
 1548 05ef 20       		.byte	32
 1549 05f0 8C       		.byte	-116
 1550 05f1 04       		.byte	4
 1551 05f2 8E       		.byte	-114
 1552 05f3 22       		.byte	34
 1553 05f4 AD       		.byte	-83
 1554 05f5 40       		.byte	64
 1555 05f6 AE       		.byte	-82
 1556 05f7 80       		.byte	-128
 1557 05f8 C6       		.byte	-58
 1558 05f9 40       		.byte	64
 1559 05fa D4       		.byte	-44
 1560 05fb E0       		.byte	-32
 1561 05fc D6       		.byte	-42
 1562 05fd E0       		.byte	-32
 1563 05fe D8       		.byte	-40
 1564 05ff 80       		.byte	-128
 1565 0600 E2       		.byte	-30
 1566 0601 20       		.byte	32
 1567 0602 E4       		.byte	-28
 1568 0603 10       		.byte	16
 1569 0604 E6       		.byte	-26
 1570 0605 20       		.byte	32
 1571 0606 EA       		.byte	-22
 1572 0607 40       		.byte	64
 1573 0608 EE       		.byte	-18
 1574 0609 10       		.byte	16
 1575 060a 54       		.byte	84
 1576 060b 20       		.byte	32
 1577 060c D4       		.byte	-44
 1578 060d 02       		.byte	2
 1579 060e 10       		.byte	16
 1580 060f 40       		.byte	64
 1581 0610 74       		.byte	116
 1582 0611 04       		.byte	4
 1583 0612 84       		.byte	-124
 1584 0613 04       		.byte	4
 1585 0614 88       		.byte	-120
 1586 0615 40       		.byte	64
 1587 0616 8C       		.byte	-116
 1588 0617 20       		.byte	32
 1589 0618 A4       		.byte	-92
 1590 0619 20       		.byte	32
 1591 061a C4       		.byte	-60
 1592 061b 08       		.byte	8
 1593 061c DE       		.byte	-34
 1594 061d 04       		.byte	4
 1595 061e E2       		.byte	-30
 1596 061f 01       		.byte	1
ARM GAS  C:\Users\MIGUEL\AppData\Local\Temp\ccH6wgIk.s 			page 29


 1597 0620 E4       		.byte	-28
 1598 0621 08       		.byte	8
 1599 0622 00       		.byte	0
 1600 0623 04       		.byte	4
 1601 0624 0C       		.byte	12
 1602 0625 04       		.byte	4
 1603 0626 10       		.byte	16
 1604 0627 16       		.byte	22
 1605 0628 1A       		.byte	26
 1606 0629 16       		.byte	22
 1607 062a 1C       		.byte	28
 1608 062b 16       		.byte	22
 1609 062c 00       		.byte	0
 1610 062d FF       		.byte	-1
 1611 062e 01       		.byte	1
 1612 062f 02       		.byte	2
 1613 0630 10       		.byte	16
 1614 0631 0A       		.byte	10
 1615 0632 00       		.byte	0
 1616 0633 00       		.byte	0
 1617 0634 80       		.byte	-128
 1618 0635 80       		.byte	-128
 1619 0636 00       		.byte	0
 1620 0637 00       		.byte	0
 1621 0638 40       		.byte	64
 1622 0639 00       		.byte	0
 1623 063a 00       		.byte	0
 1624 063b 00       		.byte	0
 1625 063c 60       		.byte	96
 1626 063d 0F       		.byte	15
 1627 063e 0F       		.byte	15
 1628 063f 00       		.byte	0
 1629 0640 0F       		.byte	15
 1630 0641 00       		.byte	0
 1631 0642 90       		.byte	-112
 1632 0643 00       		.byte	0
 1633 0644 80       		.byte	-128
 1634 0645 00       		.byte	0
 1635 0646 40       		.byte	64
 1636 0647 9F       		.byte	-97
 1637 0648 9F       		.byte	-97
 1638 0649 00       		.byte	0
 1639 064a 80       		.byte	-128
 1640 064b 00       		.byte	0
 1641 064c 00       		.byte	0
 1642 064d 00       		.byte	0
 1643 064e 00       		.byte	0
 1644 064f 00       		.byte	0
 1645 0650 00       		.byte	0
 1646 0651 01       		.byte	1
 1647 0652 01       		.byte	1
 1648 0653 00       		.byte	0
 1649 0654 00       		.byte	0
 1650 0655 00       		.byte	0
 1651 0656 00       		.byte	0
 1652 0657 00       		.byte	0
 1653 0658 00       		.byte	0
ARM GAS  C:\Users\MIGUEL\AppData\Local\Temp\ccH6wgIk.s 			page 30


 1654 0659 0F       		.byte	15
 1655 065a 0F       		.byte	15
 1656 065b 00       		.byte	0
 1657 065c 04       		.byte	4
 1658 065d 00       		.byte	0
 1659 065e 00       		.byte	0
 1660 065f 00       		.byte	0
 1661 0660 00       		.byte	0
 1662 0661 7F       		.byte	127
 1663 0662 7F       		.byte	127
 1664 0663 00       		.byte	0
 1665 0664 00       		.byte	0
 1666 0665 00       		.byte	0
 1667 0666 00       		.byte	0
 1668 0667 00       		.byte	0
 1669 0668 00       		.byte	0
 1670 0669 7F       		.byte	127
 1671 066a 7F       		.byte	127
 1672 066b 00       		.byte	0
 1673 066c 7F       		.byte	127
 1674 066d 00       		.byte	0
 1675 066e 00       		.byte	0
 1676 066f 00       		.byte	0
 1677 0670 01       		.byte	1
 1678 0671 00       		.byte	0
 1679 0672 18       		.byte	24
 1680 0673 01       		.byte	1
 1681 0674 00       		.byte	0
 1682 0675 01       		.byte	1
 1683 0676 00       		.byte	0
 1684 0677 00       		.byte	0
 1685              		.section	.cywolatch,"a",%progbits
 1686              		.align	2
 1687              		.type	cy_meta_wonvl, %object
 1688              		.size	cy_meta_wonvl, 4
 1689              	cy_meta_wonvl:
 1690 0000 BC       		.byte	-68
 1691 0001 90       		.byte	-112
 1692 0002 AC       		.byte	-84
 1693 0003 AF       		.byte	-81
 1694              		.section	.cycustnvl,"a",%progbits
 1695              		.align	2
 1696              		.type	cy_meta_custnvl, %object
 1697              		.size	cy_meta_custnvl, 4
 1698              	cy_meta_custnvl:
 1699 0000 00       		.byte	0
 1700 0001 00       		.byte	0
 1701 0002 40       		.byte	64
 1702 0003 05       		.byte	5
 1703              		.section	.cymeta,"a",%progbits
 1704              		.align	2
 1705              		.type	cy_metadata, %object
 1706              		.size	cy_metadata, 12
 1707              	cy_metadata:
 1708 0000 00       		.byte	0
 1709 0001 01       		.byte	1
 1710 0002 2E       		.byte	46
ARM GAS  C:\Users\MIGUEL\AppData\Local\Temp\ccH6wgIk.s 			page 31


 1711 0003 16       		.byte	22
 1712 0004 10       		.byte	16
 1713 0005 69       		.byte	105
 1714 0006 00       		.byte	0
 1715 0007 01       		.byte	1
 1716 0008 00       		.byte	0
 1717 0009 00       		.byte	0
 1718 000a 00       		.byte	0
 1719 000b 00       		.byte	0
 1720              		.section	.cyflashprotect,"a",%progbits
 1721              		.align	2
 1722              		.type	cy_meta_flashprotect, %object
 1723              		.size	cy_meta_flashprotect, 256
 1724              	cy_meta_flashprotect:
 1725 0000 00000000 		.space	256
 1725      00000000 
 1725      00000000 
 1725      00000000 
 1725      00000000 
 1726              		.text
 1727              	.Letext0:
 1728              		.file 1 "c:\\program files (x86)\\cypress\\psoc creator\\4.4\\psoc creator\\import\\gnu\\arm\\5.4.
 1729              		.file 2 "c:\\program files (x86)\\cypress\\psoc creator\\4.4\\psoc creator\\import\\gnu\\arm\\5.4.
 1730              		.file 3 "Generated_Source\\PSoC5\\cymetadata.c"
 1731              		.section	.debug_info,"",%progbits
 1732              	.Ldebug_info0:
 1733 0000 34010000 		.4byte	0x134
 1734 0004 0400     		.2byte	0x4
 1735 0006 00000000 		.4byte	.Ldebug_abbrev0
 1736 000a 04       		.byte	0x4
 1737 000b 01       		.uleb128 0x1
 1738 000c A2000000 		.4byte	.LASF17
 1739 0010 0C       		.byte	0xc
 1740 0011 FC010000 		.4byte	.LASF18
 1741 0015 0A000000 		.4byte	.LASF19
 1742 0019 00000000 		.4byte	.Ldebug_line0
 1743 001d 02       		.uleb128 0x2
 1744 001e 01       		.byte	0x1
 1745 001f 06       		.byte	0x6
 1746 0020 F0010000 		.4byte	.LASF0
 1747 0024 03       		.uleb128 0x3
 1748 0025 00000000 		.4byte	.LASF9
 1749 0029 01       		.byte	0x1
 1750 002a 1D       		.byte	0x1d
 1751 002b 2F000000 		.4byte	0x2f
 1752 002f 02       		.uleb128 0x2
 1753 0030 01       		.byte	0x1
 1754 0031 08       		.byte	0x8
 1755 0032 94000000 		.4byte	.LASF1
 1756 0036 02       		.uleb128 0x2
 1757 0037 02       		.byte	0x2
 1758 0038 05       		.byte	0x5
 1759 0039 DD010000 		.4byte	.LASF2
 1760 003d 02       		.uleb128 0x2
 1761 003e 02       		.byte	0x2
 1762 003f 07       		.byte	0x7
 1763 0040 42010000 		.4byte	.LASF3
ARM GAS  C:\Users\MIGUEL\AppData\Local\Temp\ccH6wgIk.s 			page 32


 1764 0044 02       		.uleb128 0x2
 1765 0045 04       		.byte	0x4
 1766 0046 05       		.byte	0x5
 1767 0047 E7010000 		.4byte	.LASF4
 1768 004b 02       		.uleb128 0x2
 1769 004c 04       		.byte	0x4
 1770 004d 07       		.byte	0x7
 1771 004e 30010000 		.4byte	.LASF5
 1772 0052 02       		.uleb128 0x2
 1773 0053 08       		.byte	0x8
 1774 0054 05       		.byte	0x5
 1775 0055 CF010000 		.4byte	.LASF6
 1776 0059 02       		.uleb128 0x2
 1777 005a 08       		.byte	0x8
 1778 005b 07       		.byte	0x7
 1779 005c 84010000 		.4byte	.LASF7
 1780 0060 04       		.uleb128 0x4
 1781 0061 04       		.byte	0x4
 1782 0062 05       		.byte	0x5
 1783 0063 696E7400 		.ascii	"int\000"
 1784 0067 02       		.uleb128 0x2
 1785 0068 04       		.byte	0x4
 1786 0069 07       		.byte	0x7
 1787 006a 77010000 		.4byte	.LASF8
 1788 006e 03       		.uleb128 0x3
 1789 006f 9B010000 		.4byte	.LASF10
 1790 0073 02       		.byte	0x2
 1791 0074 18       		.byte	0x18
 1792 0075 24000000 		.4byte	0x24
 1793 0079 05       		.uleb128 0x5
 1794 007a 91000000 		.4byte	0x91
 1795 007e 8A000000 		.4byte	0x8a
 1796 0082 06       		.uleb128 0x6
 1797 0083 8A000000 		.4byte	0x8a
 1798 0087 7706     		.2byte	0x677
 1799 0089 00       		.byte	0
 1800 008a 02       		.uleb128 0x2
 1801 008b 04       		.byte	0x4
 1802 008c 07       		.byte	0x7
 1803 008d C6010000 		.4byte	.LASF11
 1804 0091 07       		.uleb128 0x7
 1805 0092 6E000000 		.4byte	0x6e
 1806 0096 08       		.uleb128 0x8
 1807 0097 65010000 		.4byte	.LASF12
 1808 009b 03       		.byte	0x3
 1809 009c 1F       		.byte	0x1f
 1810 009d A7000000 		.4byte	0xa7
 1811 00a1 05       		.uleb128 0x5
 1812 00a2 03       		.byte	0x3
 1813 00a3 00000000 		.4byte	cy_meta_configecc
 1814 00a7 07       		.uleb128 0x7
 1815 00a8 79000000 		.4byte	0x79
 1816 00ac 05       		.uleb128 0x5
 1817 00ad 91000000 		.4byte	0x91
 1818 00b1 BC000000 		.4byte	0xbc
 1819 00b5 09       		.uleb128 0x9
 1820 00b6 8A000000 		.4byte	0x8a
ARM GAS  C:\Users\MIGUEL\AppData\Local\Temp\ccH6wgIk.s 			page 33


 1821 00ba 03       		.byte	0x3
 1822 00bb 00       		.byte	0
 1823 00bc 08       		.uleb128 0x8
 1824 00bd 55010000 		.4byte	.LASF13
 1825 00c1 03       		.byte	0x3
 1826 00c2 FB       		.byte	0xfb
 1827 00c3 CD000000 		.4byte	0xcd
 1828 00c7 05       		.uleb128 0x5
 1829 00c8 03       		.byte	0x3
 1830 00c9 00000000 		.4byte	cy_meta_custnvl
 1831 00cd 07       		.uleb128 0x7
 1832 00ce AC000000 		.4byte	0xac
 1833 00d2 0A       		.uleb128 0xa
 1834 00d3 B8010000 		.4byte	.LASF14
 1835 00d7 03       		.byte	0x3
 1836 00d8 0901     		.2byte	0x109
 1837 00da E4000000 		.4byte	0xe4
 1838 00de 05       		.uleb128 0x5
 1839 00df 03       		.byte	0x3
 1840 00e0 00000000 		.4byte	cy_meta_wonvl
 1841 00e4 07       		.uleb128 0x7
 1842 00e5 AC000000 		.4byte	0xac
 1843 00e9 05       		.uleb128 0x5
 1844 00ea 91000000 		.4byte	0x91
 1845 00ee F9000000 		.4byte	0xf9
 1846 00f2 09       		.uleb128 0x9
 1847 00f3 8A000000 		.4byte	0x8a
 1848 00f7 FF       		.byte	0xff
 1849 00f8 00       		.byte	0
 1850 00f9 0A       		.uleb128 0xa
 1851 00fa A3010000 		.4byte	.LASF15
 1852 00fe 03       		.byte	0x3
 1853 00ff 1701     		.2byte	0x117
 1854 0101 0B010000 		.4byte	0x10b
 1855 0105 05       		.uleb128 0x5
 1856 0106 03       		.byte	0x3
 1857 0107 00000000 		.4byte	cy_meta_flashprotect
 1858 010b 07       		.uleb128 0x7
 1859 010c E9000000 		.4byte	0xe9
 1860 0110 05       		.uleb128 0x5
 1861 0111 91000000 		.4byte	0x91
 1862 0115 20010000 		.4byte	0x120
 1863 0119 09       		.uleb128 0x9
 1864 011a 8A000000 		.4byte	0x8a
 1865 011e 0B       		.byte	0xb
 1866 011f 00       		.byte	0
 1867 0120 0A       		.uleb128 0xa
 1868 0121 88000000 		.4byte	.LASF16
 1869 0125 03       		.byte	0x3
 1870 0126 4401     		.2byte	0x144
 1871 0128 32010000 		.4byte	0x132
 1872 012c 05       		.uleb128 0x5
 1873 012d 03       		.byte	0x3
 1874 012e 00000000 		.4byte	cy_metadata
 1875 0132 07       		.uleb128 0x7
 1876 0133 10010000 		.4byte	0x110
 1877 0137 00       		.byte	0
ARM GAS  C:\Users\MIGUEL\AppData\Local\Temp\ccH6wgIk.s 			page 34


 1878              		.section	.debug_abbrev,"",%progbits
 1879              	.Ldebug_abbrev0:
 1880 0000 01       		.uleb128 0x1
 1881 0001 11       		.uleb128 0x11
 1882 0002 01       		.byte	0x1
 1883 0003 25       		.uleb128 0x25
 1884 0004 0E       		.uleb128 0xe
 1885 0005 13       		.uleb128 0x13
 1886 0006 0B       		.uleb128 0xb
 1887 0007 03       		.uleb128 0x3
 1888 0008 0E       		.uleb128 0xe
 1889 0009 1B       		.uleb128 0x1b
 1890 000a 0E       		.uleb128 0xe
 1891 000b 10       		.uleb128 0x10
 1892 000c 17       		.uleb128 0x17
 1893 000d 00       		.byte	0
 1894 000e 00       		.byte	0
 1895 000f 02       		.uleb128 0x2
 1896 0010 24       		.uleb128 0x24
 1897 0011 00       		.byte	0
 1898 0012 0B       		.uleb128 0xb
 1899 0013 0B       		.uleb128 0xb
 1900 0014 3E       		.uleb128 0x3e
 1901 0015 0B       		.uleb128 0xb
 1902 0016 03       		.uleb128 0x3
 1903 0017 0E       		.uleb128 0xe
 1904 0018 00       		.byte	0
 1905 0019 00       		.byte	0
 1906 001a 03       		.uleb128 0x3
 1907 001b 16       		.uleb128 0x16
 1908 001c 00       		.byte	0
 1909 001d 03       		.uleb128 0x3
 1910 001e 0E       		.uleb128 0xe
 1911 001f 3A       		.uleb128 0x3a
 1912 0020 0B       		.uleb128 0xb
 1913 0021 3B       		.uleb128 0x3b
 1914 0022 0B       		.uleb128 0xb
 1915 0023 49       		.uleb128 0x49
 1916 0024 13       		.uleb128 0x13
 1917 0025 00       		.byte	0
 1918 0026 00       		.byte	0
 1919 0027 04       		.uleb128 0x4
 1920 0028 24       		.uleb128 0x24
 1921 0029 00       		.byte	0
 1922 002a 0B       		.uleb128 0xb
 1923 002b 0B       		.uleb128 0xb
 1924 002c 3E       		.uleb128 0x3e
 1925 002d 0B       		.uleb128 0xb
 1926 002e 03       		.uleb128 0x3
 1927 002f 08       		.uleb128 0x8
 1928 0030 00       		.byte	0
 1929 0031 00       		.byte	0
 1930 0032 05       		.uleb128 0x5
 1931 0033 01       		.uleb128 0x1
 1932 0034 01       		.byte	0x1
 1933 0035 49       		.uleb128 0x49
 1934 0036 13       		.uleb128 0x13
ARM GAS  C:\Users\MIGUEL\AppData\Local\Temp\ccH6wgIk.s 			page 35


 1935 0037 01       		.uleb128 0x1
 1936 0038 13       		.uleb128 0x13
 1937 0039 00       		.byte	0
 1938 003a 00       		.byte	0
 1939 003b 06       		.uleb128 0x6
 1940 003c 21       		.uleb128 0x21
 1941 003d 00       		.byte	0
 1942 003e 49       		.uleb128 0x49
 1943 003f 13       		.uleb128 0x13
 1944 0040 2F       		.uleb128 0x2f
 1945 0041 05       		.uleb128 0x5
 1946 0042 00       		.byte	0
 1947 0043 00       		.byte	0
 1948 0044 07       		.uleb128 0x7
 1949 0045 26       		.uleb128 0x26
 1950 0046 00       		.byte	0
 1951 0047 49       		.uleb128 0x49
 1952 0048 13       		.uleb128 0x13
 1953 0049 00       		.byte	0
 1954 004a 00       		.byte	0
 1955 004b 08       		.uleb128 0x8
 1956 004c 34       		.uleb128 0x34
 1957 004d 00       		.byte	0
 1958 004e 03       		.uleb128 0x3
 1959 004f 0E       		.uleb128 0xe
 1960 0050 3A       		.uleb128 0x3a
 1961 0051 0B       		.uleb128 0xb
 1962 0052 3B       		.uleb128 0x3b
 1963 0053 0B       		.uleb128 0xb
 1964 0054 49       		.uleb128 0x49
 1965 0055 13       		.uleb128 0x13
 1966 0056 3F       		.uleb128 0x3f
 1967 0057 19       		.uleb128 0x19
 1968 0058 02       		.uleb128 0x2
 1969 0059 18       		.uleb128 0x18
 1970 005a 00       		.byte	0
 1971 005b 00       		.byte	0
 1972 005c 09       		.uleb128 0x9
 1973 005d 21       		.uleb128 0x21
 1974 005e 00       		.byte	0
 1975 005f 49       		.uleb128 0x49
 1976 0060 13       		.uleb128 0x13
 1977 0061 2F       		.uleb128 0x2f
 1978 0062 0B       		.uleb128 0xb
 1979 0063 00       		.byte	0
 1980 0064 00       		.byte	0
 1981 0065 0A       		.uleb128 0xa
 1982 0066 34       		.uleb128 0x34
 1983 0067 00       		.byte	0
 1984 0068 03       		.uleb128 0x3
 1985 0069 0E       		.uleb128 0xe
 1986 006a 3A       		.uleb128 0x3a
 1987 006b 0B       		.uleb128 0xb
 1988 006c 3B       		.uleb128 0x3b
 1989 006d 05       		.uleb128 0x5
 1990 006e 49       		.uleb128 0x49
 1991 006f 13       		.uleb128 0x13
ARM GAS  C:\Users\MIGUEL\AppData\Local\Temp\ccH6wgIk.s 			page 36


 1992 0070 3F       		.uleb128 0x3f
 1993 0071 19       		.uleb128 0x19
 1994 0072 02       		.uleb128 0x2
 1995 0073 18       		.uleb128 0x18
 1996 0074 00       		.byte	0
 1997 0075 00       		.byte	0
 1998 0076 00       		.byte	0
 1999              		.section	.debug_aranges,"",%progbits
 2000 0000 14000000 		.4byte	0x14
 2001 0004 0200     		.2byte	0x2
 2002 0006 00000000 		.4byte	.Ldebug_info0
 2003 000a 04       		.byte	0x4
 2004 000b 00       		.byte	0
 2005 000c 0000     		.2byte	0
 2006 000e 0000     		.2byte	0
 2007 0010 00000000 		.4byte	0
 2008 0014 00000000 		.4byte	0
 2009              		.section	.debug_line,"",%progbits
 2010              	.Ldebug_line0:
 2011 0000 3D010000 		.section	.debug_str,"MS",%progbits,1
 2011      02003701 
 2011      00000201 
 2011      FB0E0D00 
 2011      01010101 
 2012              	.LASF9:
 2013 0000 5F5F7569 		.ascii	"__uint8_t\000"
 2013      6E74385F 
 2013      7400
 2014              	.LASF19:
 2015 000a 443A5C44 		.ascii	"D:\\Documentos\\Universidad\\OneDrive - Universidad"
 2015      6F63756D 
 2015      656E746F 
 2015      735C556E 
 2015      69766572 
 2016 003a 20646520 		.ascii	" de Antioquia\\Trabajos u 2023-1\\Bioinstrumentacio"
 2016      416E7469 
 2016      6F717569 
 2016      615C5472 
 2016      6162616A 
 2017 006b 6E5C4C61 		.ascii	"n\\Labs\\Pf\\Pf\\Desing_pf.cydsn\000"
 2017      62735C50 
 2017      665C5066 
 2017      5C446573 
 2017      696E675F 
 2018              	.LASF16:
 2019 0088 63795F6D 		.ascii	"cy_metadata\000"
 2019      65746164 
 2019      61746100 
 2020              	.LASF1:
 2021 0094 756E7369 		.ascii	"unsigned char\000"
 2021      676E6564 
 2021      20636861 
 2021      7200
 2022              	.LASF17:
 2023 00a2 474E5520 		.ascii	"GNU C11 5.4.1 20160609 (release) [ARM/embedded-5-br"
 2023      43313120 
 2023      352E342E 
ARM GAS  C:\Users\MIGUEL\AppData\Local\Temp\ccH6wgIk.s 			page 37


 2023      31203230 
 2023      31363036 
 2024 00d5 616E6368 		.ascii	"anch revision 237715] -mcpu=cortex-m3 -mthumb -g -O"
 2024      20726576 
 2024      6973696F 
 2024      6E203233 
 2024      37373135 
 2025 0108 67202D66 		.ascii	"g -ffunction-sections -ffat-lto-objects\000"
 2025      66756E63 
 2025      74696F6E 
 2025      2D736563 
 2025      74696F6E 
 2026              	.LASF5:
 2027 0130 6C6F6E67 		.ascii	"long unsigned int\000"
 2027      20756E73 
 2027      69676E65 
 2027      6420696E 
 2027      7400
 2028              	.LASF3:
 2029 0142 73686F72 		.ascii	"short unsigned int\000"
 2029      7420756E 
 2029      7369676E 
 2029      65642069 
 2029      6E7400
 2030              	.LASF13:
 2031 0155 63795F6D 		.ascii	"cy_meta_custnvl\000"
 2031      6574615F 
 2031      63757374 
 2031      6E766C00 
 2032              	.LASF12:
 2033 0165 63795F6D 		.ascii	"cy_meta_configecc\000"
 2033      6574615F 
 2033      636F6E66 
 2033      69676563 
 2033      6300
 2034              	.LASF8:
 2035 0177 756E7369 		.ascii	"unsigned int\000"
 2035      676E6564 
 2035      20696E74 
 2035      00
 2036              	.LASF7:
 2037 0184 6C6F6E67 		.ascii	"long long unsigned int\000"
 2037      206C6F6E 
 2037      6720756E 
 2037      7369676E 
 2037      65642069 
 2038              	.LASF10:
 2039 019b 75696E74 		.ascii	"uint8_t\000"
 2039      385F7400 
 2040              	.LASF15:
 2041 01a3 63795F6D 		.ascii	"cy_meta_flashprotect\000"
 2041      6574615F 
 2041      666C6173 
 2041      6870726F 
 2041      74656374 
 2042              	.LASF14:
 2043 01b8 63795F6D 		.ascii	"cy_meta_wonvl\000"
ARM GAS  C:\Users\MIGUEL\AppData\Local\Temp\ccH6wgIk.s 			page 38


 2043      6574615F 
 2043      776F6E76 
 2043      6C00
 2044              	.LASF11:
 2045 01c6 73697A65 		.ascii	"sizetype\000"
 2045      74797065 
 2045      00
 2046              	.LASF6:
 2047 01cf 6C6F6E67 		.ascii	"long long int\000"
 2047      206C6F6E 
 2047      6720696E 
 2047      7400
 2048              	.LASF2:
 2049 01dd 73686F72 		.ascii	"short int\000"
 2049      7420696E 
 2049      7400
 2050              	.LASF4:
 2051 01e7 6C6F6E67 		.ascii	"long int\000"
 2051      20696E74 
 2051      00
 2052              	.LASF0:
 2053 01f0 7369676E 		.ascii	"signed char\000"
 2053      65642063 
 2053      68617200 
 2054              	.LASF18:
 2055 01fc 47656E65 		.ascii	"Generated_Source\\PSoC5\\cymetadata.c\000"
 2055      72617465 
 2055      645F536F 
 2055      75726365 
 2055      5C50536F 
 2056              		.ident	"GCC: (GNU Tools for ARM Embedded Processors) 5.4.1 20160609 (release) [ARM/embedded-5-bran
