ARM GAS  C:\Users\MIGUEL\AppData\Local\Temp\cc0AkCsY.s 			page 1


   1              		.syntax unified
   2              		.cpu cortex-m3
   3              		.fpu softvfp
   4              		.eabi_attribute 20, 1
   5              		.eabi_attribute 21, 1
   6              		.eabi_attribute 23, 3
   7              		.eabi_attribute 24, 1
   8              		.eabi_attribute 25, 1
   9              		.eabi_attribute 26, 1
  10              		.eabi_attribute 30, 1
  11              		.eabi_attribute 34, 1
  12              		.eabi_attribute 18, 4
  13              		.thumb
  14              		.syntax unified
  15              		.file	"main.c"
  16              		.text
  17              	.Ltext0:
  18              		.cfi_sections	.debug_frame
  19              		.section	.text.contar,"ax",%progbits
  20              		.align	2
  21              		.global	contar
  22              		.thumb
  23              		.thumb_func
  24              		.type	contar, %function
  25              	contar:
  26              	.LFB64:
  27              		.file 1 "main.c"
   1:main.c        **** /* ========================================
   2:main.c        ****  *
   3:main.c        ****  * Copyright YOUR COMPANY, THE YEAR
   4:main.c        ****  * All Rights Reserved
   5:main.c        ****  * UNPUBLISHED, LICENSED SOFTWARE.
   6:main.c        ****  *
   7:main.c        ****  * CONFIDENTIAL AND PROPRIETARY INFORMATION
   8:main.c        ****  * WHICH IS THE PROPERTY OF your company.
   9:main.c        ****  *
  10:main.c        ****  * ========================================
  11:main.c        **** */
  12:main.c        **** #include "project.h"
  13:main.c        **** #include <stdio.h>
  14:main.c        **** #include <stdlib.h>
  15:main.c        **** 
  16:main.c        **** uint8_t lectura=0;
  17:main.c        **** uint8_t bandera=0;
  18:main.c        **** int fl=50;
  19:main.c        **** int tem=26;
  20:main.c        **** uint8 seg=0;
  21:main.c        **** uint8 h=0;
  22:main.c        **** uint8 min=0;
  23:main.c        **** uint16 mili=0;
  24:main.c        **** uint8 timer=0;
  25:main.c        **** uint16 c=0;
  26:main.c        **** uint8 seg5=0;
  27:main.c        **** uint8 band_7seg=0;
  28:main.c        **** uint8 band_5seg=0;
  29:main.c        **** uint8 band_lcd=0;
  30:main.c        **** uint8 a_seg5=0;
ARM GAS  C:\Users\MIGUEL\AppData\Local\Temp\cc0AkCsY.s 			page 2


  31:main.c        **** char time[4]="0000";
  32:main.c        **** char seg_7[4];
  33:main.c        **** uint8_t lectura_p='b';
  34:main.c        **** char seggs[50];
  35:main.c        **** 
  36:main.c        **** 
  37:main.c        **** CY_ISR_PROTO(contar);
  38:main.c        **** CY_ISR(contar){
  28              		.loc 1 38 0
  29              		.cfi_startproc
  30              		@ args = 0, pretend = 0, frame = 0
  31              		@ frame_needed = 0, uses_anonymous_args = 0
  32              		@ link register save eliminated.
  39:main.c        ****     timer=1;
  33              		.loc 1 39 0
  34 0000 0122     		movs	r2, #1
  35 0002 014B     		ldr	r3, .L2
  36 0004 1A70     		strb	r2, [r3]
  37 0006 7047     		bx	lr
  38              	.L3:
  39              		.align	2
  40              	.L2:
  41 0008 00000000 		.word	.LANCHOR0
  42              		.cfi_endproc
  43              	.LFE64:
  44              		.size	contar, .-contar
  45              		.section	.text.datos,"ax",%progbits
  46              		.align	2
  47              		.global	datos
  48              		.thumb
  49              		.thumb_func
  50              		.type	datos, %function
  51              	datos:
  52              	.LFB65:
  40:main.c        **** }
  41:main.c        **** 
  42:main.c        **** CY_ISR(datos){
  53              		.loc 1 42 0
  54              		.cfi_startproc
  55              		@ args = 0, pretend = 0, frame = 0
  56              		@ frame_needed = 0, uses_anonymous_args = 0
  57 0000 08B5     		push	{r3, lr}
  58              		.cfi_def_cfa_offset 8
  59              		.cfi_offset 3, -8
  60              		.cfi_offset 14, -4
  43:main.c        ****     lectura=UART_1_GetChar();
  61              		.loc 1 43 0
  62 0002 FFF7FEFF 		bl	UART_1_GetChar
  63              	.LVL0:
  64 0006 024B     		ldr	r3, .L6
  65 0008 5870     		strb	r0, [r3, #1]
  44:main.c        ****     bandera=1;
  66              		.loc 1 44 0
  67 000a 0122     		movs	r2, #1
  68 000c 9A70     		strb	r2, [r3, #2]
  69 000e 08BD     		pop	{r3, pc}
  70              	.L7:
ARM GAS  C:\Users\MIGUEL\AppData\Local\Temp\cc0AkCsY.s 			page 3


  71              		.align	2
  72              	.L6:
  73 0010 00000000 		.word	.LANCHOR0
  74              		.cfi_endproc
  75              	.LFE65:
  76              		.size	datos, .-datos
  77              		.section	.text.EncenderLCD,"ax",%progbits
  78              		.align	2
  79              		.global	EncenderLCD
  80              		.thumb
  81              		.thumb_func
  82              		.type	EncenderLCD, %function
  83              	EncenderLCD:
  84              	.LFB66:
  45:main.c        **** }
  46:main.c        **** 
  47:main.c        **** 
  48:main.c        **** 
  49:main.c        **** void EncenderLCD(int fl,int tem,int h,int min, int sec){
  85              		.loc 1 49 0
  86              		.cfi_startproc
  87              		@ args = 4, pretend = 0, frame = 160
  88              		@ frame_needed = 0, uses_anonymous_args = 0
  89              	.LVL1:
  90 0000 F0B5     		push	{r4, r5, r6, r7, lr}
  91              		.cfi_def_cfa_offset 20
  92              		.cfi_offset 4, -20
  93              		.cfi_offset 5, -16
  94              		.cfi_offset 6, -12
  95              		.cfi_offset 7, -8
  96              		.cfi_offset 14, -4
  97 0002 ABB0     		sub	sp, sp, #172
  98              		.cfi_def_cfa_offset 192
  99 0004 0646     		mov	r6, r0
 100 0006 0F46     		mov	r7, r1
 101 0008 1446     		mov	r4, r2
 102 000a 1D46     		mov	r5, r3
  50:main.c        ****     LCD_ClearDisplay();
 103              		.loc 1 50 0
 104 000c 0120     		movs	r0, #1
 105              	.LVL2:
 106 000e FFF7FEFF 		bl	LCD_WriteControl
 107              	.LVL3:
  51:main.c        ****     if (band_7seg==1){
 108              		.loc 1 51 0
 109 0012 184B     		ldr	r3, .L11
 110 0014 DB78     		ldrb	r3, [r3, #3]	@ zero_extendqisi2
 111 0016 012B     		cmp	r3, #1
 112 0018 03D1     		bne	.L9
  52:main.c        ****         LED_Driver_WriteString7Seg(" LCD",0);
 113              		.loc 1 52 0
 114 001a 0021     		movs	r1, #0
 115 001c 1648     		ldr	r0, .L11+4
 116 001e FFF7FEFF 		bl	LED_Driver_WriteString7Seg
 117              	.LVL4:
 118              	.L9:
  53:main.c        ****     }
ARM GAS  C:\Users\MIGUEL\AppData\Local\Temp\cc0AkCsY.s 			page 4


  54:main.c        ****     char temp[50];
  55:main.c        ****     char fluj[50];
  56:main.c        ****     char tiemp[50];
  57:main.c        ****     LCD_Position(0,0);
 119              		.loc 1 57 0
 120 0022 0021     		movs	r1, #0
 121 0024 0846     		mov	r0, r1
 122 0026 FFF7FEFF 		bl	LCD_Position
 123              	.LVL5:
  58:main.c        ****     sprintf(temp,"Temperatura:     %2dC",tem);
 124              		.loc 1 58 0
 125 002a 3A46     		mov	r2, r7
 126 002c 1349     		ldr	r1, .L11+8
 127 002e 1DA8     		add	r0, sp, #116
 128 0030 FFF7FEFF 		bl	sprintf
 129              	.LVL6:
  59:main.c        ****     LCD_PrintString(temp);
 130              		.loc 1 59 0
 131 0034 1DA8     		add	r0, sp, #116
 132 0036 FFF7FEFF 		bl	LCD_PrintString
 133              	.LVL7:
  60:main.c        ****     LCD_Position(1,0);
 134              		.loc 1 60 0
 135 003a 0021     		movs	r1, #0
 136 003c 0120     		movs	r0, #1
 137 003e FFF7FEFF 		bl	LCD_Position
 138              	.LVL8:
  61:main.c        ****     sprintf(fluj,"Flujo:           %2d%%",fl);
 139              		.loc 1 61 0
 140 0042 3246     		mov	r2, r6
 141 0044 0E49     		ldr	r1, .L11+12
 142 0046 10A8     		add	r0, sp, #64
 143 0048 FFF7FEFF 		bl	sprintf
 144              	.LVL9:
  62:main.c        ****     LCD_PrintString(fluj);
 145              		.loc 1 62 0
 146 004c 10A8     		add	r0, sp, #64
 147 004e FFF7FEFF 		bl	LCD_PrintString
 148              	.LVL10:
  63:main.c        ****     LCD_Position(3,0);
 149              		.loc 1 63 0
 150 0052 0021     		movs	r1, #0
 151 0054 0320     		movs	r0, #3
 152 0056 FFF7FEFF 		bl	LCD_Position
 153              	.LVL11:
  64:main.c        ****     sprintf(tiemp,"Tiempo:     %02d:%02d:%02d",h,min,sec);
 154              		.loc 1 64 0
 155 005a 309B     		ldr	r3, [sp, #192]
 156 005c 0093     		str	r3, [sp]
 157 005e 2B46     		mov	r3, r5
 158 0060 2246     		mov	r2, r4
 159 0062 0849     		ldr	r1, .L11+16
 160 0064 03A8     		add	r0, sp, #12
 161 0066 FFF7FEFF 		bl	sprintf
 162              	.LVL12:
  65:main.c        ****     LCD_PrintString(tiemp);
 163              		.loc 1 65 0
ARM GAS  C:\Users\MIGUEL\AppData\Local\Temp\cc0AkCsY.s 			page 5


 164 006a 03A8     		add	r0, sp, #12
 165 006c FFF7FEFF 		bl	LCD_PrintString
 166              	.LVL13:
  66:main.c        **** }
 167              		.loc 1 66 0
 168 0070 2BB0     		add	sp, sp, #172
 169              		.cfi_def_cfa_offset 20
 170              		@ sp needed
 171 0072 F0BD     		pop	{r4, r5, r6, r7, pc}
 172              	.LVL14:
 173              	.L12:
 174              		.align	2
 175              	.L11:
 176 0074 00000000 		.word	.LANCHOR0
 177 0078 00000000 		.word	.LC0
 178 007c 08000000 		.word	.LC1
 179 0080 20000000 		.word	.LC2
 180 0084 38000000 		.word	.LC3
 181              		.cfi_endproc
 182              	.LFE66:
 183              		.size	EncenderLCD, .-EncenderLCD
 184              		.section	.text.reloj,"ax",%progbits
 185              		.align	2
 186              		.global	reloj
 187              		.thumb
 188              		.thumb_func
 189              		.type	reloj, %function
 190              	reloj:
 191              	.LFB67:
  67:main.c        **** 
  68:main.c        **** void reloj(){
 192              		.loc 1 68 0
 193              		.cfi_startproc
 194              		@ args = 0, pretend = 0, frame = 0
 195              		@ frame_needed = 0, uses_anonymous_args = 0
  69:main.c        ****     if (timer){
 196              		.loc 1 69 0
 197 0000 254B     		ldr	r3, .L20
 198 0002 1B78     		ldrb	r3, [r3]	@ zero_extendqisi2
 199 0004 002B     		cmp	r3, #0
 200 0006 45D0     		beq	.L19
  70:main.c        ****     timer=0;
 201              		.loc 1 70 0
 202 0008 234A     		ldr	r2, .L20
 203 000a 0023     		movs	r3, #0
 204 000c 1370     		strb	r3, [r2]
  71:main.c        ****     mili++;
 205              		.loc 1 71 0
 206 000e 9388     		ldrh	r3, [r2, #4]
 207 0010 0133     		adds	r3, r3, #1
 208 0012 9BB2     		uxth	r3, r3
 209 0014 9380     		strh	r3, [r2, #4]	@ movhi
  72:main.c        ****     if (mili==1000){
 210              		.loc 1 72 0
 211 0016 B3F57A7F 		cmp	r3, #1000
 212 001a 3BD1     		bne	.L19
  68:main.c        ****     if (timer){
ARM GAS  C:\Users\MIGUEL\AppData\Local\Temp\cc0AkCsY.s 			page 6


 213              		.loc 1 68 0
 214 001c 30B5     		push	{r4, r5, lr}
 215              		.cfi_def_cfa_offset 12
 216              		.cfi_offset 4, -12
 217              		.cfi_offset 5, -8
 218              		.cfi_offset 14, -4
 219 001e 83B0     		sub	sp, sp, #12
 220              		.cfi_def_cfa_offset 24
  73:main.c        ****         mili=0;                 
 221              		.loc 1 73 0
 222 0020 1446     		mov	r4, r2
 223 0022 0023     		movs	r3, #0
 224 0024 9380     		strh	r3, [r2, #4]	@ movhi
  74:main.c        ****         EncenderLCD(fl,tem,h,min,seg);  
 225              		.loc 1 74 0
 226 0026 9379     		ldrb	r3, [r2, #6]	@ zero_extendqisi2
 227 0028 D279     		ldrb	r2, [r2, #7]	@ zero_extendqisi2
 228 002a 1C48     		ldr	r0, .L20+4
 229 002c 0168     		ldr	r1, [r0]
 230 002e 4068     		ldr	r0, [r0, #4]
 231 0030 257A     		ldrb	r5, [r4, #8]	@ zero_extendqisi2
 232 0032 0095     		str	r5, [sp]
 233 0034 FFF7FEFF 		bl	EncenderLCD
 234              	.LVL15:
  75:main.c        ****         seg++;
 235              		.loc 1 75 0
 236 0038 237A     		ldrb	r3, [r4, #8]	@ zero_extendqisi2
 237 003a 0133     		adds	r3, r3, #1
 238 003c DBB2     		uxtb	r3, r3
 239 003e 2372     		strb	r3, [r4, #8]
  76:main.c        ****         if (a_seg5==1){
 240              		.loc 1 76 0
 241 0040 627A     		ldrb	r2, [r4, #9]	@ zero_extendqisi2
 242 0042 012A     		cmp	r2, #1
 243 0044 13D1     		bne	.L15
  77:main.c        ****             seg5++;
 244              		.loc 1 77 0
 245 0046 A27A     		ldrb	r2, [r4, #10]	@ zero_extendqisi2
 246 0048 0132     		adds	r2, r2, #1
 247 004a D2B2     		uxtb	r2, r2
 248 004c A272     		strb	r2, [r4, #10]
  78:main.c        ****             if (seg5==5){
 249              		.loc 1 78 0
 250 004e 052A     		cmp	r2, #5
 251 0050 0DD1     		bne	.L15
  79:main.c        ****             seg5=0;
 252              		.loc 1 79 0
 253 0052 0021     		movs	r1, #0
 254 0054 A172     		strb	r1, [r4, #10]
  80:main.c        ****             switch (band_5seg){
 255              		.loc 1 80 0
 256 0056 E27A     		ldrb	r2, [r4, #11]	@ zero_extendqisi2
 257 0058 12B1     		cbz	r2, .L16
 258 005a 012A     		cmp	r2, #1
 259 005c 04D0     		beq	.L17
 260 005e 06E0     		b	.L15
 261              	.L16:
ARM GAS  C:\Users\MIGUEL\AppData\Local\Temp\cc0AkCsY.s 			page 7


  81:main.c        ****             case 0:
  82:main.c        ****                 band_5seg=1;
 262              		.loc 1 82 0
 263 0060 0121     		movs	r1, #1
 264 0062 0D4A     		ldr	r2, .L20
 265 0064 D172     		strb	r1, [r2, #11]
  83:main.c        ****                 break;
 266              		.loc 1 83 0
 267 0066 02E0     		b	.L15
 268              	.L17:
  84:main.c        ****             case 1:
  85:main.c        ****                 band_5seg=0;
 269              		.loc 1 85 0
 270 0068 0021     		movs	r1, #0
 271 006a 0B4A     		ldr	r2, .L20
 272 006c D172     		strb	r1, [r2, #11]
 273              	.L15:
  86:main.c        ****                 }
  87:main.c        ****             }
  88:main.c        ****         }
  89:main.c        ****         if (seg==60){
 274              		.loc 1 89 0
 275 006e 3C2B     		cmp	r3, #60
 276 0070 0ED1     		bne	.L13
  90:main.c        ****             seg=0;
 277              		.loc 1 90 0
 278 0072 094A     		ldr	r2, .L20
 279 0074 0023     		movs	r3, #0
 280 0076 1372     		strb	r3, [r2, #8]
  91:main.c        ****             min++;
 281              		.loc 1 91 0
 282 0078 9379     		ldrb	r3, [r2, #6]	@ zero_extendqisi2
 283 007a 0133     		adds	r3, r3, #1
 284 007c DBB2     		uxtb	r3, r3
 285 007e 9371     		strb	r3, [r2, #6]
  92:main.c        ****             if (min==60){
 286              		.loc 1 92 0
 287 0080 3C2B     		cmp	r3, #60
 288 0082 05D1     		bne	.L13
  93:main.c        ****                 min=0;
 289              		.loc 1 93 0
 290 0084 1346     		mov	r3, r2
 291 0086 0022     		movs	r2, #0
 292 0088 9A71     		strb	r2, [r3, #6]
  94:main.c        ****                 h++;
 293              		.loc 1 94 0
 294 008a DA79     		ldrb	r2, [r3, #7]	@ zero_extendqisi2
 295 008c 0132     		adds	r2, r2, #1
 296 008e DA71     		strb	r2, [r3, #7]
 297              	.L13:
  95:main.c        ****             }
  96:main.c        **** }
  97:main.c        **** }}}
 298              		.loc 1 97 0
 299 0090 03B0     		add	sp, sp, #12
 300              		.cfi_def_cfa_offset 12
 301              		@ sp needed
ARM GAS  C:\Users\MIGUEL\AppData\Local\Temp\cc0AkCsY.s 			page 8


 302 0092 30BD     		pop	{r4, r5, pc}
 303              	.L19:
 304              		.cfi_def_cfa_offset 0
 305              		.cfi_restore 4
 306              		.cfi_restore 5
 307              		.cfi_restore 14
 308 0094 7047     		bx	lr
 309              	.L21:
 310 0096 00BF     		.align	2
 311              	.L20:
 312 0098 00000000 		.word	.LANCHOR0
 313 009c 00000000 		.word	.LANCHOR1
 314              		.cfi_endproc
 315              	.LFE67:
 316              		.size	reloj, .-reloj
 317              		.section	.text.apagado,"ax",%progbits
 318              		.align	2
 319              		.global	apagado
 320              		.thumb
 321              		.thumb_func
 322              		.type	apagado, %function
 323              	apagado:
 324              	.LFB68:
  98:main.c        **** void apagado(){
 325              		.loc 1 98 0
 326              		.cfi_startproc
 327              		@ args = 0, pretend = 0, frame = 0
 328              		@ frame_needed = 0, uses_anonymous_args = 0
 329 0000 08B5     		push	{r3, lr}
 330              		.cfi_def_cfa_offset 8
 331              		.cfi_offset 3, -8
 332              		.cfi_offset 14, -4
  99:main.c        ****      
 100:main.c        ****     mili=0;
 333              		.loc 1 100 0
 334 0002 164B     		ldr	r3, .L25
 335 0004 0022     		movs	r2, #0
 336 0006 9A80     		strh	r2, [r3, #4]	@ movhi
 101:main.c        ****     seg=0;
 337              		.loc 1 101 0
 338 0008 1A72     		strb	r2, [r3, #8]
 102:main.c        ****     min=0;
 339              		.loc 1 102 0
 340 000a 9A71     		strb	r2, [r3, #6]
 103:main.c        ****     h=0;
 341              		.loc 1 103 0
 342 000c DA71     		strb	r2, [r3, #7]
 104:main.c        ****     if (timer){
 343              		.loc 1 104 0
 344 000e 1B78     		ldrb	r3, [r3]	@ zero_extendqisi2
 345 0010 13B3     		cbz	r3, .L22
 105:main.c        ****     timer=0;
 346              		.loc 1 105 0
 347 0012 124A     		ldr	r2, .L25
 348 0014 0023     		movs	r3, #0
 349 0016 1370     		strb	r3, [r2]
 106:main.c        ****     c++;
ARM GAS  C:\Users\MIGUEL\AppData\Local\Temp\cc0AkCsY.s 			page 9


 350              		.loc 1 106 0
 351 0018 9389     		ldrh	r3, [r2, #12]
 352 001a 0133     		adds	r3, r3, #1
 353 001c 9BB2     		uxth	r3, r3
 354 001e 9381     		strh	r3, [r2, #12]	@ movhi
 107:main.c        ****     if (c==1000){
 355              		.loc 1 107 0
 356 0020 B3F57A7F 		cmp	r3, #1000
 357 0024 18D1     		bne	.L22
 108:main.c        ****         LCD_ClearDisplay();
 358              		.loc 1 108 0
 359 0026 0120     		movs	r0, #1
 360 0028 FFF7FEFF 		bl	LCD_WriteControl
 361              	.LVL16:
 109:main.c        ****         LED_Driver_ClearDisplayAll();
 362              		.loc 1 109 0
 363 002c FFF7FEFF 		bl	LED_Driver_ClearDisplayAll
 364              	.LVL17:
 110:main.c        ****         UART_1_PutString("Dispositivo apagado \n");
 365              		.loc 1 110 0
 366 0030 0B48     		ldr	r0, .L25+4
 367 0032 FFF7FEFF 		bl	UART_1_PutString
 368              	.LVL18:
 111:main.c        ****         LCD_Position(0,0);
 369              		.loc 1 111 0
 370 0036 0021     		movs	r1, #0
 371 0038 0846     		mov	r0, r1
 372 003a FFF7FEFF 		bl	LCD_Position
 373              	.LVL19:
 112:main.c        ****         LCD_PrintString("Dispositivo apagado");
 374              		.loc 1 112 0
 375 003e 0948     		ldr	r0, .L25+8
 376 0040 FFF7FEFF 		bl	LCD_PrintString
 377              	.LVL20:
 113:main.c        ****         tilt_Write(!tilt_Read());
 378              		.loc 1 113 0
 379 0044 FFF7FEFF 		bl	tilt_Read
 380              	.LVL21:
 381 0048 B0FA80F0 		clz	r0, r0
 382 004c 4009     		lsrs	r0, r0, #5
 383 004e FFF7FEFF 		bl	tilt_Write
 384              	.LVL22:
 114:main.c        ****         c=0;
 385              		.loc 1 114 0
 386 0052 0022     		movs	r2, #0
 387 0054 014B     		ldr	r3, .L25
 388 0056 9A81     		strh	r2, [r3, #12]	@ movhi
 389              	.L22:
 390 0058 08BD     		pop	{r3, pc}
 391              	.L26:
 392 005a 00BF     		.align	2
 393              	.L25:
 394 005c 00000000 		.word	.LANCHOR0
 395 0060 54000000 		.word	.LC4
 396 0064 6C000000 		.word	.LC5
 397              		.cfi_endproc
 398              	.LFE68:
ARM GAS  C:\Users\MIGUEL\AppData\Local\Temp\cc0AkCsY.s 			page 10


 399              		.size	apagado, .-apagado
 400              		.section	.text.main,"ax",%progbits
 401              		.align	2
 402              		.global	main
 403              		.thumb
 404              		.thumb_func
 405              		.type	main, %function
 406              	main:
 407              	.LFB69:
 115:main.c        ****     } 
 116:main.c        ****     }
 117:main.c        ****     }
 118:main.c        **** 
 119:main.c        **** 
 120:main.c        **** 
 121:main.c        **** int main(void)
 122:main.c        **** 
 123:main.c        **** 
 124:main.c        **** {
 408              		.loc 1 124 0
 409              		.cfi_startproc
 410              		@ Volatile: function does not return.
 411              		@ args = 0, pretend = 0, frame = 0
 412              		@ frame_needed = 0, uses_anonymous_args = 0
 413 0000 08B5     		push	{r3, lr}
 414              		.cfi_def_cfa_offset 8
 415              		.cfi_offset 3, -8
 416              		.cfi_offset 14, -4
 125:main.c        ****     CyGlobalIntEnable; /* Enable global interrupts. */
 417              		.loc 1 125 0
 418              		.syntax unified
 419              	@ 125 "main.c" 1
 420 0002 62B6     		CPSIE   i
 421              	@ 0 "" 2
 126:main.c        **** LED_Driver_Start();
 422              		.loc 1 126 0
 423              		.thumb
 424              		.syntax unified
 425 0004 FFF7FEFF 		bl	LED_Driver_Start
 426              	.LVL23:
 127:main.c        **** Counter_1_Start();
 427              		.loc 1 127 0
 428 0008 FFF7FEFF 		bl	Counter_1_Start
 429              	.LVL24:
 128:main.c        **** isr_contador_StartEx(contar);
 430              		.loc 1 128 0
 431 000c 4C48     		ldr	r0, .L42
 432 000e FFF7FEFF 		bl	isr_contador_StartEx
 433              	.LVL25:
 129:main.c        **** data_StartEx(datos);
 434              		.loc 1 129 0
 435 0012 4C48     		ldr	r0, .L42+4
 436 0014 FFF7FEFF 		bl	data_StartEx
 437              	.LVL26:
 130:main.c        **** UART_1_Start();
 438              		.loc 1 130 0
 439 0018 FFF7FEFF 		bl	UART_1_Start
ARM GAS  C:\Users\MIGUEL\AppData\Local\Temp\cc0AkCsY.s 			page 11


 440              	.LVL27:
 131:main.c        **** LCD_Start();
 441              		.loc 1 131 0
 442 001c FFF7FEFF 		bl	LCD_Start
 443              	.LVL28:
 444              	.L28:
 132:main.c        ****     for(;;)
 133:main.c        ****     {
 134:main.c        ****     if (bandera==1){
 445              		.loc 1 134 0
 446 0020 494B     		ldr	r3, .L42+8
 447 0022 9B78     		ldrb	r3, [r3, #2]	@ zero_extendqisi2
 448 0024 012B     		cmp	r3, #1
 449 0026 40F08780 		bne	.L30
 135:main.c        ****             switch (lectura){
 450              		.loc 1 135 0
 451 002a 474B     		ldr	r3, .L42+8
 452 002c 5B78     		ldrb	r3, [r3, #1]	@ zero_extendqisi2
 453 002e 612B     		cmp	r3, #97
 454 0030 02D0     		beq	.L32
 455 0032 622B     		cmp	r3, #98
 456 0034 03D0     		beq	.L33
 457 0036 04E0     		b	.L31
 458              	.L32:
 136:main.c        ****         case 'a':
 137:main.c        ****             lectura_p=lectura;
 459              		.loc 1 137 0
 460 0038 444A     		ldr	r2, .L42+12
 461 003a 1372     		strb	r3, [r2, #8]
 138:main.c        ****             break; 
 462              		.loc 1 138 0
 463 003c 01E0     		b	.L31
 464              	.L33:
 139:main.c        ****             case 'b':
 140:main.c        ****             lectura_p=lectura;
 465              		.loc 1 140 0
 466 003e 434A     		ldr	r2, .L42+12
 467 0040 1372     		strb	r3, [r2, #8]
 468              	.L31:
 141:main.c        ****             break;
 142:main.c        ****         }
 143:main.c        ****         switch (lectura_p){
 469              		.loc 1 143 0
 470 0042 424A     		ldr	r2, .L42+12
 471 0044 127A     		ldrb	r2, [r2, #8]	@ zero_extendqisi2
 472 0046 612A     		cmp	r2, #97
 473 0048 02D0     		beq	.L34
 474 004a 622A     		cmp	r2, #98
 475 004c 6FD0     		beq	.L35
 476 004e E7E7     		b	.L28
 477              	.L34:
 144:main.c        ****         case 'a':
 145:main.c        ****             switch(lectura){
 478              		.loc 1 145 0
 479 0050 462B     		cmp	r3, #70
 480 0052 04D0     		beq	.L37
 481 0054 542B     		cmp	r3, #84
ARM GAS  C:\Users\MIGUEL\AppData\Local\Temp\cc0AkCsY.s 			page 12


 482 0056 16D0     		beq	.L38
 483 0058 412B     		cmp	r3, #65
 484 005a 5ED1     		bne	.L36
 485 005c 2FE0     		b	.L39
 486              	.L37:
 146:main.c        ****                 case 'F':
 147:main.c        ****                 a_seg5=0;
 487              		.loc 1 147 0
 488 005e 3A4B     		ldr	r3, .L42+8
 489 0060 0024     		movs	r4, #0
 490 0062 5C72     		strb	r4, [r3, #9]
 148:main.c        ****                 band_7seg=0;
 491              		.loc 1 148 0
 492 0064 DC70     		strb	r4, [r3, #3]
 149:main.c        ****                 LCD_Stop();
 493              		.loc 1 149 0
 494 0066 FFF7FEFF 		bl	LCD_Stop
 495              	.LVL29:
 150:main.c        ****                 sprintf(seg_7,"F%03d",fl);
 496              		.loc 1 150 0
 497 006a 394D     		ldr	r5, .L42+16
 498 006c 374B     		ldr	r3, .L42+12
 499 006e 5A68     		ldr	r2, [r3, #4]
 500 0070 3849     		ldr	r1, .L42+20
 501 0072 2846     		mov	r0, r5
 502 0074 FFF7FEFF 		bl	sprintf
 503              	.LVL30:
 151:main.c        ****                 LED_Driver_WriteString7Seg(seg_7,0);
 504              		.loc 1 151 0
 505 0078 2146     		mov	r1, r4
 506 007a 2846     		mov	r0, r5
 507 007c FFF7FEFF 		bl	LED_Driver_WriteString7Seg
 508              	.LVL31:
 152:main.c        ****                 reloj();
 509              		.loc 1 152 0
 510 0080 FFF7FEFF 		bl	reloj
 511              	.LVL32:
 153:main.c        ****                 break;
 512              		.loc 1 153 0
 513 0084 CCE7     		b	.L28
 514              	.L38:
 154:main.c        ****                 case 'T':
 155:main.c        ****                 a_seg5=0;
 515              		.loc 1 155 0
 516 0086 304B     		ldr	r3, .L42+8
 517 0088 0024     		movs	r4, #0
 518 008a 5C72     		strb	r4, [r3, #9]
 156:main.c        ****                 band_7seg=0;
 519              		.loc 1 156 0
 520 008c DC70     		strb	r4, [r3, #3]
 157:main.c        ****                 LCD_Stop();
 521              		.loc 1 157 0
 522 008e FFF7FEFF 		bl	LCD_Stop
 523              	.LVL33:
 158:main.c        ****                 sprintf(seg_7,"%02d",tem);
 524              		.loc 1 158 0
 525 0092 2F4D     		ldr	r5, .L42+16
ARM GAS  C:\Users\MIGUEL\AppData\Local\Temp\cc0AkCsY.s 			page 13


 526 0094 2D4B     		ldr	r3, .L42+12
 527 0096 1A68     		ldr	r2, [r3]
 528 0098 2F49     		ldr	r1, .L42+24
 529 009a 2846     		mov	r0, r5
 530 009c FFF7FEFF 		bl	sprintf
 531              	.LVL34:
 159:main.c        ****                 LED_Driver_WriteString7Seg(seg_7,0);
 532              		.loc 1 159 0
 533 00a0 2146     		mov	r1, r4
 534 00a2 2846     		mov	r0, r5
 535 00a4 FFF7FEFF 		bl	LED_Driver_WriteString7Seg
 536              	.LVL35:
 160:main.c        ****                 LED_Driver_PutChar7Seg('o',2);
 537              		.loc 1 160 0
 538 00a8 0221     		movs	r1, #2
 539 00aa 6F20     		movs	r0, #111
 540 00ac FFF7FEFF 		bl	LED_Driver_PutChar7Seg
 541              	.LVL36:
 161:main.c        ****                 LED_Driver_Write7SegDigitHex(0xC,3);
 542              		.loc 1 161 0
 543 00b0 0321     		movs	r1, #3
 544 00b2 0C20     		movs	r0, #12
 545 00b4 FFF7FEFF 		bl	LED_Driver_Write7SegDigitHex
 546              	.LVL37:
 162:main.c        ****                 reloj();
 547              		.loc 1 162 0
 548 00b8 FFF7FEFF 		bl	reloj
 549              	.LVL38:
 163:main.c        ****                 break;
 550              		.loc 1 163 0
 551 00bc B0E7     		b	.L28
 552              	.L39:
 164:main.c        ****                 case 'A':
 165:main.c        ****                 a_seg5=1;
 553              		.loc 1 165 0
 554 00be 224C     		ldr	r4, .L42+8
 555 00c0 0123     		movs	r3, #1
 556 00c2 6372     		strb	r3, [r4, #9]
 166:main.c        ****                 band_7seg=0;
 557              		.loc 1 166 0
 558 00c4 0023     		movs	r3, #0
 559 00c6 E370     		strb	r3, [r4, #3]
 167:main.c        ****                 LCD_Stop();
 560              		.loc 1 167 0
 561 00c8 FFF7FEFF 		bl	LCD_Stop
 562              	.LVL39:
 168:main.c        ****                 if(band_5seg==1){          
 563              		.loc 1 168 0
 564 00cc E37A     		ldrb	r3, [r4, #11]	@ zero_extendqisi2
 565 00ce 012B     		cmp	r3, #1
 566 00d0 15D1     		bne	.L40
 169:main.c        ****                 sprintf(seg_7,"%02d",tem);
 567              		.loc 1 169 0
 568 00d2 1F4C     		ldr	r4, .L42+16
 569 00d4 1D4B     		ldr	r3, .L42+12
 570 00d6 1A68     		ldr	r2, [r3]
 571 00d8 1F49     		ldr	r1, .L42+24
ARM GAS  C:\Users\MIGUEL\AppData\Local\Temp\cc0AkCsY.s 			page 14


 572 00da 2046     		mov	r0, r4
 573 00dc FFF7FEFF 		bl	sprintf
 574              	.LVL40:
 170:main.c        ****                 LED_Driver_WriteString7Seg(seg_7,0);
 575              		.loc 1 170 0
 576 00e0 0021     		movs	r1, #0
 577 00e2 2046     		mov	r0, r4
 578 00e4 FFF7FEFF 		bl	LED_Driver_WriteString7Seg
 579              	.LVL41:
 171:main.c        ****                 LED_Driver_PutChar7Seg('o',2);
 580              		.loc 1 171 0
 581 00e8 0221     		movs	r1, #2
 582 00ea 6F20     		movs	r0, #111
 583 00ec FFF7FEFF 		bl	LED_Driver_PutChar7Seg
 584              	.LVL42:
 172:main.c        ****                 LED_Driver_Write7SegDigitHex(0xC,3);
 585              		.loc 1 172 0
 586 00f0 0321     		movs	r1, #3
 587 00f2 0C20     		movs	r0, #12
 588 00f4 FFF7FEFF 		bl	LED_Driver_Write7SegDigitHex
 589              	.LVL43:
 173:main.c        ****                 reloj();
 590              		.loc 1 173 0
 591 00f8 FFF7FEFF 		bl	reloj
 592              	.LVL44:
 593 00fc 0DE0     		b	.L36
 594              	.L40:
 174:main.c        ****                 }
 175:main.c        ****                 else if (band_5seg==0){           
 595              		.loc 1 175 0
 596 00fe 63B9     		cbnz	r3, .L36
 176:main.c        ****                 sprintf(seg_7,"F%03d",fl);
 597              		.loc 1 176 0
 598 0100 134C     		ldr	r4, .L42+16
 599 0102 124B     		ldr	r3, .L42+12
 600 0104 5A68     		ldr	r2, [r3, #4]
 601 0106 1349     		ldr	r1, .L42+20
 602 0108 2046     		mov	r0, r4
 603 010a FFF7FEFF 		bl	sprintf
 604              	.LVL45:
 177:main.c        ****                 LED_Driver_WriteString7Seg(seg_7,0);
 605              		.loc 1 177 0
 606 010e 0021     		movs	r1, #0
 607 0110 2046     		mov	r0, r4
 608 0112 FFF7FEFF 		bl	LED_Driver_WriteString7Seg
 609              	.LVL46:
 178:main.c        ****                 reloj();
 610              		.loc 1 178 0
 611 0116 FFF7FEFF 		bl	reloj
 612              	.LVL47:
 613              	.L36:
 179:main.c        ****                 }
 180:main.c        ****                 
 181:main.c        ****                 default:
 182:main.c        ****                     a_seg5=0;
 614              		.loc 1 182 0
 615 011a 0B4C     		ldr	r4, .L42+8
ARM GAS  C:\Users\MIGUEL\AppData\Local\Temp\cc0AkCsY.s 			page 15


 616 011c 0023     		movs	r3, #0
 617 011e 6372     		strb	r3, [r4, #9]
 183:main.c        ****                     LCD_Start();
 618              		.loc 1 183 0
 619 0120 FFF7FEFF 		bl	LCD_Start
 620              	.LVL48:
 184:main.c        ****                     band_7seg=1;
 621              		.loc 1 184 0
 622 0124 0123     		movs	r3, #1
 623 0126 E370     		strb	r3, [r4, #3]
 185:main.c        ****                     reloj();
 624              		.loc 1 185 0
 625 0128 FFF7FEFF 		bl	reloj
 626              	.LVL49:
 186:main.c        ****                     break;                 
 627              		.loc 1 186 0
 628 012c 78E7     		b	.L28
 629              	.L35:
 187:main.c        ****             }
 188:main.c        ****             break;
 189:main.c        ****         case 'b':
 190:main.c        ****             LCD_Start();
 630              		.loc 1 190 0
 631 012e FFF7FEFF 		bl	LCD_Start
 632              	.LVL50:
 191:main.c        ****             apagado();
 633              		.loc 1 191 0
 634 0132 FFF7FEFF 		bl	apagado
 635              	.LVL51:
 192:main.c        ****             break;
 636              		.loc 1 192 0
 637 0136 73E7     		b	.L28
 638              	.L30:
 193:main.c        ****     }
 194:main.c        ****     }
 195:main.c        ****     else{
 196:main.c        ****     apagado();
 639              		.loc 1 196 0
 640 0138 FFF7FEFF 		bl	apagado
 641              	.LVL52:
 642 013c 70E7     		b	.L28
 643              	.L43:
 644 013e 00BF     		.align	2
 645              	.L42:
 646 0140 00000000 		.word	contar
 647 0144 00000000 		.word	datos
 648 0148 00000000 		.word	.LANCHOR0
 649 014c 00000000 		.word	.LANCHOR1
 650 0150 00000000 		.word	seg_7
 651 0154 80000000 		.word	.LC6
 652 0158 88000000 		.word	.LC7
 653              		.cfi_endproc
 654              	.LFE69:
 655              		.size	main, .-main
 656              		.comm	seggs,50,4
 657              		.global	lectura_p
 658              		.comm	seg_7,4,4
ARM GAS  C:\Users\MIGUEL\AppData\Local\Temp\cc0AkCsY.s 			page 16


 659              		.global	time
 660              		.global	a_seg5
 661              		.global	band_lcd
 662              		.global	band_5seg
 663              		.global	band_7seg
 664              		.global	seg5
 665              		.global	c
 666              		.global	timer
 667              		.global	mili
 668              		.global	min
 669              		.global	h
 670              		.global	seg
 671              		.global	tem
 672              		.global	fl
 673              		.global	bandera
 674              		.global	lectura
 675              		.data
 676              		.align	2
 677              		.set	.LANCHOR1,. + 0
 678              		.type	tem, %object
 679              		.size	tem, 4
 680              	tem:
 681 0000 1A000000 		.word	26
 682              		.type	fl, %object
 683              		.size	fl, 4
 684              	fl:
 685 0004 32000000 		.word	50
 686              		.type	lectura_p, %object
 687              		.size	lectura_p, 1
 688              	lectura_p:
 689 0008 62       		.byte	98
 690 0009 000000   		.space	3
 691              		.type	time, %object
 692              		.size	time, 4
 693              	time:
 694 000c 30303030 		.ascii	"0000"
 695              		.section	.rodata.str1.4,"aMS",%progbits,1
 696              		.align	2
 697              	.LC0:
 698 0000 204C4344 		.ascii	" LCD\000"
 698      00
 699 0005 000000   		.space	3
 700              	.LC1:
 701 0008 54656D70 		.ascii	"Temperatura:     %2dC\000"
 701      65726174 
 701      7572613A 
 701      20202020 
 701      20253264 
 702 001e 0000     		.space	2
 703              	.LC2:
 704 0020 466C756A 		.ascii	"Flujo:           %2d%%\000"
 704      6F3A2020 
 704      20202020 
 704      20202020 
 704      20253264 
 705 0037 00       		.space	1
 706              	.LC3:
ARM GAS  C:\Users\MIGUEL\AppData\Local\Temp\cc0AkCsY.s 			page 17


 707 0038 5469656D 		.ascii	"Tiempo:     %02d:%02d:%02d\000"
 707      706F3A20 
 707      20202020 
 707      25303264 
 707      3A253032 
 708 0053 00       		.space	1
 709              	.LC4:
 710 0054 44697370 		.ascii	"Dispositivo apagado \012\000"
 710      6F736974 
 710      69766F20 
 710      61706167 
 710      61646F20 
 711 006a 0000     		.space	2
 712              	.LC5:
 713 006c 44697370 		.ascii	"Dispositivo apagado\000"
 713      6F736974 
 713      69766F20 
 713      61706167 
 713      61646F00 
 714              	.LC6:
 715 0080 46253033 		.ascii	"F%03d\000"
 715      6400
 716 0086 0000     		.space	2
 717              	.LC7:
 718 0088 25303264 		.ascii	"%02d\000"
 718      00
 719              		.bss
 720              		.align	1
 721              		.set	.LANCHOR0,. + 0
 722              		.type	timer, %object
 723              		.size	timer, 1
 724              	timer:
 725 0000 00       		.space	1
 726              		.type	lectura, %object
 727              		.size	lectura, 1
 728              	lectura:
 729 0001 00       		.space	1
 730              		.type	bandera, %object
 731              		.size	bandera, 1
 732              	bandera:
 733 0002 00       		.space	1
 734              		.type	band_7seg, %object
 735              		.size	band_7seg, 1
 736              	band_7seg:
 737 0003 00       		.space	1
 738              		.type	mili, %object
 739              		.size	mili, 2
 740              	mili:
 741 0004 0000     		.space	2
 742              		.type	min, %object
 743              		.size	min, 1
 744              	min:
 745 0006 00       		.space	1
 746              		.type	h, %object
 747              		.size	h, 1
 748              	h:
 749 0007 00       		.space	1
ARM GAS  C:\Users\MIGUEL\AppData\Local\Temp\cc0AkCsY.s 			page 18


 750              		.type	seg, %object
 751              		.size	seg, 1
 752              	seg:
 753 0008 00       		.space	1
 754              		.type	a_seg5, %object
 755              		.size	a_seg5, 1
 756              	a_seg5:
 757 0009 00       		.space	1
 758              		.type	seg5, %object
 759              		.size	seg5, 1
 760              	seg5:
 761 000a 00       		.space	1
 762              		.type	band_5seg, %object
 763              		.size	band_5seg, 1
 764              	band_5seg:
 765 000b 00       		.space	1
 766              		.type	c, %object
 767              		.size	c, 2
 768              	c:
 769 000c 0000     		.space	2
 770              		.type	band_lcd, %object
 771              		.size	band_lcd, 1
 772              	band_lcd:
 773 000e 00       		.space	1
 774              		.text
 775              	.Letext0:
 776              		.file 2 "c:\\program files (x86)\\cypress\\psoc creator\\4.4\\psoc creator\\import\\gnu\\arm\\5.4.
 777              		.file 3 "c:\\program files (x86)\\cypress\\psoc creator\\4.4\\psoc creator\\import\\gnu\\arm\\5.4.
 778              		.file 4 "Generated_Source\\PSoC5/cytypes.h"
 779              		.file 5 "Generated_Source\\PSoC5/core_cm3.h"
 780              		.file 6 "Generated_Source\\PSoC5/UART_1.h"
 781              		.file 7 "Generated_Source\\PSoC5/LCD.h"
 782              		.file 8 "Generated_Source\\PSoC5/LED_Driver.h"
 783              		.file 9 "c:\\program files (x86)\\cypress\\psoc creator\\4.4\\psoc creator\\import\\gnu\\arm\\5.4.
 784              		.file 10 "Generated_Source\\PSoC5/tilt.h"
 785              		.file 11 "Generated_Source\\PSoC5/Counter_1.h"
 786              		.file 12 "Generated_Source\\PSoC5/isr_contador.h"
 787              		.file 13 "Generated_Source\\PSoC5/data.h"
 788              		.section	.debug_info,"",%progbits
 789              	.Ldebug_info0:
 790 0000 BB070000 		.4byte	0x7bb
 791 0004 0400     		.2byte	0x4
 792 0006 00000000 		.4byte	.Ldebug_abbrev0
 793 000a 04       		.byte	0x4
 794 000b 01       		.uleb128 0x1
 795 000c 08030000 		.4byte	.LASF60
 796 0010 0C       		.byte	0xc
 797 0011 83020000 		.4byte	.LASF61
 798 0015 A4010000 		.4byte	.LASF62
 799 0019 00000000 		.4byte	.Ldebug_ranges0+0
 800 001d 00000000 		.4byte	0
 801 0021 00000000 		.4byte	.Ldebug_line0
 802 0025 02       		.uleb128 0x2
 803 0026 01       		.byte	0x1
 804 0027 06       		.byte	0x6
 805 0028 54010000 		.4byte	.LASF0
 806 002c 03       		.uleb128 0x3
ARM GAS  C:\Users\MIGUEL\AppData\Local\Temp\cc0AkCsY.s 			page 19


 807 002d F8000000 		.4byte	.LASF4
 808 0031 02       		.byte	0x2
 809 0032 1D       		.byte	0x1d
 810 0033 37000000 		.4byte	0x37
 811 0037 02       		.uleb128 0x2
 812 0038 01       		.byte	0x1
 813 0039 08       		.byte	0x8
 814 003a 20010000 		.4byte	.LASF1
 815 003e 02       		.uleb128 0x2
 816 003f 02       		.byte	0x2
 817 0040 05       		.byte	0x5
 818 0041 35000000 		.4byte	.LASF2
 819 0045 02       		.uleb128 0x2
 820 0046 02       		.byte	0x2
 821 0047 07       		.byte	0x7
 822 0048 64020000 		.4byte	.LASF3
 823 004c 03       		.uleb128 0x3
 824 004d BB020000 		.4byte	.LASF5
 825 0051 02       		.byte	0x2
 826 0052 3F       		.byte	0x3f
 827 0053 57000000 		.4byte	0x57
 828 0057 02       		.uleb128 0x2
 829 0058 04       		.byte	0x4
 830 0059 05       		.byte	0x5
 831 005a 3E020000 		.4byte	.LASF6
 832 005e 02       		.uleb128 0x2
 833 005f 04       		.byte	0x4
 834 0060 07       		.byte	0x7
 835 0061 8A020000 		.4byte	.LASF7
 836 0065 02       		.uleb128 0x2
 837 0066 08       		.byte	0x8
 838 0067 05       		.byte	0x5
 839 0068 C6000000 		.4byte	.LASF8
 840 006c 02       		.uleb128 0x2
 841 006d 08       		.byte	0x8
 842 006e 07       		.byte	0x7
 843 006f 60010000 		.4byte	.LASF9
 844 0073 04       		.uleb128 0x4
 845 0074 04       		.byte	0x4
 846 0075 05       		.byte	0x5
 847 0076 696E7400 		.ascii	"int\000"
 848 007a 02       		.uleb128 0x2
 849 007b 04       		.byte	0x4
 850 007c 07       		.byte	0x7
 851 007d 87010000 		.4byte	.LASF10
 852 0081 03       		.uleb128 0x3
 853 0082 E0020000 		.4byte	.LASF11
 854 0086 03       		.byte	0x3
 855 0087 18       		.byte	0x18
 856 0088 2C000000 		.4byte	0x2c
 857 008c 03       		.uleb128 0x3
 858 008d 47020000 		.4byte	.LASF12
 859 0091 03       		.byte	0x3
 860 0092 2C       		.byte	0x2c
 861 0093 4C000000 		.4byte	0x4c
 862 0097 05       		.uleb128 0x5
 863 0098 77020000 		.4byte	.LASF13
ARM GAS  C:\Users\MIGUEL\AppData\Local\Temp\cc0AkCsY.s 			page 20


 864 009c 04       		.byte	0x4
 865 009d E801     		.2byte	0x1e8
 866 009f 37000000 		.4byte	0x37
 867 00a3 05       		.uleb128 0x5
 868 00a4 5C000000 		.4byte	.LASF14
 869 00a8 04       		.byte	0x4
 870 00a9 E901     		.2byte	0x1e9
 871 00ab 45000000 		.4byte	0x45
 872 00af 02       		.uleb128 0x2
 873 00b0 04       		.byte	0x4
 874 00b1 04       		.byte	0x4
 875 00b2 BB000000 		.4byte	.LASF15
 876 00b6 02       		.uleb128 0x2
 877 00b7 08       		.byte	0x8
 878 00b8 04       		.byte	0x4
 879 00b9 9C020000 		.4byte	.LASF16
 880 00bd 02       		.uleb128 0x2
 881 00be 01       		.byte	0x1
 882 00bf 08       		.byte	0x8
 883 00c0 39020000 		.4byte	.LASF17
 884 00c4 02       		.uleb128 0x2
 885 00c5 08       		.byte	0x8
 886 00c6 04       		.byte	0x4
 887 00c7 0C010000 		.4byte	.LASF18
 888 00cb 02       		.uleb128 0x2
 889 00cc 04       		.byte	0x4
 890 00cd 07       		.byte	0x7
 891 00ce 3F000000 		.4byte	.LASF19
 892 00d2 06       		.uleb128 0x6
 893 00d3 2E010000 		.4byte	.LASF63
 894 00d7 01       		.byte	0x1
 895 00d8 26       		.byte	0x26
 896 00d9 00000000 		.4byte	.LFB64
 897 00dd 0C000000 		.4byte	.LFE64-.LFB64
 898 00e1 01       		.uleb128 0x1
 899 00e2 9C       		.byte	0x9c
 900 00e3 07       		.uleb128 0x7
 901 00e4 F5020000 		.4byte	.LASF20
 902 00e8 01       		.byte	0x1
 903 00e9 2A       		.byte	0x2a
 904 00ea 00000000 		.4byte	.LFB65
 905 00ee 14000000 		.4byte	.LFE65-.LFB65
 906 00f2 01       		.uleb128 0x1
 907 00f3 9C       		.byte	0x9c
 908 00f4 02010000 		.4byte	0x102
 909 00f8 08       		.uleb128 0x8
 910 00f9 06000000 		.4byte	.LVL0
 911 00fd ED060000 		.4byte	0x6ed
 912 0101 00       		.byte	0
 913 0102 07       		.uleb128 0x7
 914 0103 80000000 		.4byte	.LASF21
 915 0107 01       		.byte	0x1
 916 0108 31       		.byte	0x31
 917 0109 00000000 		.4byte	.LFB66
 918 010d 88000000 		.4byte	.LFE66-.LFB66
 919 0111 01       		.uleb128 0x1
 920 0112 9C       		.byte	0x9c
ARM GAS  C:\Users\MIGUEL\AppData\Local\Temp\cc0AkCsY.s 			page 21


 921 0113 B9020000 		.4byte	0x2b9
 922 0117 09       		.uleb128 0x9
 923 0118 666C00   		.ascii	"fl\000"
 924 011b 01       		.byte	0x1
 925 011c 31       		.byte	0x31
 926 011d 73000000 		.4byte	0x73
 927 0121 00000000 		.4byte	.LLST0
 928 0125 09       		.uleb128 0x9
 929 0126 74656D00 		.ascii	"tem\000"
 930 012a 01       		.byte	0x1
 931 012b 31       		.byte	0x31
 932 012c 73000000 		.4byte	0x73
 933 0130 2C000000 		.4byte	.LLST1
 934 0134 09       		.uleb128 0x9
 935 0135 6800     		.ascii	"h\000"
 936 0137 01       		.byte	0x1
 937 0138 31       		.byte	0x31
 938 0139 73000000 		.4byte	0x73
 939 013d 58000000 		.4byte	.LLST2
 940 0141 09       		.uleb128 0x9
 941 0142 6D696E00 		.ascii	"min\000"
 942 0146 01       		.byte	0x1
 943 0147 31       		.byte	0x31
 944 0148 73000000 		.4byte	0x73
 945 014c 84000000 		.4byte	.LLST3
 946 0150 09       		.uleb128 0x9
 947 0151 73656300 		.ascii	"sec\000"
 948 0155 01       		.byte	0x1
 949 0156 31       		.byte	0x31
 950 0157 73000000 		.4byte	0x73
 951 015b B0000000 		.4byte	.LLST4
 952 015f 0A       		.uleb128 0xa
 953 0160 C1000000 		.4byte	.LASF22
 954 0164 01       		.byte	0x1
 955 0165 36       		.byte	0x36
 956 0166 B9020000 		.4byte	0x2b9
 957 016a 03       		.uleb128 0x3
 958 016b 91       		.byte	0x91
 959 016c B47F     		.sleb128 -76
 960 016e 0A       		.uleb128 0xa
 961 016f 9B000000 		.4byte	.LASF23
 962 0173 01       		.byte	0x1
 963 0174 37       		.byte	0x37
 964 0175 B9020000 		.4byte	0x2b9
 965 0179 03       		.uleb128 0x3
 966 017a 91       		.byte	0x91
 967 017b 807F     		.sleb128 -128
 968 017d 0A       		.uleb128 0xa
 969 017e B5000000 		.4byte	.LASF24
 970 0182 01       		.byte	0x1
 971 0183 38       		.byte	0x38
 972 0184 B9020000 		.4byte	0x2b9
 973 0188 03       		.uleb128 0x3
 974 0189 91       		.byte	0x91
 975 018a CC7E     		.sleb128 -180
 976 018c 0B       		.uleb128 0xb
 977 018d 12000000 		.4byte	.LVL3
ARM GAS  C:\Users\MIGUEL\AppData\Local\Temp\cc0AkCsY.s 			page 22


 978 0191 F8060000 		.4byte	0x6f8
 979 0195 9F010000 		.4byte	0x19f
 980 0199 0C       		.uleb128 0xc
 981 019a 01       		.uleb128 0x1
 982 019b 50       		.byte	0x50
 983 019c 01       		.uleb128 0x1
 984 019d 31       		.byte	0x31
 985 019e 00       		.byte	0
 986 019f 0B       		.uleb128 0xb
 987 01a0 22000000 		.4byte	.LVL4
 988 01a4 03070000 		.4byte	0x703
 989 01a8 BB010000 		.4byte	0x1bb
 990 01ac 0C       		.uleb128 0xc
 991 01ad 01       		.uleb128 0x1
 992 01ae 50       		.byte	0x50
 993 01af 05       		.uleb128 0x5
 994 01b0 03       		.byte	0x3
 995 01b1 00000000 		.4byte	.LC0
 996 01b5 0C       		.uleb128 0xc
 997 01b6 01       		.uleb128 0x1
 998 01b7 51       		.byte	0x51
 999 01b8 01       		.uleb128 0x1
 1000 01b9 30       		.byte	0x30
 1001 01ba 00       		.byte	0
 1002 01bb 0B       		.uleb128 0xb
 1003 01bc 2A000000 		.4byte	.LVL5
 1004 01c0 0E070000 		.4byte	0x70e
 1005 01c4 D3010000 		.4byte	0x1d3
 1006 01c8 0C       		.uleb128 0xc
 1007 01c9 01       		.uleb128 0x1
 1008 01ca 50       		.byte	0x50
 1009 01cb 01       		.uleb128 0x1
 1010 01cc 30       		.byte	0x30
 1011 01cd 0C       		.uleb128 0xc
 1012 01ce 01       		.uleb128 0x1
 1013 01cf 51       		.byte	0x51
 1014 01d0 01       		.uleb128 0x1
 1015 01d1 30       		.byte	0x30
 1016 01d2 00       		.byte	0
 1017 01d3 0B       		.uleb128 0xb
 1018 01d4 34000000 		.4byte	.LVL6
 1019 01d8 19070000 		.4byte	0x719
 1020 01dc F7010000 		.4byte	0x1f7
 1021 01e0 0C       		.uleb128 0xc
 1022 01e1 01       		.uleb128 0x1
 1023 01e2 50       		.byte	0x50
 1024 01e3 03       		.uleb128 0x3
 1025 01e4 91       		.byte	0x91
 1026 01e5 B47F     		.sleb128 -76
 1027 01e7 0C       		.uleb128 0xc
 1028 01e8 01       		.uleb128 0x1
 1029 01e9 51       		.byte	0x51
 1030 01ea 05       		.uleb128 0x5
 1031 01eb 03       		.byte	0x3
 1032 01ec 08000000 		.4byte	.LC1
 1033 01f0 0C       		.uleb128 0xc
 1034 01f1 01       		.uleb128 0x1
ARM GAS  C:\Users\MIGUEL\AppData\Local\Temp\cc0AkCsY.s 			page 23


 1035 01f2 52       		.byte	0x52
 1036 01f3 02       		.uleb128 0x2
 1037 01f4 77       		.byte	0x77
 1038 01f5 00       		.sleb128 0
 1039 01f6 00       		.byte	0
 1040 01f7 0B       		.uleb128 0xb
 1041 01f8 3A000000 		.4byte	.LVL7
 1042 01fc 24070000 		.4byte	0x724
 1043 0200 0C020000 		.4byte	0x20c
 1044 0204 0C       		.uleb128 0xc
 1045 0205 01       		.uleb128 0x1
 1046 0206 50       		.byte	0x50
 1047 0207 03       		.uleb128 0x3
 1048 0208 91       		.byte	0x91
 1049 0209 B47F     		.sleb128 -76
 1050 020b 00       		.byte	0
 1051 020c 0B       		.uleb128 0xb
 1052 020d 42000000 		.4byte	.LVL8
 1053 0211 0E070000 		.4byte	0x70e
 1054 0215 24020000 		.4byte	0x224
 1055 0219 0C       		.uleb128 0xc
 1056 021a 01       		.uleb128 0x1
 1057 021b 50       		.byte	0x50
 1058 021c 01       		.uleb128 0x1
 1059 021d 31       		.byte	0x31
 1060 021e 0C       		.uleb128 0xc
 1061 021f 01       		.uleb128 0x1
 1062 0220 51       		.byte	0x51
 1063 0221 01       		.uleb128 0x1
 1064 0222 30       		.byte	0x30
 1065 0223 00       		.byte	0
 1066 0224 0B       		.uleb128 0xb
 1067 0225 4C000000 		.4byte	.LVL9
 1068 0229 19070000 		.4byte	0x719
 1069 022d 48020000 		.4byte	0x248
 1070 0231 0C       		.uleb128 0xc
 1071 0232 01       		.uleb128 0x1
 1072 0233 50       		.byte	0x50
 1073 0234 03       		.uleb128 0x3
 1074 0235 91       		.byte	0x91
 1075 0236 807F     		.sleb128 -128
 1076 0238 0C       		.uleb128 0xc
 1077 0239 01       		.uleb128 0x1
 1078 023a 51       		.byte	0x51
 1079 023b 05       		.uleb128 0x5
 1080 023c 03       		.byte	0x3
 1081 023d 20000000 		.4byte	.LC2
 1082 0241 0C       		.uleb128 0xc
 1083 0242 01       		.uleb128 0x1
 1084 0243 52       		.byte	0x52
 1085 0244 02       		.uleb128 0x2
 1086 0245 76       		.byte	0x76
 1087 0246 00       		.sleb128 0
 1088 0247 00       		.byte	0
 1089 0248 0B       		.uleb128 0xb
 1090 0249 52000000 		.4byte	.LVL10
 1091 024d 24070000 		.4byte	0x724
ARM GAS  C:\Users\MIGUEL\AppData\Local\Temp\cc0AkCsY.s 			page 24


 1092 0251 5D020000 		.4byte	0x25d
 1093 0255 0C       		.uleb128 0xc
 1094 0256 01       		.uleb128 0x1
 1095 0257 50       		.byte	0x50
 1096 0258 03       		.uleb128 0x3
 1097 0259 91       		.byte	0x91
 1098 025a 807F     		.sleb128 -128
 1099 025c 00       		.byte	0
 1100 025d 0B       		.uleb128 0xb
 1101 025e 5A000000 		.4byte	.LVL11
 1102 0262 0E070000 		.4byte	0x70e
 1103 0266 75020000 		.4byte	0x275
 1104 026a 0C       		.uleb128 0xc
 1105 026b 01       		.uleb128 0x1
 1106 026c 50       		.byte	0x50
 1107 026d 01       		.uleb128 0x1
 1108 026e 33       		.byte	0x33
 1109 026f 0C       		.uleb128 0xc
 1110 0270 01       		.uleb128 0x1
 1111 0271 51       		.byte	0x51
 1112 0272 01       		.uleb128 0x1
 1113 0273 30       		.byte	0x30
 1114 0274 00       		.byte	0
 1115 0275 0B       		.uleb128 0xb
 1116 0276 6A000000 		.4byte	.LVL12
 1117 027a 19070000 		.4byte	0x719
 1118 027e A7020000 		.4byte	0x2a7
 1119 0282 0C       		.uleb128 0xc
 1120 0283 01       		.uleb128 0x1
 1121 0284 50       		.byte	0x50
 1122 0285 03       		.uleb128 0x3
 1123 0286 91       		.byte	0x91
 1124 0287 CC7E     		.sleb128 -180
 1125 0289 0C       		.uleb128 0xc
 1126 028a 01       		.uleb128 0x1
 1127 028b 51       		.byte	0x51
 1128 028c 05       		.uleb128 0x5
 1129 028d 03       		.byte	0x3
 1130 028e 38000000 		.4byte	.LC3
 1131 0292 0C       		.uleb128 0xc
 1132 0293 01       		.uleb128 0x1
 1133 0294 52       		.byte	0x52
 1134 0295 02       		.uleb128 0x2
 1135 0296 74       		.byte	0x74
 1136 0297 00       		.sleb128 0
 1137 0298 0C       		.uleb128 0xc
 1138 0299 01       		.uleb128 0x1
 1139 029a 53       		.byte	0x53
 1140 029b 02       		.uleb128 0x2
 1141 029c 75       		.byte	0x75
 1142 029d 00       		.sleb128 0
 1143 029e 0C       		.uleb128 0xc
 1144 029f 02       		.uleb128 0x2
 1145 02a0 7D       		.byte	0x7d
 1146 02a1 00       		.sleb128 0
 1147 02a2 03       		.uleb128 0x3
 1148 02a3 91       		.byte	0x91
ARM GAS  C:\Users\MIGUEL\AppData\Local\Temp\cc0AkCsY.s 			page 25


 1149 02a4 00       		.sleb128 0
 1150 02a5 06       		.byte	0x6
 1151 02a6 00       		.byte	0
 1152 02a7 0D       		.uleb128 0xd
 1153 02a8 70000000 		.4byte	.LVL13
 1154 02ac 24070000 		.4byte	0x724
 1155 02b0 0C       		.uleb128 0xc
 1156 02b1 01       		.uleb128 0x1
 1157 02b2 50       		.byte	0x50
 1158 02b3 03       		.uleb128 0x3
 1159 02b4 91       		.byte	0x91
 1160 02b5 CC7E     		.sleb128 -180
 1161 02b7 00       		.byte	0
 1162 02b8 00       		.byte	0
 1163 02b9 0E       		.uleb128 0xe
 1164 02ba BD000000 		.4byte	0xbd
 1165 02be C9020000 		.4byte	0x2c9
 1166 02c2 0F       		.uleb128 0xf
 1167 02c3 CB000000 		.4byte	0xcb
 1168 02c7 31       		.byte	0x31
 1169 02c8 00       		.byte	0
 1170 02c9 10       		.uleb128 0x10
 1171 02ca 48000000 		.4byte	.LASF25
 1172 02ce 01       		.byte	0x1
 1173 02cf 44       		.byte	0x44
 1174 02d0 00000000 		.4byte	.LFB67
 1175 02d4 A0000000 		.4byte	.LFE67-.LFB67
 1176 02d8 01       		.uleb128 0x1
 1177 02d9 9C       		.byte	0x9c
 1178 02da F0020000 		.4byte	0x2f0
 1179 02de 0D       		.uleb128 0xd
 1180 02df 38000000 		.4byte	.LVL15
 1181 02e3 02010000 		.4byte	0x102
 1182 02e7 0C       		.uleb128 0xc
 1183 02e8 02       		.uleb128 0x2
 1184 02e9 7D       		.byte	0x7d
 1185 02ea 00       		.sleb128 0
 1186 02eb 02       		.uleb128 0x2
 1187 02ec 75       		.byte	0x75
 1188 02ed 00       		.sleb128 0
 1189 02ee 00       		.byte	0
 1190 02ef 00       		.byte	0
 1191 02f0 10       		.uleb128 0x10
 1192 02f1 C2030000 		.4byte	.LASF26
 1193 02f5 01       		.byte	0x1
 1194 02f6 62       		.byte	0x62
 1195 02f7 00000000 		.4byte	.LFB68
 1196 02fb 68000000 		.4byte	.LFE68-.LFB68
 1197 02ff 01       		.uleb128 0x1
 1198 0300 9C       		.byte	0x9c
 1199 0301 7A030000 		.4byte	0x37a
 1200 0305 0B       		.uleb128 0xb
 1201 0306 2C000000 		.4byte	.LVL16
 1202 030a F8060000 		.4byte	0x6f8
 1203 030e 18030000 		.4byte	0x318
 1204 0312 0C       		.uleb128 0xc
 1205 0313 01       		.uleb128 0x1
ARM GAS  C:\Users\MIGUEL\AppData\Local\Temp\cc0AkCsY.s 			page 26


 1206 0314 50       		.byte	0x50
 1207 0315 01       		.uleb128 0x1
 1208 0316 31       		.byte	0x31
 1209 0317 00       		.byte	0
 1210 0318 08       		.uleb128 0x8
 1211 0319 30000000 		.4byte	.LVL17
 1212 031d 2F070000 		.4byte	0x72f
 1213 0321 0B       		.uleb128 0xb
 1214 0322 36000000 		.4byte	.LVL18
 1215 0326 3A070000 		.4byte	0x73a
 1216 032a 38030000 		.4byte	0x338
 1217 032e 0C       		.uleb128 0xc
 1218 032f 01       		.uleb128 0x1
 1219 0330 50       		.byte	0x50
 1220 0331 05       		.uleb128 0x5
 1221 0332 03       		.byte	0x3
 1222 0333 54000000 		.4byte	.LC4
 1223 0337 00       		.byte	0
 1224 0338 0B       		.uleb128 0xb
 1225 0339 3E000000 		.4byte	.LVL19
 1226 033d 0E070000 		.4byte	0x70e
 1227 0341 50030000 		.4byte	0x350
 1228 0345 0C       		.uleb128 0xc
 1229 0346 01       		.uleb128 0x1
 1230 0347 50       		.byte	0x50
 1231 0348 01       		.uleb128 0x1
 1232 0349 30       		.byte	0x30
 1233 034a 0C       		.uleb128 0xc
 1234 034b 01       		.uleb128 0x1
 1235 034c 51       		.byte	0x51
 1236 034d 01       		.uleb128 0x1
 1237 034e 30       		.byte	0x30
 1238 034f 00       		.byte	0
 1239 0350 0B       		.uleb128 0xb
 1240 0351 44000000 		.4byte	.LVL20
 1241 0355 24070000 		.4byte	0x724
 1242 0359 67030000 		.4byte	0x367
 1243 035d 0C       		.uleb128 0xc
 1244 035e 01       		.uleb128 0x1
 1245 035f 50       		.byte	0x50
 1246 0360 05       		.uleb128 0x5
 1247 0361 03       		.byte	0x3
 1248 0362 6C000000 		.4byte	.LC5
 1249 0366 00       		.byte	0
 1250 0367 08       		.uleb128 0x8
 1251 0368 48000000 		.4byte	.LVL21
 1252 036c 45070000 		.4byte	0x745
 1253 0370 08       		.uleb128 0x8
 1254 0371 52000000 		.4byte	.LVL22
 1255 0375 50070000 		.4byte	0x750
 1256 0379 00       		.byte	0
 1257 037a 11       		.uleb128 0x11
 1258 037b 4E000000 		.4byte	.LASF64
 1259 037f 01       		.byte	0x1
 1260 0380 79       		.byte	0x79
 1261 0381 73000000 		.4byte	0x73
 1262 0385 00000000 		.4byte	.LFB69
ARM GAS  C:\Users\MIGUEL\AppData\Local\Temp\cc0AkCsY.s 			page 27


 1263 0389 5C010000 		.4byte	.LFE69-.LFB69
 1264 038d 01       		.uleb128 0x1
 1265 038e 9C       		.byte	0x9c
 1266 038f 8E050000 		.4byte	0x58e
 1267 0393 08       		.uleb128 0x8
 1268 0394 08000000 		.4byte	.LVL23
 1269 0398 5B070000 		.4byte	0x75b
 1270 039c 08       		.uleb128 0x8
 1271 039d 0C000000 		.4byte	.LVL24
 1272 03a1 66070000 		.4byte	0x766
 1273 03a5 0B       		.uleb128 0xb
 1274 03a6 12000000 		.4byte	.LVL25
 1275 03aa 71070000 		.4byte	0x771
 1276 03ae BC030000 		.4byte	0x3bc
 1277 03b2 0C       		.uleb128 0xc
 1278 03b3 01       		.uleb128 0x1
 1279 03b4 50       		.byte	0x50
 1280 03b5 05       		.uleb128 0x5
 1281 03b6 03       		.byte	0x3
 1282 03b7 00000000 		.4byte	contar
 1283 03bb 00       		.byte	0
 1284 03bc 0B       		.uleb128 0xb
 1285 03bd 18000000 		.4byte	.LVL26
 1286 03c1 7C070000 		.4byte	0x77c
 1287 03c5 D3030000 		.4byte	0x3d3
 1288 03c9 0C       		.uleb128 0xc
 1289 03ca 01       		.uleb128 0x1
 1290 03cb 50       		.byte	0x50
 1291 03cc 05       		.uleb128 0x5
 1292 03cd 03       		.byte	0x3
 1293 03ce 00000000 		.4byte	datos
 1294 03d2 00       		.byte	0
 1295 03d3 08       		.uleb128 0x8
 1296 03d4 1C000000 		.4byte	.LVL27
 1297 03d8 87070000 		.4byte	0x787
 1298 03dc 08       		.uleb128 0x8
 1299 03dd 20000000 		.4byte	.LVL28
 1300 03e1 92070000 		.4byte	0x792
 1301 03e5 08       		.uleb128 0x8
 1302 03e6 6A000000 		.4byte	.LVL29
 1303 03ea 9D070000 		.4byte	0x79d
 1304 03ee 0B       		.uleb128 0xb
 1305 03ef 78000000 		.4byte	.LVL30
 1306 03f3 19070000 		.4byte	0x719
 1307 03f7 0B040000 		.4byte	0x40b
 1308 03fb 0C       		.uleb128 0xc
 1309 03fc 01       		.uleb128 0x1
 1310 03fd 50       		.byte	0x50
 1311 03fe 02       		.uleb128 0x2
 1312 03ff 75       		.byte	0x75
 1313 0400 00       		.sleb128 0
 1314 0401 0C       		.uleb128 0xc
 1315 0402 01       		.uleb128 0x1
 1316 0403 51       		.byte	0x51
 1317 0404 05       		.uleb128 0x5
 1318 0405 03       		.byte	0x3
 1319 0406 80000000 		.4byte	.LC6
ARM GAS  C:\Users\MIGUEL\AppData\Local\Temp\cc0AkCsY.s 			page 28


 1320 040a 00       		.byte	0
 1321 040b 0B       		.uleb128 0xb
 1322 040c 80000000 		.4byte	.LVL31
 1323 0410 03070000 		.4byte	0x703
 1324 0414 25040000 		.4byte	0x425
 1325 0418 0C       		.uleb128 0xc
 1326 0419 01       		.uleb128 0x1
 1327 041a 50       		.byte	0x50
 1328 041b 02       		.uleb128 0x2
 1329 041c 75       		.byte	0x75
 1330 041d 00       		.sleb128 0
 1331 041e 0C       		.uleb128 0xc
 1332 041f 01       		.uleb128 0x1
 1333 0420 51       		.byte	0x51
 1334 0421 02       		.uleb128 0x2
 1335 0422 74       		.byte	0x74
 1336 0423 00       		.sleb128 0
 1337 0424 00       		.byte	0
 1338 0425 08       		.uleb128 0x8
 1339 0426 84000000 		.4byte	.LVL32
 1340 042a C9020000 		.4byte	0x2c9
 1341 042e 08       		.uleb128 0x8
 1342 042f 92000000 		.4byte	.LVL33
 1343 0433 9D070000 		.4byte	0x79d
 1344 0437 0B       		.uleb128 0xb
 1345 0438 A0000000 		.4byte	.LVL34
 1346 043c 19070000 		.4byte	0x719
 1347 0440 54040000 		.4byte	0x454
 1348 0444 0C       		.uleb128 0xc
 1349 0445 01       		.uleb128 0x1
 1350 0446 50       		.byte	0x50
 1351 0447 02       		.uleb128 0x2
 1352 0448 75       		.byte	0x75
 1353 0449 00       		.sleb128 0
 1354 044a 0C       		.uleb128 0xc
 1355 044b 01       		.uleb128 0x1
 1356 044c 51       		.byte	0x51
 1357 044d 05       		.uleb128 0x5
 1358 044e 03       		.byte	0x3
 1359 044f 88000000 		.4byte	.LC7
 1360 0453 00       		.byte	0
 1361 0454 0B       		.uleb128 0xb
 1362 0455 A8000000 		.4byte	.LVL35
 1363 0459 03070000 		.4byte	0x703
 1364 045d 6E040000 		.4byte	0x46e
 1365 0461 0C       		.uleb128 0xc
 1366 0462 01       		.uleb128 0x1
 1367 0463 50       		.byte	0x50
 1368 0464 02       		.uleb128 0x2
 1369 0465 75       		.byte	0x75
 1370 0466 00       		.sleb128 0
 1371 0467 0C       		.uleb128 0xc
 1372 0468 01       		.uleb128 0x1
 1373 0469 51       		.byte	0x51
 1374 046a 02       		.uleb128 0x2
 1375 046b 74       		.byte	0x74
 1376 046c 00       		.sleb128 0
ARM GAS  C:\Users\MIGUEL\AppData\Local\Temp\cc0AkCsY.s 			page 29


 1377 046d 00       		.byte	0
 1378 046e 0B       		.uleb128 0xb
 1379 046f B0000000 		.4byte	.LVL36
 1380 0473 A8070000 		.4byte	0x7a8
 1381 0477 87040000 		.4byte	0x487
 1382 047b 0C       		.uleb128 0xc
 1383 047c 01       		.uleb128 0x1
 1384 047d 50       		.byte	0x50
 1385 047e 02       		.uleb128 0x2
 1386 047f 08       		.byte	0x8
 1387 0480 6F       		.byte	0x6f
 1388 0481 0C       		.uleb128 0xc
 1389 0482 01       		.uleb128 0x1
 1390 0483 51       		.byte	0x51
 1391 0484 01       		.uleb128 0x1
 1392 0485 32       		.byte	0x32
 1393 0486 00       		.byte	0
 1394 0487 0B       		.uleb128 0xb
 1395 0488 B8000000 		.4byte	.LVL37
 1396 048c B3070000 		.4byte	0x7b3
 1397 0490 9F040000 		.4byte	0x49f
 1398 0494 0C       		.uleb128 0xc
 1399 0495 01       		.uleb128 0x1
 1400 0496 50       		.byte	0x50
 1401 0497 01       		.uleb128 0x1
 1402 0498 3C       		.byte	0x3c
 1403 0499 0C       		.uleb128 0xc
 1404 049a 01       		.uleb128 0x1
 1405 049b 51       		.byte	0x51
 1406 049c 01       		.uleb128 0x1
 1407 049d 33       		.byte	0x33
 1408 049e 00       		.byte	0
 1409 049f 08       		.uleb128 0x8
 1410 04a0 BC000000 		.4byte	.LVL38
 1411 04a4 C9020000 		.4byte	0x2c9
 1412 04a8 08       		.uleb128 0x8
 1413 04a9 CC000000 		.4byte	.LVL39
 1414 04ad 9D070000 		.4byte	0x79d
 1415 04b1 0B       		.uleb128 0xb
 1416 04b2 E0000000 		.4byte	.LVL40
 1417 04b6 19070000 		.4byte	0x719
 1418 04ba CE040000 		.4byte	0x4ce
 1419 04be 0C       		.uleb128 0xc
 1420 04bf 01       		.uleb128 0x1
 1421 04c0 50       		.byte	0x50
 1422 04c1 02       		.uleb128 0x2
 1423 04c2 74       		.byte	0x74
 1424 04c3 00       		.sleb128 0
 1425 04c4 0C       		.uleb128 0xc
 1426 04c5 01       		.uleb128 0x1
 1427 04c6 51       		.byte	0x51
 1428 04c7 05       		.uleb128 0x5
 1429 04c8 03       		.byte	0x3
 1430 04c9 88000000 		.4byte	.LC7
 1431 04cd 00       		.byte	0
 1432 04ce 0B       		.uleb128 0xb
 1433 04cf E8000000 		.4byte	.LVL41
ARM GAS  C:\Users\MIGUEL\AppData\Local\Temp\cc0AkCsY.s 			page 30


 1434 04d3 03070000 		.4byte	0x703
 1435 04d7 E7040000 		.4byte	0x4e7
 1436 04db 0C       		.uleb128 0xc
 1437 04dc 01       		.uleb128 0x1
 1438 04dd 50       		.byte	0x50
 1439 04de 02       		.uleb128 0x2
 1440 04df 74       		.byte	0x74
 1441 04e0 00       		.sleb128 0
 1442 04e1 0C       		.uleb128 0xc
 1443 04e2 01       		.uleb128 0x1
 1444 04e3 51       		.byte	0x51
 1445 04e4 01       		.uleb128 0x1
 1446 04e5 30       		.byte	0x30
 1447 04e6 00       		.byte	0
 1448 04e7 0B       		.uleb128 0xb
 1449 04e8 F0000000 		.4byte	.LVL42
 1450 04ec A8070000 		.4byte	0x7a8
 1451 04f0 00050000 		.4byte	0x500
 1452 04f4 0C       		.uleb128 0xc
 1453 04f5 01       		.uleb128 0x1
 1454 04f6 50       		.byte	0x50
 1455 04f7 02       		.uleb128 0x2
 1456 04f8 08       		.byte	0x8
 1457 04f9 6F       		.byte	0x6f
 1458 04fa 0C       		.uleb128 0xc
 1459 04fb 01       		.uleb128 0x1
 1460 04fc 51       		.byte	0x51
 1461 04fd 01       		.uleb128 0x1
 1462 04fe 32       		.byte	0x32
 1463 04ff 00       		.byte	0
 1464 0500 0B       		.uleb128 0xb
 1465 0501 F8000000 		.4byte	.LVL43
 1466 0505 B3070000 		.4byte	0x7b3
 1467 0509 18050000 		.4byte	0x518
 1468 050d 0C       		.uleb128 0xc
 1469 050e 01       		.uleb128 0x1
 1470 050f 50       		.byte	0x50
 1471 0510 01       		.uleb128 0x1
 1472 0511 3C       		.byte	0x3c
 1473 0512 0C       		.uleb128 0xc
 1474 0513 01       		.uleb128 0x1
 1475 0514 51       		.byte	0x51
 1476 0515 01       		.uleb128 0x1
 1477 0516 33       		.byte	0x33
 1478 0517 00       		.byte	0
 1479 0518 08       		.uleb128 0x8
 1480 0519 FC000000 		.4byte	.LVL44
 1481 051d C9020000 		.4byte	0x2c9
 1482 0521 0B       		.uleb128 0xb
 1483 0522 0E010000 		.4byte	.LVL45
 1484 0526 19070000 		.4byte	0x719
 1485 052a 3E050000 		.4byte	0x53e
 1486 052e 0C       		.uleb128 0xc
 1487 052f 01       		.uleb128 0x1
 1488 0530 50       		.byte	0x50
 1489 0531 02       		.uleb128 0x2
 1490 0532 74       		.byte	0x74
ARM GAS  C:\Users\MIGUEL\AppData\Local\Temp\cc0AkCsY.s 			page 31


 1491 0533 00       		.sleb128 0
 1492 0534 0C       		.uleb128 0xc
 1493 0535 01       		.uleb128 0x1
 1494 0536 51       		.byte	0x51
 1495 0537 05       		.uleb128 0x5
 1496 0538 03       		.byte	0x3
 1497 0539 80000000 		.4byte	.LC6
 1498 053d 00       		.byte	0
 1499 053e 0B       		.uleb128 0xb
 1500 053f 16010000 		.4byte	.LVL46
 1501 0543 03070000 		.4byte	0x703
 1502 0547 57050000 		.4byte	0x557
 1503 054b 0C       		.uleb128 0xc
 1504 054c 01       		.uleb128 0x1
 1505 054d 50       		.byte	0x50
 1506 054e 02       		.uleb128 0x2
 1507 054f 74       		.byte	0x74
 1508 0550 00       		.sleb128 0
 1509 0551 0C       		.uleb128 0xc
 1510 0552 01       		.uleb128 0x1
 1511 0553 51       		.byte	0x51
 1512 0554 01       		.uleb128 0x1
 1513 0555 30       		.byte	0x30
 1514 0556 00       		.byte	0
 1515 0557 08       		.uleb128 0x8
 1516 0558 1A010000 		.4byte	.LVL47
 1517 055c C9020000 		.4byte	0x2c9
 1518 0560 08       		.uleb128 0x8
 1519 0561 24010000 		.4byte	.LVL48
 1520 0565 92070000 		.4byte	0x792
 1521 0569 08       		.uleb128 0x8
 1522 056a 2C010000 		.4byte	.LVL49
 1523 056e C9020000 		.4byte	0x2c9
 1524 0572 08       		.uleb128 0x8
 1525 0573 32010000 		.4byte	.LVL50
 1526 0577 92070000 		.4byte	0x792
 1527 057b 08       		.uleb128 0x8
 1528 057c 36010000 		.4byte	.LVL51
 1529 0580 F0020000 		.4byte	0x2f0
 1530 0584 08       		.uleb128 0x8
 1531 0585 3C010000 		.4byte	.LVL52
 1532 0589 F0020000 		.4byte	0x2f0
 1533 058d 00       		.byte	0
 1534 058e 12       		.uleb128 0x12
 1535 058f FB020000 		.4byte	.LASF27
 1536 0593 05       		.byte	0x5
 1537 0594 1207     		.2byte	0x712
 1538 0596 9A050000 		.4byte	0x59a
 1539 059a 13       		.uleb128 0x13
 1540 059b 8C000000 		.4byte	0x8c
 1541 059f 14       		.uleb128 0x14
 1542 05a0 18010000 		.4byte	.LASF28
 1543 05a4 01       		.byte	0x1
 1544 05a5 10       		.byte	0x10
 1545 05a6 81000000 		.4byte	0x81
 1546 05aa 05       		.uleb128 0x5
 1547 05ab 03       		.byte	0x3
ARM GAS  C:\Users\MIGUEL\AppData\Local\Temp\cc0AkCsY.s 			page 32


 1548 05ac 00000000 		.4byte	lectura
 1549 05b0 14       		.uleb128 0x14
 1550 05b1 22020000 		.4byte	.LASF29
 1551 05b5 01       		.byte	0x1
 1552 05b6 11       		.byte	0x11
 1553 05b7 81000000 		.4byte	0x81
 1554 05bb 05       		.uleb128 0x5
 1555 05bc 03       		.byte	0x3
 1556 05bd 00000000 		.4byte	bandera
 1557 05c1 15       		.uleb128 0x15
 1558 05c2 666C00   		.ascii	"fl\000"
 1559 05c5 01       		.byte	0x1
 1560 05c6 12       		.byte	0x12
 1561 05c7 73000000 		.4byte	0x73
 1562 05cb 05       		.uleb128 0x5
 1563 05cc 03       		.byte	0x3
 1564 05cd 00000000 		.4byte	fl
 1565 05d1 15       		.uleb128 0x15
 1566 05d2 74656D00 		.ascii	"tem\000"
 1567 05d6 01       		.byte	0x1
 1568 05d7 13       		.byte	0x13
 1569 05d8 73000000 		.4byte	0x73
 1570 05dc 05       		.uleb128 0x5
 1571 05dd 03       		.byte	0x3
 1572 05de 00000000 		.4byte	tem
 1573 05e2 15       		.uleb128 0x15
 1574 05e3 73656700 		.ascii	"seg\000"
 1575 05e7 01       		.byte	0x1
 1576 05e8 14       		.byte	0x14
 1577 05e9 97000000 		.4byte	0x97
 1578 05ed 05       		.uleb128 0x5
 1579 05ee 03       		.byte	0x3
 1580 05ef 00000000 		.4byte	seg
 1581 05f3 15       		.uleb128 0x15
 1582 05f4 6800     		.ascii	"h\000"
 1583 05f6 01       		.byte	0x1
 1584 05f7 15       		.byte	0x15
 1585 05f8 97000000 		.4byte	0x97
 1586 05fc 05       		.uleb128 0x5
 1587 05fd 03       		.byte	0x3
 1588 05fe 00000000 		.4byte	h
 1589 0602 15       		.uleb128 0x15
 1590 0603 6D696E00 		.ascii	"min\000"
 1591 0607 01       		.byte	0x1
 1592 0608 16       		.byte	0x16
 1593 0609 97000000 		.4byte	0x97
 1594 060d 05       		.uleb128 0x5
 1595 060e 03       		.byte	0x3
 1596 060f 00000000 		.4byte	min
 1597 0613 14       		.uleb128 0x14
 1598 0614 00000000 		.4byte	.LASF30
 1599 0618 01       		.byte	0x1
 1600 0619 17       		.byte	0x17
 1601 061a A3000000 		.4byte	0xa3
 1602 061e 05       		.uleb128 0x5
 1603 061f 03       		.byte	0x3
 1604 0620 00000000 		.4byte	mili
ARM GAS  C:\Users\MIGUEL\AppData\Local\Temp\cc0AkCsY.s 			page 33


 1605 0624 14       		.uleb128 0x14
 1606 0625 8C000000 		.4byte	.LASF31
 1607 0629 01       		.byte	0x1
 1608 062a 18       		.byte	0x18
 1609 062b 97000000 		.4byte	0x97
 1610 062f 05       		.uleb128 0x5
 1611 0630 03       		.byte	0x3
 1612 0631 00000000 		.4byte	timer
 1613 0635 15       		.uleb128 0x15
 1614 0636 6300     		.ascii	"c\000"
 1615 0638 01       		.byte	0x1
 1616 0639 19       		.byte	0x19
 1617 063a A3000000 		.4byte	0xa3
 1618 063e 05       		.uleb128 0x5
 1619 063f 03       		.byte	0x3
 1620 0640 00000000 		.4byte	c
 1621 0644 14       		.uleb128 0x14
 1622 0645 CA030000 		.4byte	.LASF32
 1623 0649 01       		.byte	0x1
 1624 064a 1A       		.byte	0x1a
 1625 064b 97000000 		.4byte	0x97
 1626 064f 05       		.uleb128 0x5
 1627 0650 03       		.byte	0x3
 1628 0651 00000000 		.4byte	seg5
 1629 0655 14       		.uleb128 0x14
 1630 0656 2F020000 		.4byte	.LASF33
 1631 065a 01       		.byte	0x1
 1632 065b 1B       		.byte	0x1b
 1633 065c 97000000 		.4byte	0x97
 1634 0660 05       		.uleb128 0x5
 1635 0661 03       		.byte	0x3
 1636 0662 00000000 		.4byte	band_7seg
 1637 0666 14       		.uleb128 0x14
 1638 0667 2B000000 		.4byte	.LASF34
 1639 066b 01       		.byte	0x1
 1640 066c 1C       		.byte	0x1c
 1641 066d 97000000 		.4byte	0x97
 1642 0671 05       		.uleb128 0x5
 1643 0672 03       		.byte	0x3
 1644 0673 00000000 		.4byte	band_5seg
 1645 0677 14       		.uleb128 0x14
 1646 0678 92000000 		.4byte	.LASF35
 1647 067c 01       		.byte	0x1
 1648 067d 1D       		.byte	0x1d
 1649 067e 97000000 		.4byte	0x97
 1650 0682 05       		.uleb128 0x5
 1651 0683 03       		.byte	0x3
 1652 0684 00000000 		.4byte	band_lcd
 1653 0688 14       		.uleb128 0x14
 1654 0689 B4020000 		.4byte	.LASF36
 1655 068d 01       		.byte	0x1
 1656 068e 1E       		.byte	0x1e
 1657 068f 97000000 		.4byte	0x97
 1658 0693 05       		.uleb128 0x5
 1659 0694 03       		.byte	0x3
 1660 0695 00000000 		.4byte	a_seg5
 1661 0699 0E       		.uleb128 0xe
ARM GAS  C:\Users\MIGUEL\AppData\Local\Temp\cc0AkCsY.s 			page 34


 1662 069a BD000000 		.4byte	0xbd
 1663 069e A9060000 		.4byte	0x6a9
 1664 06a2 0F       		.uleb128 0xf
 1665 06a3 CB000000 		.4byte	0xcb
 1666 06a7 03       		.byte	0x3
 1667 06a8 00       		.byte	0
 1668 06a9 14       		.uleb128 0x14
 1669 06aa 2A020000 		.4byte	.LASF37
 1670 06ae 01       		.byte	0x1
 1671 06af 1F       		.byte	0x1f
 1672 06b0 99060000 		.4byte	0x699
 1673 06b4 05       		.uleb128 0x5
 1674 06b5 03       		.byte	0x3
 1675 06b6 00000000 		.4byte	time
 1676 06ba 14       		.uleb128 0x14
 1677 06bb 7D020000 		.4byte	.LASF38
 1678 06bf 01       		.byte	0x1
 1679 06c0 20       		.byte	0x20
 1680 06c1 99060000 		.4byte	0x699
 1681 06c5 05       		.uleb128 0x5
 1682 06c6 03       		.byte	0x3
 1683 06c7 00000000 		.4byte	seg_7
 1684 06cb 14       		.uleb128 0x14
 1685 06cc AB000000 		.4byte	.LASF39
 1686 06d0 01       		.byte	0x1
 1687 06d1 21       		.byte	0x21
 1688 06d2 81000000 		.4byte	0x81
 1689 06d6 05       		.uleb128 0x5
 1690 06d7 03       		.byte	0x3
 1691 06d8 00000000 		.4byte	lectura_p
 1692 06dc 14       		.uleb128 0x14
 1693 06dd 25000000 		.4byte	.LASF40
 1694 06e1 01       		.byte	0x1
 1695 06e2 22       		.byte	0x22
 1696 06e3 B9020000 		.4byte	0x2b9
 1697 06e7 05       		.uleb128 0x5
 1698 06e8 03       		.byte	0x3
 1699 06e9 00000000 		.4byte	seggs
 1700 06ed 16       		.uleb128 0x16
 1701 06ee 05000000 		.4byte	.LASF41
 1702 06f2 05000000 		.4byte	.LASF41
 1703 06f6 06       		.byte	0x6
 1704 06f7 71       		.byte	0x71
 1705 06f8 16       		.uleb128 0x16
 1706 06f9 14000000 		.4byte	.LASF42
 1707 06fd 14000000 		.4byte	.LASF42
 1708 0701 07       		.byte	0x7
 1709 0702 3A       		.byte	0x3a
 1710 0703 16       		.uleb128 0x16
 1711 0704 96030000 		.4byte	.LASF43
 1712 0708 96030000 		.4byte	.LASF43
 1713 070c 08       		.byte	0x8
 1714 070d 65       		.byte	0x65
 1715 070e 16       		.uleb128 0x16
 1716 070f E8020000 		.4byte	.LASF44
 1717 0713 E8020000 		.4byte	.LASF44
 1718 0717 07       		.byte	0x7
ARM GAS  C:\Users\MIGUEL\AppData\Local\Temp\cc0AkCsY.s 			page 35


 1719 0718 3D       		.byte	0x3d
 1720 0719 16       		.uleb128 0x16
 1721 071a 35010000 		.4byte	.LASF45
 1722 071e 35010000 		.4byte	.LASF45
 1723 0722 09       		.byte	0x9
 1724 0723 E7       		.byte	0xe7
 1725 0724 16       		.uleb128 0x16
 1726 0725 94010000 		.4byte	.LASF46
 1727 0729 94010000 		.4byte	.LASF46
 1728 072d 07       		.byte	0x7
 1729 072e 3C       		.byte	0x3c
 1730 072f 16       		.uleb128 0x16
 1731 0730 C5020000 		.4byte	.LASF47
 1732 0734 C5020000 		.4byte	.LASF47
 1733 0738 08       		.byte	0x8
 1734 0739 60       		.byte	0x60
 1735 073a 16       		.uleb128 0x16
 1736 073b A3020000 		.4byte	.LASF48
 1737 073f A3020000 		.4byte	.LASF48
 1738 0743 06       		.byte	0x6
 1739 0744 8B       		.byte	0x8b
 1740 0745 16       		.uleb128 0x16
 1741 0746 E1000000 		.4byte	.LASF49
 1742 074a E1000000 		.4byte	.LASF49
 1743 074e 0A       		.byte	0xa
 1744 074f 29       		.byte	0x29
 1745 0750 16       		.uleb128 0x16
 1746 0751 A0000000 		.4byte	.LASF50
 1747 0755 A0000000 		.4byte	.LASF50
 1748 0759 0A       		.byte	0xa
 1749 075a 26       		.byte	0x26
 1750 075b 16       		.uleb128 0x16
 1751 075c B1030000 		.4byte	.LASF51
 1752 0760 B1030000 		.4byte	.LASF51
 1753 0764 08       		.byte	0x8
 1754 0765 57       		.byte	0x57
 1755 0766 16       		.uleb128 0x16
 1756 0767 77010000 		.4byte	.LASF52
 1757 076b 77010000 		.4byte	.LASF52
 1758 076f 0B       		.byte	0xb
 1759 0770 4F       		.byte	0x4f
 1760 0771 16       		.uleb128 0x16
 1761 0772 4F020000 		.4byte	.LASF53
 1762 0776 4F020000 		.4byte	.LASF53
 1763 077a 0C       		.byte	0xc
 1764 077b 18       		.byte	0x18
 1765 077c 16       		.uleb128 0x16
 1766 077d D4000000 		.4byte	.LASF54
 1767 0781 D4000000 		.4byte	.LASF54
 1768 0785 0D       		.byte	0xd
 1769 0786 18       		.byte	0x18
 1770 0787 16       		.uleb128 0x16
 1771 0788 EB000000 		.4byte	.LASF55
 1772 078c EB000000 		.4byte	.LASF55
 1773 0790 06       		.byte	0x6
 1774 0791 54       		.byte	0x54
 1775 0792 16       		.uleb128 0x16
ARM GAS  C:\Users\MIGUEL\AppData\Local\Temp\cc0AkCsY.s 			page 36


 1776 0793 02010000 		.4byte	.LASF56
 1777 0797 02010000 		.4byte	.LASF56
 1778 079b 07       		.byte	0x7
 1779 079c 38       		.byte	0x38
 1780 079d 16       		.uleb128 0x16
 1781 079e 53000000 		.4byte	.LASF57
 1782 07a2 53000000 		.4byte	.LASF57
 1783 07a6 07       		.byte	0x7
 1784 07a7 39       		.byte	0x39
 1785 07a8 16       		.uleb128 0x16
 1786 07a9 3D010000 		.4byte	.LASF58
 1787 07ad 3D010000 		.4byte	.LASF58
 1788 07b1 08       		.byte	0x8
 1789 07b2 67       		.byte	0x67
 1790 07b3 16       		.uleb128 0x16
 1791 07b4 63000000 		.4byte	.LASF59
 1792 07b8 63000000 		.4byte	.LASF59
 1793 07bc 08       		.byte	0x8
 1794 07bd 6B       		.byte	0x6b
 1795 07be 00       		.byte	0
 1796              		.section	.debug_abbrev,"",%progbits
 1797              	.Ldebug_abbrev0:
 1798 0000 01       		.uleb128 0x1
 1799 0001 11       		.uleb128 0x11
 1800 0002 01       		.byte	0x1
 1801 0003 25       		.uleb128 0x25
 1802 0004 0E       		.uleb128 0xe
 1803 0005 13       		.uleb128 0x13
 1804 0006 0B       		.uleb128 0xb
 1805 0007 03       		.uleb128 0x3
 1806 0008 0E       		.uleb128 0xe
 1807 0009 1B       		.uleb128 0x1b
 1808 000a 0E       		.uleb128 0xe
 1809 000b 55       		.uleb128 0x55
 1810 000c 17       		.uleb128 0x17
 1811 000d 11       		.uleb128 0x11
 1812 000e 01       		.uleb128 0x1
 1813 000f 10       		.uleb128 0x10
 1814 0010 17       		.uleb128 0x17
 1815 0011 00       		.byte	0
 1816 0012 00       		.byte	0
 1817 0013 02       		.uleb128 0x2
 1818 0014 24       		.uleb128 0x24
 1819 0015 00       		.byte	0
 1820 0016 0B       		.uleb128 0xb
 1821 0017 0B       		.uleb128 0xb
 1822 0018 3E       		.uleb128 0x3e
 1823 0019 0B       		.uleb128 0xb
 1824 001a 03       		.uleb128 0x3
 1825 001b 0E       		.uleb128 0xe
 1826 001c 00       		.byte	0
 1827 001d 00       		.byte	0
 1828 001e 03       		.uleb128 0x3
 1829 001f 16       		.uleb128 0x16
 1830 0020 00       		.byte	0
 1831 0021 03       		.uleb128 0x3
 1832 0022 0E       		.uleb128 0xe
ARM GAS  C:\Users\MIGUEL\AppData\Local\Temp\cc0AkCsY.s 			page 37


 1833 0023 3A       		.uleb128 0x3a
 1834 0024 0B       		.uleb128 0xb
 1835 0025 3B       		.uleb128 0x3b
 1836 0026 0B       		.uleb128 0xb
 1837 0027 49       		.uleb128 0x49
 1838 0028 13       		.uleb128 0x13
 1839 0029 00       		.byte	0
 1840 002a 00       		.byte	0
 1841 002b 04       		.uleb128 0x4
 1842 002c 24       		.uleb128 0x24
 1843 002d 00       		.byte	0
 1844 002e 0B       		.uleb128 0xb
 1845 002f 0B       		.uleb128 0xb
 1846 0030 3E       		.uleb128 0x3e
 1847 0031 0B       		.uleb128 0xb
 1848 0032 03       		.uleb128 0x3
 1849 0033 08       		.uleb128 0x8
 1850 0034 00       		.byte	0
 1851 0035 00       		.byte	0
 1852 0036 05       		.uleb128 0x5
 1853 0037 16       		.uleb128 0x16
 1854 0038 00       		.byte	0
 1855 0039 03       		.uleb128 0x3
 1856 003a 0E       		.uleb128 0xe
 1857 003b 3A       		.uleb128 0x3a
 1858 003c 0B       		.uleb128 0xb
 1859 003d 3B       		.uleb128 0x3b
 1860 003e 05       		.uleb128 0x5
 1861 003f 49       		.uleb128 0x49
 1862 0040 13       		.uleb128 0x13
 1863 0041 00       		.byte	0
 1864 0042 00       		.byte	0
 1865 0043 06       		.uleb128 0x6
 1866 0044 2E       		.uleb128 0x2e
 1867 0045 00       		.byte	0
 1868 0046 3F       		.uleb128 0x3f
 1869 0047 19       		.uleb128 0x19
 1870 0048 03       		.uleb128 0x3
 1871 0049 0E       		.uleb128 0xe
 1872 004a 3A       		.uleb128 0x3a
 1873 004b 0B       		.uleb128 0xb
 1874 004c 3B       		.uleb128 0x3b
 1875 004d 0B       		.uleb128 0xb
 1876 004e 27       		.uleb128 0x27
 1877 004f 19       		.uleb128 0x19
 1878 0050 11       		.uleb128 0x11
 1879 0051 01       		.uleb128 0x1
 1880 0052 12       		.uleb128 0x12
 1881 0053 06       		.uleb128 0x6
 1882 0054 40       		.uleb128 0x40
 1883 0055 18       		.uleb128 0x18
 1884 0056 9742     		.uleb128 0x2117
 1885 0058 19       		.uleb128 0x19
 1886 0059 00       		.byte	0
 1887 005a 00       		.byte	0
 1888 005b 07       		.uleb128 0x7
 1889 005c 2E       		.uleb128 0x2e
ARM GAS  C:\Users\MIGUEL\AppData\Local\Temp\cc0AkCsY.s 			page 38


 1890 005d 01       		.byte	0x1
 1891 005e 3F       		.uleb128 0x3f
 1892 005f 19       		.uleb128 0x19
 1893 0060 03       		.uleb128 0x3
 1894 0061 0E       		.uleb128 0xe
 1895 0062 3A       		.uleb128 0x3a
 1896 0063 0B       		.uleb128 0xb
 1897 0064 3B       		.uleb128 0x3b
 1898 0065 0B       		.uleb128 0xb
 1899 0066 27       		.uleb128 0x27
 1900 0067 19       		.uleb128 0x19
 1901 0068 11       		.uleb128 0x11
 1902 0069 01       		.uleb128 0x1
 1903 006a 12       		.uleb128 0x12
 1904 006b 06       		.uleb128 0x6
 1905 006c 40       		.uleb128 0x40
 1906 006d 18       		.uleb128 0x18
 1907 006e 9742     		.uleb128 0x2117
 1908 0070 19       		.uleb128 0x19
 1909 0071 01       		.uleb128 0x1
 1910 0072 13       		.uleb128 0x13
 1911 0073 00       		.byte	0
 1912 0074 00       		.byte	0
 1913 0075 08       		.uleb128 0x8
 1914 0076 898201   		.uleb128 0x4109
 1915 0079 00       		.byte	0
 1916 007a 11       		.uleb128 0x11
 1917 007b 01       		.uleb128 0x1
 1918 007c 31       		.uleb128 0x31
 1919 007d 13       		.uleb128 0x13
 1920 007e 00       		.byte	0
 1921 007f 00       		.byte	0
 1922 0080 09       		.uleb128 0x9
 1923 0081 05       		.uleb128 0x5
 1924 0082 00       		.byte	0
 1925 0083 03       		.uleb128 0x3
 1926 0084 08       		.uleb128 0x8
 1927 0085 3A       		.uleb128 0x3a
 1928 0086 0B       		.uleb128 0xb
 1929 0087 3B       		.uleb128 0x3b
 1930 0088 0B       		.uleb128 0xb
 1931 0089 49       		.uleb128 0x49
 1932 008a 13       		.uleb128 0x13
 1933 008b 02       		.uleb128 0x2
 1934 008c 17       		.uleb128 0x17
 1935 008d 00       		.byte	0
 1936 008e 00       		.byte	0
 1937 008f 0A       		.uleb128 0xa
 1938 0090 34       		.uleb128 0x34
 1939 0091 00       		.byte	0
 1940 0092 03       		.uleb128 0x3
 1941 0093 0E       		.uleb128 0xe
 1942 0094 3A       		.uleb128 0x3a
 1943 0095 0B       		.uleb128 0xb
 1944 0096 3B       		.uleb128 0x3b
 1945 0097 0B       		.uleb128 0xb
 1946 0098 49       		.uleb128 0x49
ARM GAS  C:\Users\MIGUEL\AppData\Local\Temp\cc0AkCsY.s 			page 39


 1947 0099 13       		.uleb128 0x13
 1948 009a 02       		.uleb128 0x2
 1949 009b 18       		.uleb128 0x18
 1950 009c 00       		.byte	0
 1951 009d 00       		.byte	0
 1952 009e 0B       		.uleb128 0xb
 1953 009f 898201   		.uleb128 0x4109
 1954 00a2 01       		.byte	0x1
 1955 00a3 11       		.uleb128 0x11
 1956 00a4 01       		.uleb128 0x1
 1957 00a5 31       		.uleb128 0x31
 1958 00a6 13       		.uleb128 0x13
 1959 00a7 01       		.uleb128 0x1
 1960 00a8 13       		.uleb128 0x13
 1961 00a9 00       		.byte	0
 1962 00aa 00       		.byte	0
 1963 00ab 0C       		.uleb128 0xc
 1964 00ac 8A8201   		.uleb128 0x410a
 1965 00af 00       		.byte	0
 1966 00b0 02       		.uleb128 0x2
 1967 00b1 18       		.uleb128 0x18
 1968 00b2 9142     		.uleb128 0x2111
 1969 00b4 18       		.uleb128 0x18
 1970 00b5 00       		.byte	0
 1971 00b6 00       		.byte	0
 1972 00b7 0D       		.uleb128 0xd
 1973 00b8 898201   		.uleb128 0x4109
 1974 00bb 01       		.byte	0x1
 1975 00bc 11       		.uleb128 0x11
 1976 00bd 01       		.uleb128 0x1
 1977 00be 31       		.uleb128 0x31
 1978 00bf 13       		.uleb128 0x13
 1979 00c0 00       		.byte	0
 1980 00c1 00       		.byte	0
 1981 00c2 0E       		.uleb128 0xe
 1982 00c3 01       		.uleb128 0x1
 1983 00c4 01       		.byte	0x1
 1984 00c5 49       		.uleb128 0x49
 1985 00c6 13       		.uleb128 0x13
 1986 00c7 01       		.uleb128 0x1
 1987 00c8 13       		.uleb128 0x13
 1988 00c9 00       		.byte	0
 1989 00ca 00       		.byte	0
 1990 00cb 0F       		.uleb128 0xf
 1991 00cc 21       		.uleb128 0x21
 1992 00cd 00       		.byte	0
 1993 00ce 49       		.uleb128 0x49
 1994 00cf 13       		.uleb128 0x13
 1995 00d0 2F       		.uleb128 0x2f
 1996 00d1 0B       		.uleb128 0xb
 1997 00d2 00       		.byte	0
 1998 00d3 00       		.byte	0
 1999 00d4 10       		.uleb128 0x10
 2000 00d5 2E       		.uleb128 0x2e
 2001 00d6 01       		.byte	0x1
 2002 00d7 3F       		.uleb128 0x3f
 2003 00d8 19       		.uleb128 0x19
ARM GAS  C:\Users\MIGUEL\AppData\Local\Temp\cc0AkCsY.s 			page 40


 2004 00d9 03       		.uleb128 0x3
 2005 00da 0E       		.uleb128 0xe
 2006 00db 3A       		.uleb128 0x3a
 2007 00dc 0B       		.uleb128 0xb
 2008 00dd 3B       		.uleb128 0x3b
 2009 00de 0B       		.uleb128 0xb
 2010 00df 11       		.uleb128 0x11
 2011 00e0 01       		.uleb128 0x1
 2012 00e1 12       		.uleb128 0x12
 2013 00e2 06       		.uleb128 0x6
 2014 00e3 40       		.uleb128 0x40
 2015 00e4 18       		.uleb128 0x18
 2016 00e5 9742     		.uleb128 0x2117
 2017 00e7 19       		.uleb128 0x19
 2018 00e8 01       		.uleb128 0x1
 2019 00e9 13       		.uleb128 0x13
 2020 00ea 00       		.byte	0
 2021 00eb 00       		.byte	0
 2022 00ec 11       		.uleb128 0x11
 2023 00ed 2E       		.uleb128 0x2e
 2024 00ee 01       		.byte	0x1
 2025 00ef 3F       		.uleb128 0x3f
 2026 00f0 19       		.uleb128 0x19
 2027 00f1 03       		.uleb128 0x3
 2028 00f2 0E       		.uleb128 0xe
 2029 00f3 3A       		.uleb128 0x3a
 2030 00f4 0B       		.uleb128 0xb
 2031 00f5 3B       		.uleb128 0x3b
 2032 00f6 0B       		.uleb128 0xb
 2033 00f7 27       		.uleb128 0x27
 2034 00f8 19       		.uleb128 0x19
 2035 00f9 49       		.uleb128 0x49
 2036 00fa 13       		.uleb128 0x13
 2037 00fb 8701     		.uleb128 0x87
 2038 00fd 19       		.uleb128 0x19
 2039 00fe 11       		.uleb128 0x11
 2040 00ff 01       		.uleb128 0x1
 2041 0100 12       		.uleb128 0x12
 2042 0101 06       		.uleb128 0x6
 2043 0102 40       		.uleb128 0x40
 2044 0103 18       		.uleb128 0x18
 2045 0104 9742     		.uleb128 0x2117
 2046 0106 19       		.uleb128 0x19
 2047 0107 01       		.uleb128 0x1
 2048 0108 13       		.uleb128 0x13
 2049 0109 00       		.byte	0
 2050 010a 00       		.byte	0
 2051 010b 12       		.uleb128 0x12
 2052 010c 34       		.uleb128 0x34
 2053 010d 00       		.byte	0
 2054 010e 03       		.uleb128 0x3
 2055 010f 0E       		.uleb128 0xe
 2056 0110 3A       		.uleb128 0x3a
 2057 0111 0B       		.uleb128 0xb
 2058 0112 3B       		.uleb128 0x3b
 2059 0113 05       		.uleb128 0x5
 2060 0114 49       		.uleb128 0x49
ARM GAS  C:\Users\MIGUEL\AppData\Local\Temp\cc0AkCsY.s 			page 41


 2061 0115 13       		.uleb128 0x13
 2062 0116 3F       		.uleb128 0x3f
 2063 0117 19       		.uleb128 0x19
 2064 0118 3C       		.uleb128 0x3c
 2065 0119 19       		.uleb128 0x19
 2066 011a 00       		.byte	0
 2067 011b 00       		.byte	0
 2068 011c 13       		.uleb128 0x13
 2069 011d 35       		.uleb128 0x35
 2070 011e 00       		.byte	0
 2071 011f 49       		.uleb128 0x49
 2072 0120 13       		.uleb128 0x13
 2073 0121 00       		.byte	0
 2074 0122 00       		.byte	0
 2075 0123 14       		.uleb128 0x14
 2076 0124 34       		.uleb128 0x34
 2077 0125 00       		.byte	0
 2078 0126 03       		.uleb128 0x3
 2079 0127 0E       		.uleb128 0xe
 2080 0128 3A       		.uleb128 0x3a
 2081 0129 0B       		.uleb128 0xb
 2082 012a 3B       		.uleb128 0x3b
 2083 012b 0B       		.uleb128 0xb
 2084 012c 49       		.uleb128 0x49
 2085 012d 13       		.uleb128 0x13
 2086 012e 3F       		.uleb128 0x3f
 2087 012f 19       		.uleb128 0x19
 2088 0130 02       		.uleb128 0x2
 2089 0131 18       		.uleb128 0x18
 2090 0132 00       		.byte	0
 2091 0133 00       		.byte	0
 2092 0134 15       		.uleb128 0x15
 2093 0135 34       		.uleb128 0x34
 2094 0136 00       		.byte	0
 2095 0137 03       		.uleb128 0x3
 2096 0138 08       		.uleb128 0x8
 2097 0139 3A       		.uleb128 0x3a
 2098 013a 0B       		.uleb128 0xb
 2099 013b 3B       		.uleb128 0x3b
 2100 013c 0B       		.uleb128 0xb
 2101 013d 49       		.uleb128 0x49
 2102 013e 13       		.uleb128 0x13
 2103 013f 3F       		.uleb128 0x3f
 2104 0140 19       		.uleb128 0x19
 2105 0141 02       		.uleb128 0x2
 2106 0142 18       		.uleb128 0x18
 2107 0143 00       		.byte	0
 2108 0144 00       		.byte	0
 2109 0145 16       		.uleb128 0x16
 2110 0146 2E       		.uleb128 0x2e
 2111 0147 00       		.byte	0
 2112 0148 3F       		.uleb128 0x3f
 2113 0149 19       		.uleb128 0x19
 2114 014a 3C       		.uleb128 0x3c
 2115 014b 19       		.uleb128 0x19
 2116 014c 6E       		.uleb128 0x6e
 2117 014d 0E       		.uleb128 0xe
ARM GAS  C:\Users\MIGUEL\AppData\Local\Temp\cc0AkCsY.s 			page 42


 2118 014e 03       		.uleb128 0x3
 2119 014f 0E       		.uleb128 0xe
 2120 0150 3A       		.uleb128 0x3a
 2121 0151 0B       		.uleb128 0xb
 2122 0152 3B       		.uleb128 0x3b
 2123 0153 0B       		.uleb128 0xb
 2124 0154 00       		.byte	0
 2125 0155 00       		.byte	0
 2126 0156 00       		.byte	0
 2127              		.section	.debug_loc,"",%progbits
 2128              	.Ldebug_loc0:
 2129              	.LLST0:
 2130 0000 00000000 		.4byte	.LVL1
 2131 0004 0E000000 		.4byte	.LVL2
 2132 0008 0100     		.2byte	0x1
 2133 000a 50       		.byte	0x50
 2134 000b 0E000000 		.4byte	.LVL2
 2135 000f 74000000 		.4byte	.LVL14
 2136 0013 0100     		.2byte	0x1
 2137 0015 56       		.byte	0x56
 2138 0016 74000000 		.4byte	.LVL14
 2139 001a 88000000 		.4byte	.LFE66
 2140 001e 0400     		.2byte	0x4
 2141 0020 F3       		.byte	0xf3
 2142 0021 01       		.uleb128 0x1
 2143 0022 50       		.byte	0x50
 2144 0023 9F       		.byte	0x9f
 2145 0024 00000000 		.4byte	0
 2146 0028 00000000 		.4byte	0
 2147              	.LLST1:
 2148 002c 00000000 		.4byte	.LVL1
 2149 0030 11000000 		.4byte	.LVL3-1
 2150 0034 0100     		.2byte	0x1
 2151 0036 51       		.byte	0x51
 2152 0037 11000000 		.4byte	.LVL3-1
 2153 003b 74000000 		.4byte	.LVL14
 2154 003f 0100     		.2byte	0x1
 2155 0041 57       		.byte	0x57
 2156 0042 74000000 		.4byte	.LVL14
 2157 0046 88000000 		.4byte	.LFE66
 2158 004a 0400     		.2byte	0x4
 2159 004c F3       		.byte	0xf3
 2160 004d 01       		.uleb128 0x1
 2161 004e 51       		.byte	0x51
 2162 004f 9F       		.byte	0x9f
 2163 0050 00000000 		.4byte	0
 2164 0054 00000000 		.4byte	0
 2165              	.LLST2:
 2166 0058 00000000 		.4byte	.LVL1
 2167 005c 11000000 		.4byte	.LVL3-1
 2168 0060 0100     		.2byte	0x1
 2169 0062 52       		.byte	0x52
 2170 0063 11000000 		.4byte	.LVL3-1
 2171 0067 74000000 		.4byte	.LVL14
 2172 006b 0100     		.2byte	0x1
 2173 006d 54       		.byte	0x54
 2174 006e 74000000 		.4byte	.LVL14
ARM GAS  C:\Users\MIGUEL\AppData\Local\Temp\cc0AkCsY.s 			page 43


 2175 0072 88000000 		.4byte	.LFE66
 2176 0076 0400     		.2byte	0x4
 2177 0078 F3       		.byte	0xf3
 2178 0079 01       		.uleb128 0x1
 2179 007a 52       		.byte	0x52
 2180 007b 9F       		.byte	0x9f
 2181 007c 00000000 		.4byte	0
 2182 0080 00000000 		.4byte	0
 2183              	.LLST3:
 2184 0084 00000000 		.4byte	.LVL1
 2185 0088 11000000 		.4byte	.LVL3-1
 2186 008c 0100     		.2byte	0x1
 2187 008e 53       		.byte	0x53
 2188 008f 11000000 		.4byte	.LVL3-1
 2189 0093 74000000 		.4byte	.LVL14
 2190 0097 0100     		.2byte	0x1
 2191 0099 55       		.byte	0x55
 2192 009a 74000000 		.4byte	.LVL14
 2193 009e 88000000 		.4byte	.LFE66
 2194 00a2 0400     		.2byte	0x4
 2195 00a4 F3       		.byte	0xf3
 2196 00a5 01       		.uleb128 0x1
 2197 00a6 53       		.byte	0x53
 2198 00a7 9F       		.byte	0x9f
 2199 00a8 00000000 		.4byte	0
 2200 00ac 00000000 		.4byte	0
 2201              	.LLST4:
 2202 00b0 00000000 		.4byte	.LVL1
 2203 00b4 74000000 		.4byte	.LVL14
 2204 00b8 0200     		.2byte	0x2
 2205 00ba 91       		.byte	0x91
 2206 00bb 00       		.sleb128 0
 2207 00bc 74000000 		.4byte	.LVL14
 2208 00c0 88000000 		.4byte	.LFE66
 2209 00c4 0200     		.2byte	0x2
 2210 00c6 7D       		.byte	0x7d
 2211 00c7 00       		.sleb128 0
 2212 00c8 00000000 		.4byte	0
 2213 00cc 00000000 		.4byte	0
 2214              		.section	.debug_aranges,"",%progbits
 2215 0000 44000000 		.4byte	0x44
 2216 0004 0200     		.2byte	0x2
 2217 0006 00000000 		.4byte	.Ldebug_info0
 2218 000a 04       		.byte	0x4
 2219 000b 00       		.byte	0
 2220 000c 0000     		.2byte	0
 2221 000e 0000     		.2byte	0
 2222 0010 00000000 		.4byte	.LFB64
 2223 0014 0C000000 		.4byte	.LFE64-.LFB64
 2224 0018 00000000 		.4byte	.LFB65
 2225 001c 14000000 		.4byte	.LFE65-.LFB65
 2226 0020 00000000 		.4byte	.LFB66
 2227 0024 88000000 		.4byte	.LFE66-.LFB66
 2228 0028 00000000 		.4byte	.LFB67
 2229 002c A0000000 		.4byte	.LFE67-.LFB67
 2230 0030 00000000 		.4byte	.LFB68
 2231 0034 68000000 		.4byte	.LFE68-.LFB68
ARM GAS  C:\Users\MIGUEL\AppData\Local\Temp\cc0AkCsY.s 			page 44


 2232 0038 00000000 		.4byte	.LFB69
 2233 003c 5C010000 		.4byte	.LFE69-.LFB69
 2234 0040 00000000 		.4byte	0
 2235 0044 00000000 		.4byte	0
 2236              		.section	.debug_ranges,"",%progbits
 2237              	.Ldebug_ranges0:
 2238 0000 00000000 		.4byte	.LFB64
 2239 0004 0C000000 		.4byte	.LFE64
 2240 0008 00000000 		.4byte	.LFB65
 2241 000c 14000000 		.4byte	.LFE65
 2242 0010 00000000 		.4byte	.LFB66
 2243 0014 88000000 		.4byte	.LFE66
 2244 0018 00000000 		.4byte	.LFB67
 2245 001c A0000000 		.4byte	.LFE67
 2246 0020 00000000 		.4byte	.LFB68
 2247 0024 68000000 		.4byte	.LFE68
 2248 0028 00000000 		.4byte	.LFB69
 2249 002c 5C010000 		.4byte	.LFE69
 2250 0030 00000000 		.4byte	0
 2251 0034 00000000 		.4byte	0
 2252              		.section	.debug_line,"",%progbits
 2253              	.Ldebug_line0:
 2254 0000 E6020000 		.section	.debug_str,"MS",%progbits,1
 2254      02001902 
 2254      00000201 
 2254      FB0E0D00 
 2254      01010101 
 2255              	.LASF30:
 2256 0000 6D696C69 		.ascii	"mili\000"
 2256      00
 2257              	.LASF41:
 2258 0005 55415254 		.ascii	"UART_1_GetChar\000"
 2258      5F315F47 
 2258      65744368 
 2258      617200
 2259              	.LASF42:
 2260 0014 4C43445F 		.ascii	"LCD_WriteControl\000"
 2260      57726974 
 2260      65436F6E 
 2260      74726F6C 
 2260      00
 2261              	.LASF40:
 2262 0025 73656767 		.ascii	"seggs\000"
 2262      7300
 2263              	.LASF34:
 2264 002b 62616E64 		.ascii	"band_5seg\000"
 2264      5F357365 
 2264      6700
 2265              	.LASF2:
 2266 0035 73686F72 		.ascii	"short int\000"
 2266      7420696E 
 2266      7400
 2267              	.LASF19:
 2268 003f 73697A65 		.ascii	"sizetype\000"
 2268      74797065 
 2268      00
 2269              	.LASF25:
ARM GAS  C:\Users\MIGUEL\AppData\Local\Temp\cc0AkCsY.s 			page 45


 2270 0048 72656C6F 		.ascii	"reloj\000"
 2270      6A00
 2271              	.LASF64:
 2272 004e 6D61696E 		.ascii	"main\000"
 2272      00
 2273              	.LASF57:
 2274 0053 4C43445F 		.ascii	"LCD_Stop\000"
 2274      53746F70 
 2274      00
 2275              	.LASF14:
 2276 005c 75696E74 		.ascii	"uint16\000"
 2276      313600
 2277              	.LASF59:
 2278 0063 4C45445F 		.ascii	"LED_Driver_Write7SegDigitHex\000"
 2278      44726976 
 2278      65725F57 
 2278      72697465 
 2278      37536567 
 2279              	.LASF21:
 2280 0080 456E6365 		.ascii	"EncenderLCD\000"
 2280      6E646572 
 2280      4C434400 
 2281              	.LASF31:
 2282 008c 74696D65 		.ascii	"timer\000"
 2282      7200
 2283              	.LASF35:
 2284 0092 62616E64 		.ascii	"band_lcd\000"
 2284      5F6C6364 
 2284      00
 2285              	.LASF23:
 2286 009b 666C756A 		.ascii	"fluj\000"
 2286      00
 2287              	.LASF50:
 2288 00a0 74696C74 		.ascii	"tilt_Write\000"
 2288      5F577269 
 2288      746500
 2289              	.LASF39:
 2290 00ab 6C656374 		.ascii	"lectura_p\000"
 2290      7572615F 
 2290      7000
 2291              	.LASF24:
 2292 00b5 7469656D 		.ascii	"tiemp\000"
 2292      7000
 2293              	.LASF15:
 2294 00bb 666C6F61 		.ascii	"float\000"
 2294      7400
 2295              	.LASF22:
 2296 00c1 74656D70 		.ascii	"temp\000"
 2296      00
 2297              	.LASF8:
 2298 00c6 6C6F6E67 		.ascii	"long long int\000"
 2298      206C6F6E 
 2298      6720696E 
 2298      7400
 2299              	.LASF54:
 2300 00d4 64617461 		.ascii	"data_StartEx\000"
 2300      5F537461 
ARM GAS  C:\Users\MIGUEL\AppData\Local\Temp\cc0AkCsY.s 			page 46


 2300      72744578 
 2300      00
 2301              	.LASF49:
 2302 00e1 74696C74 		.ascii	"tilt_Read\000"
 2302      5F526561 
 2302      6400
 2303              	.LASF55:
 2304 00eb 55415254 		.ascii	"UART_1_Start\000"
 2304      5F315F53 
 2304      74617274 
 2304      00
 2305              	.LASF4:
 2306 00f8 5F5F7569 		.ascii	"__uint8_t\000"
 2306      6E74385F 
 2306      7400
 2307              	.LASF56:
 2308 0102 4C43445F 		.ascii	"LCD_Start\000"
 2308      53746172 
 2308      7400
 2309              	.LASF18:
 2310 010c 6C6F6E67 		.ascii	"long double\000"
 2310      20646F75 
 2310      626C6500 
 2311              	.LASF28:
 2312 0118 6C656374 		.ascii	"lectura\000"
 2312      75726100 
 2313              	.LASF1:
 2314 0120 756E7369 		.ascii	"unsigned char\000"
 2314      676E6564 
 2314      20636861 
 2314      7200
 2315              	.LASF63:
 2316 012e 636F6E74 		.ascii	"contar\000"
 2316      617200
 2317              	.LASF45:
 2318 0135 73707269 		.ascii	"sprintf\000"
 2318      6E746600 
 2319              	.LASF58:
 2320 013d 4C45445F 		.ascii	"LED_Driver_PutChar7Seg\000"
 2320      44726976 
 2320      65725F50 
 2320      75744368 
 2320      61723753 
 2321              	.LASF0:
 2322 0154 7369676E 		.ascii	"signed char\000"
 2322      65642063 
 2322      68617200 
 2323              	.LASF9:
 2324 0160 6C6F6E67 		.ascii	"long long unsigned int\000"
 2324      206C6F6E 
 2324      6720756E 
 2324      7369676E 
 2324      65642069 
 2325              	.LASF52:
 2326 0177 436F756E 		.ascii	"Counter_1_Start\000"
 2326      7465725F 
 2326      315F5374 
ARM GAS  C:\Users\MIGUEL\AppData\Local\Temp\cc0AkCsY.s 			page 47


 2326      61727400 
 2327              	.LASF10:
 2328 0187 756E7369 		.ascii	"unsigned int\000"
 2328      676E6564 
 2328      20696E74 
 2328      00
 2329              	.LASF46:
 2330 0194 4C43445F 		.ascii	"LCD_PrintString\000"
 2330      5072696E 
 2330      74537472 
 2330      696E6700 
 2331              	.LASF62:
 2332 01a4 443A5C44 		.ascii	"D:\\Documentos\\Universidad\\OneDrive - Universidad"
 2332      6F63756D 
 2332      656E746F 
 2332      735C556E 
 2332      69766572 
 2333 01d4 20646520 		.ascii	" de Antioquia\\Trabajos u 2023-1\\Bioinstrumentacio"
 2333      416E7469 
 2333      6F717569 
 2333      615C5472 
 2333      6162616A 
 2334 0205 6E5C4C61 		.ascii	"n\\Labs\\Pf\\Pf\\Desing_pf.cydsn\000"
 2334      62735C50 
 2334      665C5066 
 2334      5C446573 
 2334      696E675F 
 2335              	.LASF29:
 2336 0222 62616E64 		.ascii	"bandera\000"
 2336      65726100 
 2337              	.LASF37:
 2338 022a 74696D65 		.ascii	"time\000"
 2338      00
 2339              	.LASF33:
 2340 022f 62616E64 		.ascii	"band_7seg\000"
 2340      5F377365 
 2340      6700
 2341              	.LASF17:
 2342 0239 63686172 		.ascii	"char\000"
 2342      00
 2343              	.LASF6:
 2344 023e 6C6F6E67 		.ascii	"long int\000"
 2344      20696E74 
 2344      00
 2345              	.LASF12:
 2346 0247 696E7433 		.ascii	"int32_t\000"
 2346      325F7400 
 2347              	.LASF53:
 2348 024f 6973725F 		.ascii	"isr_contador_StartEx\000"
 2348      636F6E74 
 2348      61646F72 
 2348      5F537461 
 2348      72744578 
 2349              	.LASF3:
 2350 0264 73686F72 		.ascii	"short unsigned int\000"
 2350      7420756E 
 2350      7369676E 
ARM GAS  C:\Users\MIGUEL\AppData\Local\Temp\cc0AkCsY.s 			page 48


 2350      65642069 
 2350      6E7400
 2351              	.LASF13:
 2352 0277 75696E74 		.ascii	"uint8\000"
 2352      3800
 2353              	.LASF38:
 2354 027d 7365675F 		.ascii	"seg_7\000"
 2354      3700
 2355              	.LASF61:
 2356 0283 6D61696E 		.ascii	"main.c\000"
 2356      2E6300
 2357              	.LASF7:
 2358 028a 6C6F6E67 		.ascii	"long unsigned int\000"
 2358      20756E73 
 2358      69676E65 
 2358      6420696E 
 2358      7400
 2359              	.LASF16:
 2360 029c 646F7562 		.ascii	"double\000"
 2360      6C6500
 2361              	.LASF48:
 2362 02a3 55415254 		.ascii	"UART_1_PutString\000"
 2362      5F315F50 
 2362      75745374 
 2362      72696E67 
 2362      00
 2363              	.LASF36:
 2364 02b4 615F7365 		.ascii	"a_seg5\000"
 2364      673500
 2365              	.LASF5:
 2366 02bb 5F5F696E 		.ascii	"__int32_t\000"
 2366      7433325F 
 2366      7400
 2367              	.LASF47:
 2368 02c5 4C45445F 		.ascii	"LED_Driver_ClearDisplayAll\000"
 2368      44726976 
 2368      65725F43 
 2368      6C656172 
 2368      44697370 
 2369              	.LASF11:
 2370 02e0 75696E74 		.ascii	"uint8_t\000"
 2370      385F7400 
 2371              	.LASF44:
 2372 02e8 4C43445F 		.ascii	"LCD_Position\000"
 2372      506F7369 
 2372      74696F6E 
 2372      00
 2373              	.LASF20:
 2374 02f5 6461746F 		.ascii	"datos\000"
 2374      7300
 2375              	.LASF27:
 2376 02fb 49544D5F 		.ascii	"ITM_RxBuffer\000"
 2376      52784275 
 2376      66666572 
 2376      00
 2377              	.LASF60:
 2378 0308 474E5520 		.ascii	"GNU C11 5.4.1 20160609 (release) [ARM/embedded-5-br"
ARM GAS  C:\Users\MIGUEL\AppData\Local\Temp\cc0AkCsY.s 			page 49


 2378      43313120 
 2378      352E342E 
 2378      31203230 
 2378      31363036 
 2379 033b 616E6368 		.ascii	"anch revision 237715] -mcpu=cortex-m3 -mthumb -g -O"
 2379      20726576 
 2379      6973696F 
 2379      6E203233 
 2379      37373135 
 2380 036e 67202D66 		.ascii	"g -ffunction-sections -ffat-lto-objects\000"
 2380      66756E63 
 2380      74696F6E 
 2380      2D736563 
 2380      74696F6E 
 2381              	.LASF43:
 2382 0396 4C45445F 		.ascii	"LED_Driver_WriteString7Seg\000"
 2382      44726976 
 2382      65725F57 
 2382      72697465 
 2382      53747269 
 2383              	.LASF51:
 2384 03b1 4C45445F 		.ascii	"LED_Driver_Start\000"
 2384      44726976 
 2384      65725F53 
 2384      74617274 
 2384      00
 2385              	.LASF26:
 2386 03c2 61706167 		.ascii	"apagado\000"
 2386      61646F00 
 2387              	.LASF32:
 2388 03ca 73656735 		.ascii	"seg5\000"
 2388      00
 2389              		.ident	"GCC: (GNU Tools for ARM Embedded Processors) 5.4.1 20160609 (release) [ARM/embedded-5-bran
