ARM GAS  C:\Users\TATIAN~1\AppData\Local\Temp\cc0l3gR3.s 			page 1


   1              		.syntax unified
   2              		.cpu cortex-m3
   3              		.fpu softvfp
   4              		.eabi_attribute 20, 1
   5              		.eabi_attribute 21, 1
   6              		.eabi_attribute 23, 3
   7              		.eabi_attribute 24, 1
   8              		.eabi_attribute 25, 1
   9              		.eabi_attribute 26, 1
  10              		.eabi_attribute 30, 1
  11              		.eabi_attribute 34, 1
  12              		.eabi_attribute 18, 4
  13              		.thumb
  14              		.syntax unified
  15              		.file	"cymetadata.c"
  16              		.text
  17              	.Ltext0:
  18              		.cfi_sections	.debug_frame
  19              		.global	cy_metadata
  20              		.global	cy_meta_flashprotect
  21              		.global	cy_meta_wonvl
  22              		.global	cy_meta_custnvl
  23              		.global	cy_meta_configecc
  24              		.section	.cyconfigecc,"a",%progbits
  25              		.align	2
  26              		.type	cy_meta_configecc, %object
  27              		.size	cy_meta_configecc, 364
  28              	cy_meta_configecc:
  29 0000 01       		.byte	1
  30 0001 52       		.byte	82
  31 0002 00       		.byte	0
  32 0003 40       		.byte	64
  33 0004 01       		.byte	1
  34 0005 64       		.byte	100
  35 0006 00       		.byte	0
  36 0007 40       		.byte	64
  37 0008 41       		.byte	65
  38 0009 02       		.byte	2
  39 000a 01       		.byte	1
  40 000b 40       		.byte	64
  41 000c 23       		.byte	35
  42 000d 03       		.byte	3
  43 000e 01       		.byte	1
  44 000f 40       		.byte	64
  45 0010 04       		.byte	4
  46 0011 05       		.byte	5
  47 0012 01       		.byte	1
  48 0013 40       		.byte	64
  49 0014 01       		.byte	1
  50 0015 07       		.byte	7
  51 0016 01       		.byte	1
  52 0017 40       		.byte	64
  53 0018 02       		.byte	2
  54 0019 15       		.byte	21
  55 001a 01       		.byte	1
  56 001b 40       		.byte	64
  57 001c 01       		.byte	1
ARM GAS  C:\Users\TATIAN~1\AppData\Local\Temp\cc0l3gR3.s 			page 2


  58 001d 17       		.byte	23
  59 001e 01       		.byte	1
  60 001f 40       		.byte	64
  61 0020 03       		.byte	3
  62 0021 40       		.byte	64
  63 0022 01       		.byte	1
  64 0023 40       		.byte	64
  65 0024 07       		.byte	7
  66 0025 41       		.byte	65
  67 0026 01       		.byte	1
  68 0027 40       		.byte	64
  69 0028 06       		.byte	6
  70 0029 42       		.byte	66
  71 002a 01       		.byte	1
  72 002b 40       		.byte	64
  73 002c 02       		.byte	2
  74 002d 48       		.byte	72
  75 002e 01       		.byte	1
  76 002f 40       		.byte	64
  77 0030 01       		.byte	1
  78 0031 49       		.byte	73
  79 0032 01       		.byte	1
  80 0033 40       		.byte	64
  81 0034 02       		.byte	2
  82 0035 50       		.byte	80
  83 0036 01       		.byte	1
  84 0037 40       		.byte	64
  85 0038 01       		.byte	1
  86 0039 51       		.byte	81
  87 003a 01       		.byte	1
  88 003b 40       		.byte	64
  89 003c 01       		.byte	1
  90 003d 40       		.byte	64
  91 003e 83       		.byte	-125
  92 003f 0D       		.byte	13
  93 0040 0A       		.byte	10
  94 0041 02       		.byte	2
  95 0042 1E       		.byte	30
  96 0043 01       		.byte	1
  97 0044 30       		.byte	48
  98 0045 02       		.byte	2
  99 0046 36       		.byte	54
 100 0047 01       		.byte	1
 101 0048 40       		.byte	64
 102 0049 60       		.byte	96
 103 004a 41       		.byte	65
 104 004b 05       		.byte	5
 105 004c 49       		.byte	73
 106 004d FF       		.byte	-1
 107 004e 4A       		.byte	74
 108 004f FF       		.byte	-1
 109 0050 4B       		.byte	75
 110 0051 FF       		.byte	-1
 111 0052 4D       		.byte	77
 112 0053 A0       		.byte	-96
 113 0054 4F       		.byte	79
 114 0055 04       		.byte	4
ARM GAS  C:\Users\TATIAN~1\AppData\Local\Temp\cc0l3gR3.s 			page 3


 115 0056 50       		.byte	80
 116 0057 18       		.byte	24
 117 0058 58       		.byte	88
 118 0059 04       		.byte	4
 119 005a 5A       		.byte	90
 120 005b 04       		.byte	4
 121 005c 5C       		.byte	92
 122 005d 01       		.byte	1
 123 005e 5F       		.byte	95
 124 005f 01       		.byte	1
 125 0060 60       		.byte	96
 126 0061 40       		.byte	64
 127 0062 62       		.byte	98
 128 0063 C0       		.byte	-64
 129 0064 64       		.byte	100
 130 0065 40       		.byte	64
 131 0066 65       		.byte	101
 132 0067 40       		.byte	64
 133 0068 66       		.byte	102
 134 0069 C0       		.byte	-64
 135 006a 68       		.byte	104
 136 006b C0       		.byte	-64
 137 006c 6A       		.byte	106
 138 006d C0       		.byte	-64
 139 006e 6C       		.byte	108
 140 006f C0       		.byte	-64
 141 0070 6E       		.byte	110
 142 0071 C0       		.byte	-64
 143 0072 8E       		.byte	-114
 144 0073 02       		.byte	2
 145 0074 92       		.byte	-110
 146 0075 01       		.byte	1
 147 0076 9A       		.byte	-102
 148 0077 06       		.byte	6
 149 0078 9B       		.byte	-101
 150 0079 01       		.byte	1
 151 007a A6       		.byte	-90
 152 007b 0C       		.byte	12
 153 007c AD       		.byte	-83
 154 007d 01       		.byte	1
 155 007e B0       		.byte	-80
 156 007f 04       		.byte	4
 157 0080 B2       		.byte	-78
 158 0081 02       		.byte	2
 159 0082 B4       		.byte	-76
 160 0083 01       		.byte	1
 161 0084 B6       		.byte	-74
 162 0085 08       		.byte	8
 163 0086 B7       		.byte	-73
 164 0087 01       		.byte	1
 165 0088 BE       		.byte	-66
 166 0089 04       		.byte	4
 167 008a C0       		.byte	-64
 168 008b 20       		.byte	32
 169 008c C1       		.byte	-63
 170 008d 05       		.byte	5
 171 008e C5       		.byte	-59
ARM GAS  C:\Users\TATIAN~1\AppData\Local\Temp\cc0l3gR3.s 			page 4


 172 008f D1       		.byte	-47
 173 0090 C7       		.byte	-57
 174 0091 20       		.byte	32
 175 0092 C8       		.byte	-56
 176 0093 23       		.byte	35
 177 0094 C9       		.byte	-55
 178 0095 FF       		.byte	-1
 179 0096 CA       		.byte	-54
 180 0097 FF       		.byte	-1
 181 0098 CB       		.byte	-53
 182 0099 FF       		.byte	-1
 183 009a CD       		.byte	-51
 184 009b AF       		.byte	-81
 185 009c CE       		.byte	-50
 186 009d 0F       		.byte	15
 187 009e CF       		.byte	-49
 188 009f 04       		.byte	4
 189 00a0 D0       		.byte	-48
 190 00a1 18       		.byte	24
 191 00a2 D2       		.byte	-46
 192 00a3 80       		.byte	-128
 193 00a4 D4       		.byte	-44
 194 00a5 05       		.byte	5
 195 00a6 D8       		.byte	-40
 196 00a7 04       		.byte	4
 197 00a8 D9       		.byte	-39
 198 00a9 04       		.byte	4
 199 00aa DA       		.byte	-38
 200 00ab 04       		.byte	4
 201 00ac DB       		.byte	-37
 202 00ad 04       		.byte	4
 203 00ae DF       		.byte	-33
 204 00af 01       		.byte	1
 205 00b0 E0       		.byte	-32
 206 00b1 40       		.byte	64
 207 00b2 E2       		.byte	-30
 208 00b3 C0       		.byte	-64
 209 00b4 E4       		.byte	-28
 210 00b5 40       		.byte	64
 211 00b6 E5       		.byte	-27
 212 00b7 40       		.byte	64
 213 00b8 E6       		.byte	-26
 214 00b9 C0       		.byte	-64
 215 00ba E8       		.byte	-24
 216 00bb C0       		.byte	-64
 217 00bc EA       		.byte	-22
 218 00bd C0       		.byte	-64
 219 00be EC       		.byte	-20
 220 00bf C0       		.byte	-64
 221 00c0 EE       		.byte	-18
 222 00c1 C0       		.byte	-64
 223 00c2 02       		.byte	2
 224 00c3 02       		.byte	2
 225 00c4 05       		.byte	5
 226 00c5 20       		.byte	32
 227 00c6 09       		.byte	9
 228 00c7 02       		.byte	2
ARM GAS  C:\Users\TATIAN~1\AppData\Local\Temp\cc0l3gR3.s 			page 5


 229 00c8 0A       		.byte	10
 230 00c9 04       		.byte	4
 231 00ca 0C       		.byte	12
 232 00cb 80       		.byte	-128
 233 00cc 10       		.byte	16
 234 00cd 20       		.byte	32
 235 00ce 18       		.byte	24
 236 00cf 40       		.byte	64
 237 00d0 19       		.byte	25
 238 00d1 84       		.byte	-124
 239 00d2 1A       		.byte	26
 240 00d3 04       		.byte	4
 241 00d4 1B       		.byte	27
 242 00d5 10       		.byte	16
 243 00d6 1F       		.byte	31
 244 00d7 81       		.byte	-127
 245 00d8 22       		.byte	34
 246 00d9 40       		.byte	64
 247 00da 29       		.byte	41
 248 00db 80       		.byte	-128
 249 00dc 30       		.byte	48
 250 00dd 20       		.byte	32
 251 00de 42       		.byte	66
 252 00df 04       		.byte	4
 253 00e0 48       		.byte	72
 254 00e1 20       		.byte	32
 255 00e2 49       		.byte	73
 256 00e3 02       		.byte	2
 257 00e4 4A       		.byte	74
 258 00e5 02       		.byte	2
 259 00e6 4E       		.byte	78
 260 00e7 02       		.byte	2
 261 00e8 4F       		.byte	79
 262 00e9 20       		.byte	32
 263 00ea 52       		.byte	82
 264 00eb 02       		.byte	2
 265 00ec 59       		.byte	89
 266 00ed 06       		.byte	6
 267 00ee 5A       		.byte	90
 268 00ef 80       		.byte	-128
 269 00f0 71       		.byte	113
 270 00f1 02       		.byte	2
 271 00f2 83       		.byte	-125
 272 00f3 80       		.byte	-128
 273 00f4 8F       		.byte	-113
 274 00f5 01       		.byte	1
 275 00f6 C0       		.byte	-64
 276 00f7 41       		.byte	65
 277 00f8 C2       		.byte	-62
 278 00f9 8A       		.byte	-118
 279 00fa C4       		.byte	-60
 280 00fb 04       		.byte	4
 281 00fc CA       		.byte	-54
 282 00fd 08       		.byte	8
 283 00fe CC       		.byte	-52
 284 00ff 04       		.byte	4
 285 0100 D0       		.byte	-48
ARM GAS  C:\Users\TATIAN~1\AppData\Local\Temp\cc0l3gR3.s 			page 6


 286 0101 04       		.byte	4
 287 0102 D2       		.byte	-46
 288 0103 38       		.byte	56
 289 0104 D6       		.byte	-42
 290 0105 0B       		.byte	11
 291 0106 E2       		.byte	-30
 292 0107 40       		.byte	64
 293 0108 A4       		.byte	-92
 294 0109 80       		.byte	-128
 295 010a A8       		.byte	-88
 296 010b 40       		.byte	64
 297 010c B5       		.byte	-75
 298 010d 20       		.byte	32
 299 010e E8       		.byte	-24
 300 010f 10       		.byte	16
 301 0110 A4       		.byte	-92
 302 0111 80       		.byte	-128
 303 0112 B4       		.byte	-76
 304 0113 80       		.byte	-128
 305 0114 EC       		.byte	-20
 306 0115 40       		.byte	64
 307 0116 A4       		.byte	-92
 308 0117 80       		.byte	-128
 309 0118 32       		.byte	50
 310 0119 10       		.byte	16
 311 011a 35       		.byte	53
 312 011b 10       		.byte	16
 313 011c CC       		.byte	-52
 314 011d 30       		.byte	48
 315 011e 63       		.byte	99
 316 011f 08       		.byte	8
 317 0120 81       		.byte	-127
 318 0121 10       		.byte	16
 319 0122 8E       		.byte	-114
 320 0123 10       		.byte	16
 321 0124 96       		.byte	-106
 322 0125 20       		.byte	32
 323 0126 9D       		.byte	-99
 324 0127 10       		.byte	16
 325 0128 D8       		.byte	-40
 326 0129 40       		.byte	64
 327 012a E6       		.byte	-26
 328 012b 20       		.byte	32
 329 012c 03       		.byte	3
 330 012d 40       		.byte	64
 331 012e 9F       		.byte	-97
 332 012f 40       		.byte	64
 333 0130 AB       		.byte	-85
 334 0131 04       		.byte	4
 335 0132 B7       		.byte	-73
 336 0133 40       		.byte	64
 337 0134 C0       		.byte	-64
 338 0135 10       		.byte	16
 339 0136 EE       		.byte	-18
 340 0137 20       		.byte	32
 341 0138 02       		.byte	2
 342 0139 01       		.byte	1
ARM GAS  C:\Users\TATIAN~1\AppData\Local\Temp\cc0l3gR3.s 			page 7


 343 013a C0       		.byte	-64
 344 013b 40       		.byte	64
 345 013c B6       		.byte	-74
 346 013d 01       		.byte	1
 347 013e 00       		.byte	0
 348 013f 03       		.byte	3
 349 0140 08       		.byte	8
 350 0141 03       		.byte	3
 351 0142 00       		.byte	0
 352 0143 0F       		.byte	15
 353 0144 00       		.byte	0
 354 0145 40       		.byte	64
 355 0146 40       		.byte	64
 356 0147 00       		.byte	0
 357 0148 40       		.byte	64
 358 0149 00       		.byte	0
 359 014a 00       		.byte	0
 360 014b 00       		.byte	0
 361 014c 04       		.byte	4
 362 014d 00       		.byte	0
 363 014e 00       		.byte	0
 364 014f 00       		.byte	0
 365 0150 00       		.byte	0
 366 0151 00       		.byte	0
 367 0152 00       		.byte	0
 368 0153 00       		.byte	0
 369 0154 04       		.byte	4
 370 0155 00       		.byte	0
 371 0156 00       		.byte	0
 372 0157 00       		.byte	0
 373 0158 00       		.byte	0
 374 0159 00       		.byte	0
 375 015a 00       		.byte	0
 376 015b 00       		.byte	0
 377 015c 00       		.byte	0
 378 015d 0B       		.byte	11
 379 015e 0B       		.byte	11
 380 015f 00       		.byte	0
 381 0160 00       		.byte	0
 382 0161 00       		.byte	0
 383 0162 00       		.byte	0
 384 0163 00       		.byte	0
 385 0164 00       		.byte	0
 386 0165 7F       		.byte	127
 387 0166 7F       		.byte	127
 388 0167 00       		.byte	0
 389 0168 00       		.byte	0
 390 0169 00       		.byte	0
 391 016a 00       		.byte	0
 392 016b 00       		.byte	0
 393              		.section	.cywolatch,"a",%progbits
 394              		.align	2
 395              		.type	cy_meta_wonvl, %object
 396              		.size	cy_meta_wonvl, 4
 397              	cy_meta_wonvl:
 398 0000 BC       		.byte	-68
 399 0001 90       		.byte	-112
ARM GAS  C:\Users\TATIAN~1\AppData\Local\Temp\cc0l3gR3.s 			page 8


 400 0002 AC       		.byte	-84
 401 0003 AF       		.byte	-81
 402              		.section	.cycustnvl,"a",%progbits
 403              		.align	2
 404              		.type	cy_meta_custnvl, %object
 405              		.size	cy_meta_custnvl, 4
 406              	cy_meta_custnvl:
 407 0000 00       		.byte	0
 408 0001 00       		.byte	0
 409 0002 40       		.byte	64
 410 0003 05       		.byte	5
 411              		.section	.cymeta,"a",%progbits
 412              		.align	2
 413              		.type	cy_metadata, %object
 414              		.size	cy_metadata, 12
 415              	cy_metadata:
 416 0000 00       		.byte	0
 417 0001 01       		.byte	1
 418 0002 2E       		.byte	46
 419 0003 16       		.byte	22
 420 0004 10       		.byte	16
 421 0005 69       		.byte	105
 422 0006 00       		.byte	0
 423 0007 01       		.byte	1
 424 0008 00       		.byte	0
 425 0009 00       		.byte	0
 426 000a 00       		.byte	0
 427 000b 00       		.byte	0
 428              		.section	.cyflashprotect,"a",%progbits
 429              		.align	2
 430              		.type	cy_meta_flashprotect, %object
 431              		.size	cy_meta_flashprotect, 256
 432              	cy_meta_flashprotect:
 433 0000 00000000 		.space	256
 433      00000000 
 433      00000000 
 433      00000000 
 433      00000000 
 434              		.text
 435              	.Letext0:
 436              		.file 1 "c:\\program files (x86)\\cypress\\psoc creator\\4.4\\psoc creator\\import\\gnu\\arm\\5.4.
 437              		.file 2 "c:\\program files (x86)\\cypress\\psoc creator\\4.4\\psoc creator\\import\\gnu\\arm\\5.4.
 438              		.file 3 "Generated_Source\\PSoC5\\cymetadata.c"
 439              		.section	.debug_info,"",%progbits
 440              	.Ldebug_info0:
 441 0000 31010000 		.4byte	0x131
 442 0004 0400     		.2byte	0x4
 443 0006 00000000 		.4byte	.Ldebug_abbrev0
 444 000a 04       		.byte	0x4
 445 000b 01       		.uleb128 0x1
 446 000c 91000000 		.4byte	.LASF17
 447 0010 0C       		.byte	0xc
 448 0011 EB010000 		.4byte	.LASF18
 449 0015 0A000000 		.4byte	.LASF19
 450 0019 00000000 		.4byte	.Ldebug_line0
 451 001d 02       		.uleb128 0x2
 452 001e 01       		.byte	0x1
ARM GAS  C:\Users\TATIAN~1\AppData\Local\Temp\cc0l3gR3.s 			page 9


 453 001f 06       		.byte	0x6
 454 0020 DF010000 		.4byte	.LASF0
 455 0024 03       		.uleb128 0x3
 456 0025 00000000 		.4byte	.LASF9
 457 0029 01       		.byte	0x1
 458 002a 1D       		.byte	0x1d
 459 002b 2F000000 		.4byte	0x2f
 460 002f 02       		.uleb128 0x2
 461 0030 01       		.byte	0x1
 462 0031 08       		.byte	0x8
 463 0032 83000000 		.4byte	.LASF1
 464 0036 02       		.uleb128 0x2
 465 0037 02       		.byte	0x2
 466 0038 05       		.byte	0x5
 467 0039 CC010000 		.4byte	.LASF2
 468 003d 02       		.uleb128 0x2
 469 003e 02       		.byte	0x2
 470 003f 07       		.byte	0x7
 471 0040 31010000 		.4byte	.LASF3
 472 0044 02       		.uleb128 0x2
 473 0045 04       		.byte	0x4
 474 0046 05       		.byte	0x5
 475 0047 D6010000 		.4byte	.LASF4
 476 004b 02       		.uleb128 0x2
 477 004c 04       		.byte	0x4
 478 004d 07       		.byte	0x7
 479 004e 1F010000 		.4byte	.LASF5
 480 0052 02       		.uleb128 0x2
 481 0053 08       		.byte	0x8
 482 0054 05       		.byte	0x5
 483 0055 BE010000 		.4byte	.LASF6
 484 0059 02       		.uleb128 0x2
 485 005a 08       		.byte	0x8
 486 005b 07       		.byte	0x7
 487 005c 73010000 		.4byte	.LASF7
 488 0060 04       		.uleb128 0x4
 489 0061 04       		.byte	0x4
 490 0062 05       		.byte	0x5
 491 0063 696E7400 		.ascii	"int\000"
 492 0067 02       		.uleb128 0x2
 493 0068 04       		.byte	0x4
 494 0069 07       		.byte	0x7
 495 006a 66010000 		.4byte	.LASF8
 496 006e 03       		.uleb128 0x3
 497 006f 8A010000 		.4byte	.LASF10
 498 0073 02       		.byte	0x2
 499 0074 18       		.byte	0x18
 500 0075 24000000 		.4byte	0x24
 501 0079 05       		.uleb128 0x5
 502 007a 91000000 		.4byte	0x91
 503 007e 8A000000 		.4byte	0x8a
 504 0082 06       		.uleb128 0x6
 505 0083 8A000000 		.4byte	0x8a
 506 0087 6B01     		.2byte	0x16b
 507 0089 00       		.byte	0
 508 008a 02       		.uleb128 0x2
 509 008b 04       		.byte	0x4
ARM GAS  C:\Users\TATIAN~1\AppData\Local\Temp\cc0l3gR3.s 			page 10


 510 008c 07       		.byte	0x7
 511 008d B5010000 		.4byte	.LASF11
 512 0091 07       		.uleb128 0x7
 513 0092 6E000000 		.4byte	0x6e
 514 0096 08       		.uleb128 0x8
 515 0097 54010000 		.4byte	.LASF12
 516 009b 03       		.byte	0x3
 517 009c 1F       		.byte	0x1f
 518 009d A7000000 		.4byte	0xa7
 519 00a1 05       		.uleb128 0x5
 520 00a2 03       		.byte	0x3
 521 00a3 00000000 		.4byte	cy_meta_configecc
 522 00a7 07       		.uleb128 0x7
 523 00a8 79000000 		.4byte	0x79
 524 00ac 05       		.uleb128 0x5
 525 00ad 91000000 		.4byte	0x91
 526 00b1 BC000000 		.4byte	0xbc
 527 00b5 09       		.uleb128 0x9
 528 00b6 8A000000 		.4byte	0x8a
 529 00ba 03       		.byte	0x3
 530 00bb 00       		.byte	0
 531 00bc 08       		.uleb128 0x8
 532 00bd 44010000 		.4byte	.LASF13
 533 00c1 03       		.byte	0x3
 534 00c2 5A       		.byte	0x5a
 535 00c3 CD000000 		.4byte	0xcd
 536 00c7 05       		.uleb128 0x5
 537 00c8 03       		.byte	0x3
 538 00c9 00000000 		.4byte	cy_meta_custnvl
 539 00cd 07       		.uleb128 0x7
 540 00ce AC000000 		.4byte	0xac
 541 00d2 08       		.uleb128 0x8
 542 00d3 A7010000 		.4byte	.LASF14
 543 00d7 03       		.byte	0x3
 544 00d8 68       		.byte	0x68
 545 00d9 E3000000 		.4byte	0xe3
 546 00dd 05       		.uleb128 0x5
 547 00de 03       		.byte	0x3
 548 00df 00000000 		.4byte	cy_meta_wonvl
 549 00e3 07       		.uleb128 0x7
 550 00e4 AC000000 		.4byte	0xac
 551 00e8 05       		.uleb128 0x5
 552 00e9 91000000 		.4byte	0x91
 553 00ed F8000000 		.4byte	0xf8
 554 00f1 09       		.uleb128 0x9
 555 00f2 8A000000 		.4byte	0x8a
 556 00f6 FF       		.byte	0xff
 557 00f7 00       		.byte	0
 558 00f8 08       		.uleb128 0x8
 559 00f9 92010000 		.4byte	.LASF15
 560 00fd 03       		.byte	0x3
 561 00fe 76       		.byte	0x76
 562 00ff 09010000 		.4byte	0x109
 563 0103 05       		.uleb128 0x5
 564 0104 03       		.byte	0x3
 565 0105 00000000 		.4byte	cy_meta_flashprotect
 566 0109 07       		.uleb128 0x7
ARM GAS  C:\Users\TATIAN~1\AppData\Local\Temp\cc0l3gR3.s 			page 11


 567 010a E8000000 		.4byte	0xe8
 568 010e 05       		.uleb128 0x5
 569 010f 91000000 		.4byte	0x91
 570 0113 1E010000 		.4byte	0x11e
 571 0117 09       		.uleb128 0x9
 572 0118 8A000000 		.4byte	0x8a
 573 011c 0B       		.byte	0xb
 574 011d 00       		.byte	0
 575 011e 08       		.uleb128 0x8
 576 011f 77000000 		.4byte	.LASF16
 577 0123 03       		.byte	0x3
 578 0124 A3       		.byte	0xa3
 579 0125 2F010000 		.4byte	0x12f
 580 0129 05       		.uleb128 0x5
 581 012a 03       		.byte	0x3
 582 012b 00000000 		.4byte	cy_metadata
 583 012f 07       		.uleb128 0x7
 584 0130 0E010000 		.4byte	0x10e
 585 0134 00       		.byte	0
 586              		.section	.debug_abbrev,"",%progbits
 587              	.Ldebug_abbrev0:
 588 0000 01       		.uleb128 0x1
 589 0001 11       		.uleb128 0x11
 590 0002 01       		.byte	0x1
 591 0003 25       		.uleb128 0x25
 592 0004 0E       		.uleb128 0xe
 593 0005 13       		.uleb128 0x13
 594 0006 0B       		.uleb128 0xb
 595 0007 03       		.uleb128 0x3
 596 0008 0E       		.uleb128 0xe
 597 0009 1B       		.uleb128 0x1b
 598 000a 0E       		.uleb128 0xe
 599 000b 10       		.uleb128 0x10
 600 000c 17       		.uleb128 0x17
 601 000d 00       		.byte	0
 602 000e 00       		.byte	0
 603 000f 02       		.uleb128 0x2
 604 0010 24       		.uleb128 0x24
 605 0011 00       		.byte	0
 606 0012 0B       		.uleb128 0xb
 607 0013 0B       		.uleb128 0xb
 608 0014 3E       		.uleb128 0x3e
 609 0015 0B       		.uleb128 0xb
 610 0016 03       		.uleb128 0x3
 611 0017 0E       		.uleb128 0xe
 612 0018 00       		.byte	0
 613 0019 00       		.byte	0
 614 001a 03       		.uleb128 0x3
 615 001b 16       		.uleb128 0x16
 616 001c 00       		.byte	0
 617 001d 03       		.uleb128 0x3
 618 001e 0E       		.uleb128 0xe
 619 001f 3A       		.uleb128 0x3a
 620 0020 0B       		.uleb128 0xb
 621 0021 3B       		.uleb128 0x3b
 622 0022 0B       		.uleb128 0xb
 623 0023 49       		.uleb128 0x49
ARM GAS  C:\Users\TATIAN~1\AppData\Local\Temp\cc0l3gR3.s 			page 12


 624 0024 13       		.uleb128 0x13
 625 0025 00       		.byte	0
 626 0026 00       		.byte	0
 627 0027 04       		.uleb128 0x4
 628 0028 24       		.uleb128 0x24
 629 0029 00       		.byte	0
 630 002a 0B       		.uleb128 0xb
 631 002b 0B       		.uleb128 0xb
 632 002c 3E       		.uleb128 0x3e
 633 002d 0B       		.uleb128 0xb
 634 002e 03       		.uleb128 0x3
 635 002f 08       		.uleb128 0x8
 636 0030 00       		.byte	0
 637 0031 00       		.byte	0
 638 0032 05       		.uleb128 0x5
 639 0033 01       		.uleb128 0x1
 640 0034 01       		.byte	0x1
 641 0035 49       		.uleb128 0x49
 642 0036 13       		.uleb128 0x13
 643 0037 01       		.uleb128 0x1
 644 0038 13       		.uleb128 0x13
 645 0039 00       		.byte	0
 646 003a 00       		.byte	0
 647 003b 06       		.uleb128 0x6
 648 003c 21       		.uleb128 0x21
 649 003d 00       		.byte	0
 650 003e 49       		.uleb128 0x49
 651 003f 13       		.uleb128 0x13
 652 0040 2F       		.uleb128 0x2f
 653 0041 05       		.uleb128 0x5
 654 0042 00       		.byte	0
 655 0043 00       		.byte	0
 656 0044 07       		.uleb128 0x7
 657 0045 26       		.uleb128 0x26
 658 0046 00       		.byte	0
 659 0047 49       		.uleb128 0x49
 660 0048 13       		.uleb128 0x13
 661 0049 00       		.byte	0
 662 004a 00       		.byte	0
 663 004b 08       		.uleb128 0x8
 664 004c 34       		.uleb128 0x34
 665 004d 00       		.byte	0
 666 004e 03       		.uleb128 0x3
 667 004f 0E       		.uleb128 0xe
 668 0050 3A       		.uleb128 0x3a
 669 0051 0B       		.uleb128 0xb
 670 0052 3B       		.uleb128 0x3b
 671 0053 0B       		.uleb128 0xb
 672 0054 49       		.uleb128 0x49
 673 0055 13       		.uleb128 0x13
 674 0056 3F       		.uleb128 0x3f
 675 0057 19       		.uleb128 0x19
 676 0058 02       		.uleb128 0x2
 677 0059 18       		.uleb128 0x18
 678 005a 00       		.byte	0
 679 005b 00       		.byte	0
 680 005c 09       		.uleb128 0x9
ARM GAS  C:\Users\TATIAN~1\AppData\Local\Temp\cc0l3gR3.s 			page 13


 681 005d 21       		.uleb128 0x21
 682 005e 00       		.byte	0
 683 005f 49       		.uleb128 0x49
 684 0060 13       		.uleb128 0x13
 685 0061 2F       		.uleb128 0x2f
 686 0062 0B       		.uleb128 0xb
 687 0063 00       		.byte	0
 688 0064 00       		.byte	0
 689 0065 00       		.byte	0
 690              		.section	.debug_aranges,"",%progbits
 691 0000 14000000 		.4byte	0x14
 692 0004 0200     		.2byte	0x2
 693 0006 00000000 		.4byte	.Ldebug_info0
 694 000a 04       		.byte	0x4
 695 000b 00       		.byte	0
 696 000c 0000     		.2byte	0
 697 000e 0000     		.2byte	0
 698 0010 00000000 		.4byte	0
 699 0014 00000000 		.4byte	0
 700              		.section	.debug_line,"",%progbits
 701              	.Ldebug_line0:
 702 0000 3D010000 		.section	.debug_str,"MS",%progbits,1
 702      02003701 
 702      00000201 
 702      FB0E0D00 
 702      01010101 
 703              	.LASF9:
 704 0000 5F5F7569 		.ascii	"__uint8_t\000"
 704      6E74385F 
 704      7400
 705              	.LASF19:
 706 000a 433A5C55 		.ascii	"C:\\Users\\Tatiana Cordoba\\OneDrive - Universidad "
 706      73657273 
 706      5C546174 
 706      69616E61 
 706      20436F72 
 707 003a 64652041 		.ascii	"de Antioquia\\Documentos\\PSoC Creator\\Calibrar\\D"
 707      6E74696F 
 707      71756961 
 707      5C446F63 
 707      756D656E 
 708 0069 65736967 		.ascii	"esign01.cydsn\000"
 708      6E30312E 
 708      63796473 
 708      6E00
 709              	.LASF16:
 710 0077 63795F6D 		.ascii	"cy_metadata\000"
 710      65746164 
 710      61746100 
 711              	.LASF1:
 712 0083 756E7369 		.ascii	"unsigned char\000"
 712      676E6564 
 712      20636861 
 712      7200
 713              	.LASF17:
 714 0091 474E5520 		.ascii	"GNU C11 5.4.1 20160609 (release) [ARM/embedded-5-br"
 714      43313120 
ARM GAS  C:\Users\TATIAN~1\AppData\Local\Temp\cc0l3gR3.s 			page 14


 714      352E342E 
 714      31203230 
 714      31363036 
 715 00c4 616E6368 		.ascii	"anch revision 237715] -mcpu=cortex-m3 -mthumb -g -O"
 715      20726576 
 715      6973696F 
 715      6E203233 
 715      37373135 
 716 00f7 67202D66 		.ascii	"g -ffunction-sections -ffat-lto-objects\000"
 716      66756E63 
 716      74696F6E 
 716      2D736563 
 716      74696F6E 
 717              	.LASF5:
 718 011f 6C6F6E67 		.ascii	"long unsigned int\000"
 718      20756E73 
 718      69676E65 
 718      6420696E 
 718      7400
 719              	.LASF3:
 720 0131 73686F72 		.ascii	"short unsigned int\000"
 720      7420756E 
 720      7369676E 
 720      65642069 
 720      6E7400
 721              	.LASF13:
 722 0144 63795F6D 		.ascii	"cy_meta_custnvl\000"
 722      6574615F 
 722      63757374 
 722      6E766C00 
 723              	.LASF12:
 724 0154 63795F6D 		.ascii	"cy_meta_configecc\000"
 724      6574615F 
 724      636F6E66 
 724      69676563 
 724      6300
 725              	.LASF8:
 726 0166 756E7369 		.ascii	"unsigned int\000"
 726      676E6564 
 726      20696E74 
 726      00
 727              	.LASF7:
 728 0173 6C6F6E67 		.ascii	"long long unsigned int\000"
 728      206C6F6E 
 728      6720756E 
 728      7369676E 
 728      65642069 
 729              	.LASF10:
 730 018a 75696E74 		.ascii	"uint8_t\000"
 730      385F7400 
 731              	.LASF15:
 732 0192 63795F6D 		.ascii	"cy_meta_flashprotect\000"
 732      6574615F 
 732      666C6173 
 732      6870726F 
 732      74656374 
 733              	.LASF14:
ARM GAS  C:\Users\TATIAN~1\AppData\Local\Temp\cc0l3gR3.s 			page 15


 734 01a7 63795F6D 		.ascii	"cy_meta_wonvl\000"
 734      6574615F 
 734      776F6E76 
 734      6C00
 735              	.LASF11:
 736 01b5 73697A65 		.ascii	"sizetype\000"
 736      74797065 
 736      00
 737              	.LASF6:
 738 01be 6C6F6E67 		.ascii	"long long int\000"
 738      206C6F6E 
 738      6720696E 
 738      7400
 739              	.LASF2:
 740 01cc 73686F72 		.ascii	"short int\000"
 740      7420696E 
 740      7400
 741              	.LASF4:
 742 01d6 6C6F6E67 		.ascii	"long int\000"
 742      20696E74 
 742      00
 743              	.LASF0:
 744 01df 7369676E 		.ascii	"signed char\000"
 744      65642063 
 744      68617200 
 745              	.LASF18:
 746 01eb 47656E65 		.ascii	"Generated_Source\\PSoC5\\cymetadata.c\000"
 746      72617465 
 746      645F536F 
 746      75726365 
 746      5C50536F 
 747              		.ident	"GCC: (GNU Tools for ARM Embedded Processors) 5.4.1 20160609 (release) [ARM/embedded-5-bran
