--------------- Clean Started: 06/04/2023 01:04:46 Project: Desing_pf, Configuration: ARM GCC 5.4-2016-q2-update Debug ---------------
Deleting file ".\CortexM3\ARM_GCC_541\Debug\main.o"
Deleting file ".\CortexM3\ARM_GCC_541\Debug\cyfitter_cfg.o"
Deleting file ".\CortexM3\ARM_GCC_541\Debug\cymetadata.o"
Deleting file ".\CortexM3\ARM_GCC_541\Debug\UART_1.o"
Deleting file ".\CortexM3\ARM_GCC_541\Debug\UART_1_PM.o"
Deleting file ".\CortexM3\ARM_GCC_541\Debug\UART_1_INT.o"
Deleting file ".\CortexM3\ARM_GCC_541\Debug\UART_1_BOOT.o"
Deleting file ".\CortexM3\ARM_GCC_541\Debug\Counter_1.o"
Deleting file ".\CortexM3\ARM_GCC_541\Debug\Counter_1_PM.o"
Deleting file ".\CortexM3\ARM_GCC_541\Debug\isr_contador.o"
Deleting file ".\CortexM3\ARM_GCC_541\Debug\Clock_1.o"
Deleting file ".\CortexM3\ARM_GCC_541\Debug\Seg.o"
Deleting file ".\CortexM3\ARM_GCC_541\Debug\Com.o"
Deleting file ".\CortexM3\ARM_GCC_541\Debug\UART_1_IntClock.o"
Deleting file ".\CortexM3\ARM_GCC_541\Debug\Cm3Start.o"
Deleting file ".\CortexM3\ARM_GCC_541\Debug\CyBootAsmGnu.o"
Deleting file ".\CortexM3\ARM_GCC_541\Debug\CyDmac.o"
Deleting file ".\CortexM3\ARM_GCC_541\Debug\CyFlash.o"
Deleting file ".\CortexM3\ARM_GCC_541\Debug\CyLib.o"
Deleting file ".\CortexM3\ARM_GCC_541\Debug\cyPm.o"
Deleting file ".\CortexM3\ARM_GCC_541\Debug\CySpc.o"
Deleting file ".\CortexM3\ARM_GCC_541\Debug\cyutils.o"
Deleting file ".\CortexM3\ARM_GCC_541\Debug\cy_em_eeprom.o"
Deleting file ".\CortexM3\ARM_GCC_541\Debug\LCD.o"
Deleting file ".\CortexM3\ARM_GCC_541\Debug\LCD_PM.o"
Deleting file ".\CortexM3\ARM_GCC_541\Debug\LCD_LCDPort.o"
Deleting file ".\CortexM3\ARM_GCC_541\Debug\data.o"
Deleting file ".\CortexM3\ARM_GCC_541\Debug\tilt.o"
Deleting file ".\CortexM3\ARM_GCC_541\Debug\LED_Driver.o"
Deleting file ".\CortexM3\ARM_GCC_541\Debug\LED_Driver_PM.o"
Deleting file ".\CortexM3\ARM_GCC_541\Debug\LED_Driver_ClkInternal.o"
Deleting file ".\CortexM3\ARM_GCC_541\Debug\LED_Driver_Seg_Driver_L.o"
Deleting file ".\CortexM3\ARM_GCC_541\Debug\LED_Driver_Seg_Driver_L_PM.o"
Deleting file ".\CortexM3\ARM_GCC_541\Debug\LED_Driver_Com_Driver.o"
Deleting file ".\CortexM3\ARM_GCC_541\Debug\LED_Driver_Com_Driver_PM.o"
Deleting file ".\CortexM3\ARM_GCC_541\Debug\LED_Driver_DMA_Com_dma.o"
Deleting file ".\CortexM3\ARM_GCC_541\Debug\LED_Driver_DMA_Seg_dma.o"
Deleting file ".\CortexM3\ARM_GCC_541\Debug\PWM.o"
Deleting file ".\CortexM3\ARM_GCC_541\Debug\PWM_PM.o"
Deleting file ".\CortexM3\ARM_GCC_541\Debug\Clock_2.o"
Deleting file ".\CortexM3\ARM_GCC_541\Debug\Clock_3.o"
Deleting file ".\CortexM3\ARM_GCC_541\Debug\motor.o"
Deleting file ".\CortexM3\ARM_GCC_541\Debug\aum.o"
Deleting file ".\CortexM3\ARM_GCC_541\Debug\dism.o"
Deleting file ".\CortexM3\ARM_GCC_541\Debug\bt_aum.o"
Deleting file ".\CortexM3\ARM_GCC_541\Debug\bt_dis.o"
Deleting file ".\CortexM3\ARM_GCC_541\Debug\aviso.o"
Deleting file ".\CortexM3\ARM_GCC_541\Debug\ADC.o"
Deleting file ".\CortexM3\ARM_GCC_541\Debug\ADC_INT.o"
Deleting file ".\CortexM3\ARM_GCC_541\Debug\ADC_PM.o"
Deleting file ".\CortexM3\ARM_GCC_541\Debug\tem.o"
Deleting file ".\CortexM3\ARM_GCC_541\Debug\ADC_IRQ.o"
Deleting file ".\CortexM3\ARM_GCC_541\Debug\ADC_theACLK.o"
Deleting file ".\CortexM3\ARM_GCC_541\Debug\Opamp.o"
Deleting file ".\CortexM3\ARM_GCC_541\Debug\Opamp_PM.o"
Deleting file ".\CortexM3\ARM_GCC_541\Debug\ADC_AMux.o"
Deleting file ".\CortexM3\ARM_GCC_541\Debug\ADC_Ext_CP_Clk.o"
Deleting file ".\CortexM3\ARM_GCC_541\Debug\Desing_pf.hex"
Deleting file ".\CortexM3\ARM_GCC_541\Debug\Desing_pf.elf"
Deleting file ".\CortexM3\ARM_GCC_541\Debug\Desing_pf.map"
Deleting file ".\Desing_pf.cycdx"
Deleting file ".\Desing_pf.svd"
Deleting file ".\Desing_pf.rpt"
Deleting file ".\Desing_pf_timing.html"
Deleting file ".\CortexM3\ARM_GCC_541\Debug\.deps\SOURCE_C__ARM_GCC_GENERIC.P"
Deleting file ".\CortexM3\ARM_GCC_541\Debug\.deps\SOURCE_ASM__ARM_GCC_GENERIC.P"
--------------- Clean Succeeded: 06/04/2023 01:04:46 ---------------
