ARM GAS  C:\Users\juanm\AppData\Local\Temp\ccrvhYtd.s 			page 1


   1              		.syntax unified
   2              		.cpu cortex-m3
   3              		.fpu softvfp
   4              		.eabi_attribute 20, 1
   5              		.eabi_attribute 21, 1
   6              		.eabi_attribute 23, 3
   7              		.eabi_attribute 24, 1
   8              		.eabi_attribute 25, 1
   9              		.eabi_attribute 26, 1
  10              		.eabi_attribute 30, 1
  11              		.eabi_attribute 34, 1
  12              		.eabi_attribute 18, 4
  13              		.thumb
  14              		.syntax unified
  15              		.file	"cymetadata.c"
  16              		.text
  17              	.Ltext0:
  18              		.cfi_sections	.debug_frame
  19              		.global	cy_metadata
  20              		.global	cy_meta_flashprotect
  21              		.global	cy_meta_wonvl
  22              		.global	cy_meta_custnvl
  23              		.global	cy_meta_configecc
  24              		.section	.cyconfigecc,"a",%progbits
  25              		.align	2
  26              		.type	cy_meta_configecc, %object
  27              		.size	cy_meta_configecc, 1036
  28              	cy_meta_configecc:
  29 0000 01       		.byte	1
  30 0001 4F       		.byte	79
  31 0002 00       		.byte	0
  32 0003 40       		.byte	64
  33 0004 02       		.byte	2
  34 0005 52       		.byte	82
  35 0006 00       		.byte	0
  36 0007 40       		.byte	64
  37 0008 01       		.byte	1
  38 0009 64       		.byte	100
  39 000a 00       		.byte	0
  40 000b 40       		.byte	64
  41 000c 02       		.byte	2
  42 000d 65       		.byte	101
  43 000e 00       		.byte	0
  44 000f 40       		.byte	64
  45 0010 01       		.byte	1
  46 0011 05       		.byte	5
  47 0012 01       		.byte	1
  48 0013 40       		.byte	64
  49 0014 55       		.byte	85
  50 0015 08       		.byte	8
  51 0016 01       		.byte	1
  52 0017 40       		.byte	64
  53 0018 32       		.byte	50
  54 0019 09       		.byte	9
  55 001a 01       		.byte	1
  56 001b 40       		.byte	64
  57 001c 01       		.byte	1
ARM GAS  C:\Users\juanm\AppData\Local\Temp\ccrvhYtd.s 			page 2


  58 001d 0B       		.byte	11
  59 001e 01       		.byte	1
  60 001f 40       		.byte	64
  61 0020 03       		.byte	3
  62 0021 0C       		.byte	12
  63 0022 01       		.byte	1
  64 0023 40       		.byte	64
  65 0024 01       		.byte	1
  66 0025 0D       		.byte	13
  67 0026 01       		.byte	1
  68 0027 40       		.byte	64
  69 0028 01       		.byte	1
  70 0029 15       		.byte	21
  71 002a 01       		.byte	1
  72 002b 40       		.byte	64
  73 002c 41       		.byte	65
  74 002d 18       		.byte	24
  75 002e 01       		.byte	1
  76 002f 40       		.byte	64
  77 0030 36       		.byte	54
  78 0031 19       		.byte	25
  79 0032 01       		.byte	1
  80 0033 40       		.byte	64
  81 0034 58       		.byte	88
  82 0035 1A       		.byte	26
  83 0036 01       		.byte	1
  84 0037 40       		.byte	64
  85 0038 44       		.byte	68
  86 0039 1B       		.byte	27
  87 003a 01       		.byte	1
  88 003b 40       		.byte	64
  89 003c 03       		.byte	3
  90 003d 40       		.byte	64
  91 003e 01       		.byte	1
  92 003f 40       		.byte	64
  93 0040 01       		.byte	1
  94 0041 41       		.byte	65
  95 0042 01       		.byte	1
  96 0043 40       		.byte	64
  97 0044 08       		.byte	8
  98 0045 42       		.byte	66
  99 0046 01       		.byte	1
 100 0047 40       		.byte	64
 101 0048 01       		.byte	1
 102 0049 43       		.byte	67
 103 004a 01       		.byte	1
 104 004b 40       		.byte	64
 105 004c 01       		.byte	1
 106 004d 48       		.byte	72
 107 004e 01       		.byte	1
 108 004f 40       		.byte	64
 109 0050 03       		.byte	3
 110 0051 49       		.byte	73
 111 0052 01       		.byte	1
 112 0053 40       		.byte	64
 113 0054 07       		.byte	7
 114 0055 4D       		.byte	77
ARM GAS  C:\Users\juanm\AppData\Local\Temp\ccrvhYtd.s 			page 3


 115 0056 01       		.byte	1
 116 0057 40       		.byte	64
 117 0058 04       		.byte	4
 118 0059 50       		.byte	80
 119 005a 01       		.byte	1
 120 005b 40       		.byte	64
 121 005c 01       		.byte	1
 122 005d 51       		.byte	81
 123 005e 01       		.byte	1
 124 005f 40       		.byte	64
 125 0060 0A       		.byte	10
 126 0061 4B       		.byte	75
 127 0062 61       		.byte	97
 128 0063 80       		.byte	-128
 129 0064 64       		.byte	100
 130 0065 40       		.byte	64
 131 0066 89       		.byte	-119
 132 0067 0F       		.byte	15
 133 0068 89       		.byte	-119
 134 0069 72       		.byte	114
 135 006a 8A       		.byte	-118
 136 006b 38       		.byte	56
 137 006c EE       		.byte	-18
 138 006d 02       		.byte	2
 139 006e 00       		.byte	0
 140 006f 03       		.byte	3
 141 0070 03       		.byte	3
 142 0071 08       		.byte	8
 143 0072 04       		.byte	4
 144 0073 02       		.byte	2
 145 0074 05       		.byte	5
 146 0075 0A       		.byte	10
 147 0076 07       		.byte	7
 148 0077 04       		.byte	4
 149 0078 09       		.byte	9
 150 0079 03       		.byte	3
 151 007a 0B       		.byte	11
 152 007b 04       		.byte	4
 153 007c 0F       		.byte	15
 154 007d 05       		.byte	5
 155 007e 11       		.byte	17
 156 007f 03       		.byte	3
 157 0080 13       		.byte	19
 158 0081 04       		.byte	4
 159 0082 19       		.byte	25
 160 0083 03       		.byte	3
 161 0084 1B       		.byte	27
 162 0085 0C       		.byte	12
 163 0086 1E       		.byte	30
 164 0087 01       		.byte	1
 165 0088 28       		.byte	40
 166 0089 03       		.byte	3
 167 008a 33       		.byte	51
 168 008b 0F       		.byte	15
 169 008c 36       		.byte	54
 170 008d 03       		.byte	3
 171 008e 38       		.byte	56
ARM GAS  C:\Users\juanm\AppData\Local\Temp\ccrvhYtd.s 			page 4


 172 008f 80       		.byte	-128
 173 0090 3B       		.byte	59
 174 0091 08       		.byte	8
 175 0092 3E       		.byte	62
 176 0093 40       		.byte	64
 177 0094 40       		.byte	64
 178 0095 01       		.byte	1
 179 0096 46       		.byte	70
 180 0097 40       		.byte	64
 181 0098 49       		.byte	73
 182 0099 FF       		.byte	-1
 183 009a 4A       		.byte	74
 184 009b 07       		.byte	7
 185 009c 4B       		.byte	75
 186 009d FF       		.byte	-1
 187 009e 4C       		.byte	76
 188 009f 40       		.byte	64
 189 00a0 4D       		.byte	77
 190 00a1 20       		.byte	32
 191 00a2 4E       		.byte	78
 192 00a3 F0       		.byte	-16
 193 00a4 4F       		.byte	79
 194 00a5 05       		.byte	5
 195 00a6 50       		.byte	80
 196 00a7 08       		.byte	8
 197 00a8 58       		.byte	88
 198 00a9 04       		.byte	4
 199 00aa 59       		.byte	89
 200 00ab 04       		.byte	4
 201 00ac 5A       		.byte	90
 202 00ad 04       		.byte	4
 203 00ae 5C       		.byte	92
 204 00af 10       		.byte	16
 205 00b0 5D       		.byte	93
 206 00b1 01       		.byte	1
 207 00b2 5F       		.byte	95
 208 00b3 01       		.byte	1
 209 00b4 60       		.byte	96
 210 00b5 40       		.byte	64
 211 00b6 61       		.byte	97
 212 00b7 A8       		.byte	-88
 213 00b8 62       		.byte	98
 214 00b9 40       		.byte	64
 215 00ba 63       		.byte	99
 216 00bb 20       		.byte	32
 217 00bc 85       		.byte	-123
 218 00bd 07       		.byte	7
 219 00be 86       		.byte	-122
 220 00bf 01       		.byte	1
 221 00c0 8A       		.byte	-118
 222 00c1 01       		.byte	1
 223 00c2 8C       		.byte	-116
 224 00c3 02       		.byte	2
 225 00c4 8D       		.byte	-115
 226 00c5 08       		.byte	8
 227 00c6 90       		.byte	-112
 228 00c7 01       		.byte	1
ARM GAS  C:\Users\juanm\AppData\Local\Temp\ccrvhYtd.s 			page 5


 229 00c8 91       		.byte	-111
 230 00c9 01       		.byte	1
 231 00ca 93       		.byte	-109
 232 00cb 06       		.byte	6
 233 00cc 94       		.byte	-108
 234 00cd 01       		.byte	1
 235 00ce 95       		.byte	-107
 236 00cf 07       		.byte	7
 237 00d0 9E       		.byte	-98
 238 00d1 01       		.byte	1
 239 00d2 A4       		.byte	-92
 240 00d3 02       		.byte	2
 241 00d4 A8       		.byte	-88
 242 00d5 02       		.byte	2
 243 00d6 A9       		.byte	-87
 244 00d7 04       		.byte	4
 245 00d8 AB       		.byte	-85
 246 00d9 01       		.byte	1
 247 00da AD       		.byte	-83
 248 00db 02       		.byte	2
 249 00dc AF       		.byte	-81
 250 00dd 01       		.byte	1
 251 00de B0       		.byte	-80
 252 00df 01       		.byte	1
 253 00e0 B1       		.byte	-79
 254 00e1 07       		.byte	7
 255 00e2 B3       		.byte	-77
 256 00e3 08       		.byte	8
 257 00e4 B4       		.byte	-76
 258 00e5 02       		.byte	2
 259 00e6 BE       		.byte	-66
 260 00e7 01       		.byte	1
 261 00e8 BF       		.byte	-65
 262 00e9 04       		.byte	4
 263 00ea C0       		.byte	-64
 264 00eb 35       		.byte	53
 265 00ec C1       		.byte	-63
 266 00ed 01       		.byte	1
 267 00ee C5       		.byte	-59
 268 00ef 0C       		.byte	12
 269 00f0 C6       		.byte	-58
 270 00f1 0E       		.byte	14
 271 00f2 C7       		.byte	-57
 272 00f3 0B       		.byte	11
 273 00f4 C8       		.byte	-56
 274 00f5 15       		.byte	21
 275 00f6 C9       		.byte	-55
 276 00f7 FF       		.byte	-1
 277 00f8 CA       		.byte	-54
 278 00f9 FF       		.byte	-1
 279 00fa CB       		.byte	-53
 280 00fb FF       		.byte	-1
 281 00fc CE       		.byte	-50
 282 00fd F0       		.byte	-16
 283 00fe CF       		.byte	-49
 284 00ff 44       		.byte	68
 285 0100 D0       		.byte	-48
ARM GAS  C:\Users\juanm\AppData\Local\Temp\ccrvhYtd.s 			page 6


 286 0101 0C       		.byte	12
 287 0102 D4       		.byte	-44
 288 0103 01       		.byte	1
 289 0104 D8       		.byte	-40
 290 0105 04       		.byte	4
 291 0106 D9       		.byte	-39
 292 0107 04       		.byte	4
 293 0108 DA       		.byte	-38
 294 0109 04       		.byte	4
 295 010a DB       		.byte	-37
 296 010b 04       		.byte	4
 297 010c DC       		.byte	-36
 298 010d 11       		.byte	17
 299 010e DD       		.byte	-35
 300 010f 11       		.byte	17
 301 0110 DF       		.byte	-33
 302 0111 01       		.byte	1
 303 0112 E6       		.byte	-26
 304 0113 C0       		.byte	-64
 305 0114 EA       		.byte	-22
 306 0115 40       		.byte	64
 307 0116 EB       		.byte	-21
 308 0117 02       		.byte	2
 309 0118 00       		.byte	0
 310 0119 24       		.byte	36
 311 011a 01       		.byte	1
 312 011b 40       		.byte	64
 313 011c 04       		.byte	4
 314 011d 84       		.byte	-124
 315 011e 07       		.byte	7
 316 011f 41       		.byte	65
 317 0120 09       		.byte	9
 318 0121 08       		.byte	8
 319 0122 0A       		.byte	10
 320 0123 80       		.byte	-128
 321 0124 0B       		.byte	11
 322 0125 01       		.byte	1
 323 0126 0E       		.byte	14
 324 0127 02       		.byte	2
 325 0128 0F       		.byte	15
 326 0129 01       		.byte	1
 327 012a 11       		.byte	17
 328 012b 14       		.byte	20
 329 012c 17       		.byte	23
 330 012d 20       		.byte	32
 331 012e 19       		.byte	25
 332 012f 10       		.byte	16
 333 0130 1A       		.byte	26
 334 0131 40       		.byte	64
 335 0132 1B       		.byte	27
 336 0133 20       		.byte	32
 337 0134 1D       		.byte	29
 338 0135 80       		.byte	-128
 339 0136 22       		.byte	34
 340 0137 05       		.byte	5
 341 0138 25       		.byte	37
 342 0139 08       		.byte	8
ARM GAS  C:\Users\juanm\AppData\Local\Temp\ccrvhYtd.s 			page 7


 343 013a 27       		.byte	39
 344 013b 20       		.byte	32
 345 013c 29       		.byte	41
 346 013d A0       		.byte	-96
 347 013e 32       		.byte	50
 348 013f 41       		.byte	65
 349 0140 33       		.byte	51
 350 0141 44       		.byte	68
 351 0142 34       		.byte	52
 352 0143 02       		.byte	2
 353 0144 37       		.byte	55
 354 0145 20       		.byte	32
 355 0146 38       		.byte	56
 356 0147 80       		.byte	-128
 357 0148 39       		.byte	57
 358 0149 04       		.byte	4
 359 014a 3C       		.byte	60
 360 014b 24       		.byte	36
 361 014c 3E       		.byte	62
 362 014d 11       		.byte	17
 363 014e 3F       		.byte	63
 364 014f 40       		.byte	64
 365 0150 40       		.byte	64
 366 0151 02       		.byte	2
 367 0152 41       		.byte	65
 368 0153 08       		.byte	8
 369 0154 43       		.byte	67
 370 0155 40       		.byte	64
 371 0156 45       		.byte	69
 372 0157 80       		.byte	-128
 373 0158 48       		.byte	72
 374 0159 10       		.byte	16
 375 015a 4A       		.byte	74
 376 015b 01       		.byte	1
 377 015c 4B       		.byte	75
 378 015d 40       		.byte	64
 379 015e 4F       		.byte	79
 380 015f 01       		.byte	1
 381 0160 50       		.byte	80
 382 0161 40       		.byte	64
 383 0162 51       		.byte	81
 384 0163 04       		.byte	4
 385 0164 57       		.byte	87
 386 0165 10       		.byte	16
 387 0166 5A       		.byte	90
 388 0167 58       		.byte	88
 389 0168 5B       		.byte	91
 390 0169 01       		.byte	1
 391 016a C0       		.byte	-64
 392 016b 37       		.byte	55
 393 016c C2       		.byte	-62
 394 016d 8D       		.byte	-115
 395 016e C4       		.byte	-60
 396 016f 46       		.byte	70
 397 0170 CA       		.byte	-54
 398 0171 0C       		.byte	12
 399 0172 CC       		.byte	-52
ARM GAS  C:\Users\juanm\AppData\Local\Temp\ccrvhYtd.s 			page 8


 400 0173 A3       		.byte	-93
 401 0174 CE       		.byte	-50
 402 0175 FA       		.byte	-6
 403 0176 D0       		.byte	-48
 404 0177 1A       		.byte	26
 405 0178 D2       		.byte	-46
 406 0179 08       		.byte	8
 407 017a D6       		.byte	-42
 408 017b 0F       		.byte	15
 409 017c AD       		.byte	-83
 410 017d 01       		.byte	1
 411 017e BF       		.byte	-65
 412 017f 01       		.byte	1
 413 0180 D9       		.byte	-39
 414 0181 04       		.byte	4
 415 0182 DF       		.byte	-33
 416 0183 01       		.byte	1
 417 0184 21       		.byte	33
 418 0185 01       		.byte	1
 419 0186 E6       		.byte	-26
 420 0187 02       		.byte	2
 421 0188 00       		.byte	0
 422 0189 11       		.byte	17
 423 018a 02       		.byte	2
 424 018b 0E       		.byte	14
 425 018c 04       		.byte	4
 426 018d 0C       		.byte	12
 427 018e 06       		.byte	6
 428 018f 13       		.byte	19
 429 0190 10       		.byte	16
 430 0191 20       		.byte	32
 431 0192 12       		.byte	18
 432 0193 03       		.byte	3
 433 0194 16       		.byte	22
 434 0195 08       		.byte	8
 435 0196 1E       		.byte	30
 436 0197 0C       		.byte	12
 437 0198 28       		.byte	40
 438 0199 11       		.byte	17
 439 019a 2A       		.byte	42
 440 019b 06       		.byte	6
 441 019c 34       		.byte	52
 442 019d 0F       		.byte	15
 443 019e 36       		.byte	54
 444 019f 30       		.byte	48
 445 01a0 38       		.byte	56
 446 01a1 80       		.byte	-128
 447 01a2 3A       		.byte	58
 448 01a3 20       		.byte	32
 449 01a4 3B       		.byte	59
 450 01a5 80       		.byte	-128
 451 01a6 58       		.byte	88
 452 01a7 04       		.byte	4
 453 01a8 59       		.byte	89
 454 01a9 04       		.byte	4
 455 01aa 5C       		.byte	92
 456 01ab 11       		.byte	17
ARM GAS  C:\Users\juanm\AppData\Local\Temp\ccrvhYtd.s 			page 9


 457 01ac 5F       		.byte	95
 458 01ad 01       		.byte	1
 459 01ae 80       		.byte	-128
 460 01af 13       		.byte	19
 461 01b0 81       		.byte	-127
 462 01b1 10       		.byte	16
 463 01b2 82       		.byte	-126
 464 01b3 0C       		.byte	12
 465 01b4 85       		.byte	-123
 466 01b5 08       		.byte	8
 467 01b6 86       		.byte	-122
 468 01b7 13       		.byte	19
 469 01b8 89       		.byte	-119
 470 01b9 18       		.byte	24
 471 01ba 8C       		.byte	-116
 472 01bb 1F       		.byte	31
 473 01bc 8F       		.byte	-113
 474 01bd 40       		.byte	64
 475 01be 90       		.byte	-112
 476 01bf 0C       		.byte	12
 477 01c0 91       		.byte	-111
 478 01c1 BF       		.byte	-65
 479 01c2 92       		.byte	-110
 480 01c3 13       		.byte	19
 481 01c4 94       		.byte	-108
 482 01c5 0F       		.byte	15
 483 01c6 95       		.byte	-107
 484 01c7 9C       		.byte	-100
 485 01c8 96       		.byte	-106
 486 01c9 10       		.byte	16
 487 01ca 97       		.byte	-105
 488 01cb 21       		.byte	33
 489 01cc 98       		.byte	-104
 490 01cd 02       		.byte	2
 491 01ce 99       		.byte	-103
 492 01cf BC       		.byte	-68
 493 01d0 9B       		.byte	-101
 494 01d1 02       		.byte	2
 495 01d2 9C       		.byte	-100
 496 01d3 03       		.byte	3
 497 01d4 9F       		.byte	-97
 498 01d5 40       		.byte	64
 499 01d6 A0       		.byte	-96
 500 01d7 08       		.byte	8
 501 01d8 A1       		.byte	-95
 502 01d9 A7       		.byte	-89
 503 01da A3       		.byte	-93
 504 01db 18       		.byte	24
 505 01dc A4       		.byte	-92
 506 01dd 04       		.byte	4
 507 01de A7       		.byte	-89
 508 01df 23       		.byte	35
 509 01e0 A8       		.byte	-88
 510 01e1 0C       		.byte	12
 511 01e2 AB       		.byte	-85
 512 01e3 04       		.byte	4
 513 01e4 AC       		.byte	-84
ARM GAS  C:\Users\juanm\AppData\Local\Temp\ccrvhYtd.s 			page 10


 514 01e5 01       		.byte	1
 515 01e6 AD       		.byte	-83
 516 01e7 04       		.byte	4
 517 01e8 B0       		.byte	-80
 518 01e9 0F       		.byte	15
 519 01ea B1       		.byte	-79
 520 01eb 80       		.byte	-128
 521 01ec B2       		.byte	-78
 522 01ed 1C       		.byte	28
 523 01ee B3       		.byte	-77
 524 01ef 40       		.byte	64
 525 01f0 B5       		.byte	-75
 526 01f1 1F       		.byte	31
 527 01f2 B7       		.byte	-73
 528 01f3 38       		.byte	56
 529 01f4 BA       		.byte	-70
 530 01f5 0A       		.byte	10
 531 01f6 BB       		.byte	-69
 532 01f7 20       		.byte	32
 533 01f8 BF       		.byte	-65
 534 01f9 05       		.byte	5
 535 01fa D6       		.byte	-42
 536 01fb 02       		.byte	2
 537 01fc D7       		.byte	-41
 538 01fd 10       		.byte	16
 539 01fe D8       		.byte	-40
 540 01ff 04       		.byte	4
 541 0200 D9       		.byte	-39
 542 0201 04       		.byte	4
 543 0202 DB       		.byte	-37
 544 0203 04       		.byte	4
 545 0204 DC       		.byte	-36
 546 0205 11       		.byte	17
 547 0206 DD       		.byte	-35
 548 0207 10       		.byte	16
 549 0208 DF       		.byte	-33
 550 0209 01       		.byte	1
 551 020a 01       		.byte	1
 552 020b 02       		.byte	2
 553 020c 03       		.byte	3
 554 020d 21       		.byte	33
 555 020e 04       		.byte	4
 556 020f 04       		.byte	4
 557 0210 07       		.byte	7
 558 0211 40       		.byte	64
 559 0212 08       		.byte	8
 560 0213 02       		.byte	2
 561 0214 0A       		.byte	10
 562 0215 26       		.byte	38
 563 0216 0E       		.byte	14
 564 0217 01       		.byte	1
 565 0218 0F       		.byte	15
 566 0219 60       		.byte	96
 567 021a 10       		.byte	16
 568 021b 82       		.byte	-126
 569 021c 13       		.byte	19
 570 021d 14       		.byte	20
ARM GAS  C:\Users\juanm\AppData\Local\Temp\ccrvhYtd.s 			page 11


 571 021e 17       		.byte	23
 572 021f 20       		.byte	32
 573 0220 19       		.byte	25
 574 0221 07       		.byte	7
 575 0222 1A       		.byte	26
 576 0223 20       		.byte	32
 577 0224 1C       		.byte	28
 578 0225 04       		.byte	4
 579 0226 1E       		.byte	30
 580 0227 01       		.byte	1
 581 0228 21       		.byte	33
 582 0229 40       		.byte	64
 583 022a 22       		.byte	34
 584 022b 24       		.byte	36
 585 022c 23       		.byte	35
 586 022d 80       		.byte	-128
 587 022e 27       		.byte	39
 588 022f 01       		.byte	1
 589 0230 29       		.byte	41
 590 0231 81       		.byte	-127
 591 0232 2B       		.byte	43
 592 0233 28       		.byte	40
 593 0234 31       		.byte	49
 594 0235 84       		.byte	-124
 595 0236 32       		.byte	50
 596 0237 20       		.byte	32
 597 0238 33       		.byte	51
 598 0239 01       		.byte	1
 599 023a 39       		.byte	57
 600 023b 80       		.byte	-128
 601 023c 3A       		.byte	58
 602 023d 02       		.byte	2
 603 023e 3B       		.byte	59
 604 023f 94       		.byte	-108
 605 0240 5B       		.byte	91
 606 0241 80       		.byte	-128
 607 0242 69       		.byte	105
 608 0243 54       		.byte	84
 609 0244 6B       		.byte	107
 610 0245 04       		.byte	4
 611 0246 70       		.byte	112
 612 0247 80       		.byte	-128
 613 0248 72       		.byte	114
 614 0249 02       		.byte	2
 615 024a 73       		.byte	115
 616 024b 14       		.byte	20
 617 024c 88       		.byte	-120
 618 024d 02       		.byte	2
 619 024e 8A       		.byte	-118
 620 024f A4       		.byte	-92
 621 0250 8D       		.byte	-115
 622 0251 21       		.byte	33
 623 0252 91       		.byte	-111
 624 0253 08       		.byte	8
 625 0254 92       		.byte	-110
 626 0255 02       		.byte	2
 627 0256 93       		.byte	-109
ARM GAS  C:\Users\juanm\AppData\Local\Temp\ccrvhYtd.s 			page 12


 628 0257 41       		.byte	65
 629 0258 94       		.byte	-108
 630 0259 04       		.byte	4
 631 025a 95       		.byte	-107
 632 025b 54       		.byte	84
 633 025c 96       		.byte	-106
 634 025d 01       		.byte	1
 635 025e 99       		.byte	-103
 636 025f 10       		.byte	16
 637 0260 9B       		.byte	-101
 638 0261 20       		.byte	32
 639 0262 9D       		.byte	-99
 640 0263 A0       		.byte	-96
 641 0264 9F       		.byte	-97
 642 0265 44       		.byte	68
 643 0266 A3       		.byte	-93
 644 0267 30       		.byte	48
 645 0268 C0       		.byte	-64
 646 0269 3D       		.byte	61
 647 026a C2       		.byte	-62
 648 026b BF       		.byte	-65
 649 026c C4       		.byte	-60
 650 026d 4F       		.byte	79
 651 026e CA       		.byte	-54
 652 026f 0F       		.byte	15
 653 0270 CC       		.byte	-52
 654 0271 0F       		.byte	15
 655 0272 CE       		.byte	-50
 656 0273 0F       		.byte	15
 657 0274 D6       		.byte	-42
 658 0275 08       		.byte	8
 659 0276 00       		.byte	0
 660 0277 0C       		.byte	12
 661 0278 06       		.byte	6
 662 0279 0C       		.byte	12
 663 027a 07       		.byte	7
 664 027b 02       		.byte	2
 665 027c 09       		.byte	9
 666 027d 01       		.byte	1
 667 027e 0C       		.byte	12
 668 027f 0C       		.byte	12
 669 0280 12       		.byte	18
 670 0281 0C       		.byte	12
 671 0282 13       		.byte	19
 672 0283 02       		.byte	2
 673 0284 16       		.byte	22
 674 0285 0C       		.byte	12
 675 0286 17       		.byte	23
 676 0287 01       		.byte	1
 677 0288 18       		.byte	24
 678 0289 48       		.byte	72
 679 028a 1A       		.byte	26
 680 028b 22       		.byte	34
 681 028c 1C       		.byte	28
 682 028d 0C       		.byte	12
 683 028e 1E       		.byte	30
 684 028f 01       		.byte	1
ARM GAS  C:\Users\juanm\AppData\Local\Temp\ccrvhYtd.s 			page 13


 685 0290 21       		.byte	33
 686 0291 01       		.byte	1
 687 0292 24       		.byte	36
 688 0293 60       		.byte	96
 689 0294 28       		.byte	40
 690 0295 60       		.byte	96
 691 0296 2C       		.byte	44
 692 0297 24       		.byte	36
 693 0298 2E       		.byte	46
 694 0299 52       		.byte	82
 695 029a 2F       		.byte	47
 696 029b 01       		.byte	1
 697 029c 30       		.byte	48
 698 029d 0C       		.byte	12
 699 029e 31       		.byte	49
 700 029f 01       		.byte	1
 701 02a0 32       		.byte	50
 702 02a1 10       		.byte	16
 703 02a2 34       		.byte	52
 704 02a3 60       		.byte	96
 705 02a4 35       		.byte	53
 706 02a5 02       		.byte	2
 707 02a6 36       		.byte	54
 708 02a7 03       		.byte	3
 709 02a8 39       		.byte	57
 710 02a9 02       		.byte	2
 711 02aa 3E       		.byte	62
 712 02ab 40       		.byte	64
 713 02ac 3F       		.byte	63
 714 02ad 10       		.byte	16
 715 02ae 40       		.byte	64
 716 02af 26       		.byte	38
 717 02b0 41       		.byte	65
 718 02b1 04       		.byte	4
 719 02b2 42       		.byte	66
 720 02b3 05       		.byte	5
 721 02b4 44       		.byte	68
 722 02b5 01       		.byte	1
 723 02b6 45       		.byte	69
 724 02b7 0E       		.byte	14
 725 02b8 46       		.byte	70
 726 02b9 0C       		.byte	12
 727 02ba 48       		.byte	72
 728 02bb 05       		.byte	5
 729 02bc 49       		.byte	73
 730 02bd FF       		.byte	-1
 731 02be 4A       		.byte	74
 732 02bf FF       		.byte	-1
 733 02c0 4B       		.byte	75
 734 02c1 FF       		.byte	-1
 735 02c2 4C       		.byte	76
 736 02c3 62       		.byte	98
 737 02c4 4D       		.byte	77
 738 02c5 A0       		.byte	-96
 739 02c6 4E       		.byte	78
 740 02c7 F0       		.byte	-16
 741 02c8 4F       		.byte	79
ARM GAS  C:\Users\juanm\AppData\Local\Temp\ccrvhYtd.s 			page 14


 742 02c9 41       		.byte	65
 743 02ca 50       		.byte	80
 744 02cb 0C       		.byte	12
 745 02cc 54       		.byte	84
 746 02cd 18       		.byte	24
 747 02ce 56       		.byte	86
 748 02cf 04       		.byte	4
 749 02d0 58       		.byte	88
 750 02d1 04       		.byte	4
 751 02d2 59       		.byte	89
 752 02d3 04       		.byte	4
 753 02d4 5A       		.byte	90
 754 02d5 04       		.byte	4
 755 02d6 5B       		.byte	91
 756 02d7 04       		.byte	4
 757 02d8 5C       		.byte	92
 758 02d9 11       		.byte	17
 759 02da 5D       		.byte	93
 760 02db 11       		.byte	17
 761 02dc 5F       		.byte	95
 762 02dd 01       		.byte	1
 763 02de 66       		.byte	102
 764 02df 40       		.byte	64
 765 02e0 67       		.byte	103
 766 02e1 02       		.byte	2
 767 02e2 69       		.byte	105
 768 02e3 10       		.byte	16
 769 02e4 6A       		.byte	106
 770 02e5 30       		.byte	48
 771 02e6 6B       		.byte	107
 772 02e7 10       		.byte	16
 773 02e8 6D       		.byte	109
 774 02e9 10       		.byte	16
 775 02ea 6E       		.byte	110
 776 02eb 10       		.byte	16
 777 02ec 6F       		.byte	111
 778 02ed 12       		.byte	18
 779 02ee 80       		.byte	-128
 780 02ef 18       		.byte	24
 781 02f0 82       		.byte	-126
 782 02f1 22       		.byte	34
 783 02f2 83       		.byte	-125
 784 02f3 01       		.byte	1
 785 02f4 84       		.byte	-124
 786 02f5 38       		.byte	56
 787 02f6 85       		.byte	-123
 788 02f7 06       		.byte	6
 789 02f8 86       		.byte	-122
 790 02f9 04       		.byte	4
 791 02fa 87       		.byte	-121
 792 02fb 01       		.byte	1
 793 02fc 8B       		.byte	-117
 794 02fd 02       		.byte	2
 795 02fe 94       		.byte	-108
 796 02ff 20       		.byte	32
 797 0300 98       		.byte	-104
 798 0301 01       		.byte	1
ARM GAS  C:\Users\juanm\AppData\Local\Temp\ccrvhYtd.s 			page 15


 799 0302 9A       		.byte	-102
 800 0303 06       		.byte	6
 801 0304 9B       		.byte	-101
 802 0305 05       		.byte	5
 803 0306 9C       		.byte	-100
 804 0307 12       		.byte	18
 805 0308 9E       		.byte	-98
 806 0309 20       		.byte	32
 807 030a 9F       		.byte	-97
 808 030b 03       		.byte	3
 809 030c A3       		.byte	-93
 810 030d 06       		.byte	6
 811 030e A4       		.byte	-92
 812 030f 28       		.byte	40
 813 0310 A8       		.byte	-88
 814 0311 20       		.byte	32
 815 0312 AA       		.byte	-86
 816 0313 18       		.byte	24
 817 0314 B1       		.byte	-79
 818 0315 07       		.byte	7
 819 0316 B4       		.byte	-76
 820 0317 3E       		.byte	62
 821 0318 B6       		.byte	-74
 822 0319 01       		.byte	1
 823 031a BB       		.byte	-69
 824 031b 02       		.byte	2
 825 031c BE       		.byte	-66
 826 031d 40       		.byte	64
 827 031e D8       		.byte	-40
 828 031f 04       		.byte	4
 829 0320 D9       		.byte	-39
 830 0321 04       		.byte	4
 831 0322 DC       		.byte	-36
 832 0323 11       		.byte	17
 833 0324 DF       		.byte	-33
 834 0325 01       		.byte	1
 835 0326 01       		.byte	1
 836 0327 02       		.byte	2
 837 0328 03       		.byte	3
 838 0329 21       		.byte	33
 839 032a 04       		.byte	4
 840 032b 04       		.byte	4
 841 032c 07       		.byte	7
 842 032d 40       		.byte	64
 843 032e 08       		.byte	8
 844 032f 02       		.byte	2
 845 0330 0A       		.byte	10
 846 0331 26       		.byte	38
 847 0332 0E       		.byte	14
 848 0333 09       		.byte	9
 849 0334 0F       		.byte	15
 850 0335 20       		.byte	32
 851 0336 10       		.byte	16
 852 0337 02       		.byte	2
 853 0338 11       		.byte	17
 854 0339 14       		.byte	20
 855 033a 15       		.byte	21
ARM GAS  C:\Users\juanm\AppData\Local\Temp\ccrvhYtd.s 			page 16


 856 033b 08       		.byte	8
 857 033c 17       		.byte	23
 858 033d 20       		.byte	32
 859 033e 18       		.byte	24
 860 033f 01       		.byte	1
 861 0340 19       		.byte	25
 862 0341 21       		.byte	33
 863 0342 1A       		.byte	26
 864 0343 04       		.byte	4
 865 0344 1B       		.byte	27
 866 0345 08       		.byte	8
 867 0346 1E       		.byte	30
 868 0347 0A       		.byte	10
 869 0348 21       		.byte	33
 870 0349 02       		.byte	2
 871 034a 22       		.byte	34
 872 034b 20       		.byte	32
 873 034c 27       		.byte	39
 874 034d 40       		.byte	64
 875 034e 28       		.byte	40
 876 034f 82       		.byte	-126
 877 0350 2E       		.byte	46
 878 0351 01       		.byte	1
 879 0352 31       		.byte	49
 880 0353 06       		.byte	6
 881 0354 37       		.byte	55
 882 0355 60       		.byte	96
 883 0356 39       		.byte	57
 884 0357 20       		.byte	32
 885 0358 3B       		.byte	59
 886 0359 04       		.byte	4
 887 035a 3C       		.byte	60
 888 035b 04       		.byte	4
 889 035c 3F       		.byte	63
 890 035d 21       		.byte	33
 891 035e 40       		.byte	64
 892 035f 81       		.byte	-127
 893 0360 41       		.byte	65
 894 0361 30       		.byte	48
 895 0362 43       		.byte	67
 896 0363 01       		.byte	1
 897 0364 49       		.byte	73
 898 0365 10       		.byte	16
 899 0366 4B       		.byte	75
 900 0367 84       		.byte	-124
 901 0368 51       		.byte	81
 902 0369 80       		.byte	-128
 903 036a 59       		.byte	89
 904 036b 01       		.byte	1
 905 036c 62       		.byte	98
 906 036d A0       		.byte	-96
 907 036e 63       		.byte	99
 908 036f 40       		.byte	64
 909 0370 82       		.byte	-126
 910 0371 01       		.byte	1
 911 0372 87       		.byte	-121
 912 0373 40       		.byte	64
ARM GAS  C:\Users\juanm\AppData\Local\Temp\ccrvhYtd.s 			page 17


 913 0374 88       		.byte	-120
 914 0375 02       		.byte	2
 915 0376 89       		.byte	-119
 916 0377 80       		.byte	-128
 917 0378 90       		.byte	-112
 918 0379 04       		.byte	4
 919 037a 91       		.byte	-111
 920 037b 1C       		.byte	28
 921 037c 92       		.byte	-110
 922 037d 23       		.byte	35
 923 037e 93       		.byte	-109
 924 037f 81       		.byte	-127
 925 0380 96       		.byte	-106
 926 0381 04       		.byte	4
 927 0382 98       		.byte	-104
 928 0383 02       		.byte	2
 929 0384 99       		.byte	-103
 930 0385 16       		.byte	22
 931 0386 9B       		.byte	-101
 932 0387 21       		.byte	33
 933 0388 9D       		.byte	-99
 934 0389 A0       		.byte	-96
 935 038a 9F       		.byte	-97
 936 038b 40       		.byte	64
 937 038c A1       		.byte	-95
 938 038d 20       		.byte	32
 939 038e A2       		.byte	-94
 940 038f 80       		.byte	-128
 941 0390 A3       		.byte	-93
 942 0391 30       		.byte	48
 943 0392 A4       		.byte	-92
 944 0393 02       		.byte	2
 945 0394 A5       		.byte	-91
 946 0395 80       		.byte	-128
 947 0396 A7       		.byte	-89
 948 0397 08       		.byte	8
 949 0398 C0       		.byte	-64
 950 0399 3D       		.byte	61
 951 039a C2       		.byte	-62
 952 039b EF       		.byte	-17
 953 039c C4       		.byte	-60
 954 039d 67       		.byte	103
 955 039e CA       		.byte	-54
 956 039f 89       		.byte	-119
 957 03a0 CC       		.byte	-52
 958 03a1 33       		.byte	51
 959 03a2 CE       		.byte	-50
 960 03a3 E6       		.byte	-26
 961 03a4 D0       		.byte	-48
 962 03a5 0D       		.byte	13
 963 03a6 D2       		.byte	-46
 964 03a7 0C       		.byte	12
 965 03a8 D6       		.byte	-42
 966 03a9 01       		.byte	1
 967 03aa D8       		.byte	-40
 968 03ab 0D       		.byte	13
 969 03ac E4       		.byte	-28
ARM GAS  C:\Users\juanm\AppData\Local\Temp\ccrvhYtd.s 			page 18


 970 03ad 01       		.byte	1
 971 03ae 32       		.byte	50
 972 03af 20       		.byte	32
 973 03b0 36       		.byte	54
 974 03b1 80       		.byte	-128
 975 03b2 CC       		.byte	-52
 976 03b3 30       		.byte	48
 977 03b4 A6       		.byte	-90
 978 03b5 A0       		.byte	-96
 979 03b6 12       		.byte	18
 980 03b7 80       		.byte	-128
 981 03b8 5B       		.byte	91
 982 03b9 02       		.byte	2
 983 03ba 9B       		.byte	-101
 984 03bb 02       		.byte	2
 985 03bc A6       		.byte	-90
 986 03bd A0       		.byte	-96
 987 03be AF       		.byte	-81
 988 03bf 02       		.byte	2
 989 03c0 C4       		.byte	-60
 990 03c1 10       		.byte	16
 991 03c2 D6       		.byte	-42
 992 03c3 40       		.byte	64
 993 03c4 EE       		.byte	-18
 994 03c5 40       		.byte	64
 995 03c6 A6       		.byte	-90
 996 03c7 20       		.byte	32
 997 03c8 A6       		.byte	-90
 998 03c9 20       		.byte	32
 999 03ca 86       		.byte	-122
 1000 03cb 20       		.byte	32
 1001 03cc A6       		.byte	-90
 1002 03cd 20       		.byte	32
 1003 03ce E6       		.byte	-26
 1004 03cf 40       		.byte	64
 1005 03d0 10       		.byte	16
 1006 03d1 80       		.byte	-128
 1007 03d2 70       		.byte	112
 1008 03d3 04       		.byte	4
 1009 03d4 80       		.byte	-128
 1010 03d5 04       		.byte	4
 1011 03d6 88       		.byte	-120
 1012 03d7 80       		.byte	-128
 1013 03d8 C4       		.byte	-60
 1014 03d9 08       		.byte	8
 1015 03da DC       		.byte	-36
 1016 03db 01       		.byte	1
 1017 03dc E6       		.byte	-26
 1018 03dd 01       		.byte	1
 1019 03de 00       		.byte	0
 1020 03df 02       		.byte	2
 1021 03e0 0C       		.byte	12
 1022 03e1 02       		.byte	2
 1023 03e2 10       		.byte	16
 1024 03e3 02       		.byte	2
 1025 03e4 1C       		.byte	28
 1026 03e5 02       		.byte	2
ARM GAS  C:\Users\juanm\AppData\Local\Temp\ccrvhYtd.s 			page 19


 1027 03e6 00       		.byte	0
 1028 03e7 0B       		.byte	11
 1029 03e8 00       		.byte	0
 1030 03e9 01       		.byte	1
 1031 03ea 01       		.byte	1
 1032 03eb 00       		.byte	0
 1033 03ec 00       		.byte	0
 1034 03ed 00       		.byte	0
 1035 03ee 00       		.byte	0
 1036 03ef 00       		.byte	0
 1037 03f0 80       		.byte	-128
 1038 03f1 00       		.byte	0
 1039 03f2 40       		.byte	64
 1040 03f3 80       		.byte	-128
 1041 03f4 80       		.byte	-128
 1042 03f5 00       		.byte	0
 1043 03f6 80       		.byte	-128
 1044 03f7 00       		.byte	0
 1045 03f8 00       		.byte	0
 1046 03f9 00       		.byte	0
 1047 03fa 00       		.byte	0
 1048 03fb 00       		.byte	0
 1049 03fc 00       		.byte	0
 1050 03fd 1B       		.byte	27
 1051 03fe 1B       		.byte	27
 1052 03ff 00       		.byte	0
 1053 0400 00       		.byte	0
 1054 0401 00       		.byte	0
 1055 0402 00       		.byte	0
 1056 0403 00       		.byte	0
 1057 0404 00       		.byte	0
 1058 0405 7F       		.byte	127
 1059 0406 7F       		.byte	127
 1060 0407 00       		.byte	0
 1061 0408 00       		.byte	0
 1062 0409 00       		.byte	0
 1063 040a 00       		.byte	0
 1064 040b 00       		.byte	0
 1065              		.section	.cywolatch,"a",%progbits
 1066              		.align	2
 1067              		.type	cy_meta_wonvl, %object
 1068              		.size	cy_meta_wonvl, 4
 1069              	cy_meta_wonvl:
 1070 0000 BC       		.byte	-68
 1071 0001 90       		.byte	-112
 1072 0002 AC       		.byte	-84
 1073 0003 AF       		.byte	-81
 1074              		.section	.cycustnvl,"a",%progbits
 1075              		.align	2
 1076              		.type	cy_meta_custnvl, %object
 1077              		.size	cy_meta_custnvl, 4
 1078              	cy_meta_custnvl:
 1079 0000 00       		.byte	0
 1080 0001 00       		.byte	0
 1081 0002 40       		.byte	64
 1082 0003 05       		.byte	5
 1083              		.section	.cymeta,"a",%progbits
ARM GAS  C:\Users\juanm\AppData\Local\Temp\ccrvhYtd.s 			page 20


 1084              		.align	2
 1085              		.type	cy_metadata, %object
 1086              		.size	cy_metadata, 12
 1087              	cy_metadata:
 1088 0000 00       		.byte	0
 1089 0001 01       		.byte	1
 1090 0002 2E       		.byte	46
 1091 0003 16       		.byte	22
 1092 0004 10       		.byte	16
 1093 0005 69       		.byte	105
 1094 0006 00       		.byte	0
 1095 0007 01       		.byte	1
 1096 0008 00       		.byte	0
 1097 0009 00       		.byte	0
 1098 000a 00       		.byte	0
 1099 000b 00       		.byte	0
 1100              		.section	.cyflashprotect,"a",%progbits
 1101              		.align	2
 1102              		.type	cy_meta_flashprotect, %object
 1103              		.size	cy_meta_flashprotect, 256
 1104              	cy_meta_flashprotect:
 1105 0000 00000000 		.space	256
 1105      00000000 
 1105      00000000 
 1105      00000000 
 1105      00000000 
 1106              		.text
 1107              	.Letext0:
 1108              		.file 1 "c:\\program files (x86)\\cypress\\psoc creator\\4.4\\psoc creator\\import\\gnu\\arm\\5.4.
 1109              		.file 2 "c:\\program files (x86)\\cypress\\psoc creator\\4.4\\psoc creator\\import\\gnu\\arm\\5.4.
 1110              		.file 3 "Generated_Source\\PSoC5\\cymetadata.c"
 1111              		.section	.debug_info,"",%progbits
 1112              	.Ldebug_info0:
 1113 0000 31010000 		.4byte	0x131
 1114 0004 0400     		.2byte	0x4
 1115 0006 00000000 		.4byte	.Ldebug_abbrev0
 1116 000a 04       		.byte	0x4
 1117 000b 01       		.uleb128 0x1
 1118 000c 6F000000 		.4byte	.LASF17
 1119 0010 0C       		.byte	0xc
 1120 0011 C9010000 		.4byte	.LASF18
 1121 0015 0A000000 		.4byte	.LASF19
 1122 0019 00000000 		.4byte	.Ldebug_line0
 1123 001d 02       		.uleb128 0x2
 1124 001e 01       		.byte	0x1
 1125 001f 06       		.byte	0x6
 1126 0020 BD010000 		.4byte	.LASF0
 1127 0024 03       		.uleb128 0x3
 1128 0025 00000000 		.4byte	.LASF9
 1129 0029 01       		.byte	0x1
 1130 002a 1D       		.byte	0x1d
 1131 002b 2F000000 		.4byte	0x2f
 1132 002f 02       		.uleb128 0x2
 1133 0030 01       		.byte	0x1
 1134 0031 08       		.byte	0x8
 1135 0032 61000000 		.4byte	.LASF1
 1136 0036 02       		.uleb128 0x2
ARM GAS  C:\Users\juanm\AppData\Local\Temp\ccrvhYtd.s 			page 21


 1137 0037 02       		.byte	0x2
 1138 0038 05       		.byte	0x5
 1139 0039 AA010000 		.4byte	.LASF2
 1140 003d 02       		.uleb128 0x2
 1141 003e 02       		.byte	0x2
 1142 003f 07       		.byte	0x7
 1143 0040 0F010000 		.4byte	.LASF3
 1144 0044 02       		.uleb128 0x2
 1145 0045 04       		.byte	0x4
 1146 0046 05       		.byte	0x5
 1147 0047 B4010000 		.4byte	.LASF4
 1148 004b 02       		.uleb128 0x2
 1149 004c 04       		.byte	0x4
 1150 004d 07       		.byte	0x7
 1151 004e FD000000 		.4byte	.LASF5
 1152 0052 02       		.uleb128 0x2
 1153 0053 08       		.byte	0x8
 1154 0054 05       		.byte	0x5
 1155 0055 9C010000 		.4byte	.LASF6
 1156 0059 02       		.uleb128 0x2
 1157 005a 08       		.byte	0x8
 1158 005b 07       		.byte	0x7
 1159 005c 51010000 		.4byte	.LASF7
 1160 0060 04       		.uleb128 0x4
 1161 0061 04       		.byte	0x4
 1162 0062 05       		.byte	0x5
 1163 0063 696E7400 		.ascii	"int\000"
 1164 0067 02       		.uleb128 0x2
 1165 0068 04       		.byte	0x4
 1166 0069 07       		.byte	0x7
 1167 006a 44010000 		.4byte	.LASF8
 1168 006e 03       		.uleb128 0x3
 1169 006f 68010000 		.4byte	.LASF10
 1170 0073 02       		.byte	0x2
 1171 0074 18       		.byte	0x18
 1172 0075 24000000 		.4byte	0x24
 1173 0079 05       		.uleb128 0x5
 1174 007a 91000000 		.4byte	0x91
 1175 007e 8A000000 		.4byte	0x8a
 1176 0082 06       		.uleb128 0x6
 1177 0083 8A000000 		.4byte	0x8a
 1178 0087 0B04     		.2byte	0x40b
 1179 0089 00       		.byte	0
 1180 008a 02       		.uleb128 0x2
 1181 008b 04       		.byte	0x4
 1182 008c 07       		.byte	0x7
 1183 008d 93010000 		.4byte	.LASF11
 1184 0091 07       		.uleb128 0x7
 1185 0092 6E000000 		.4byte	0x6e
 1186 0096 08       		.uleb128 0x8
 1187 0097 32010000 		.4byte	.LASF12
 1188 009b 03       		.byte	0x3
 1189 009c 1F       		.byte	0x1f
 1190 009d A7000000 		.4byte	0xa7
 1191 00a1 05       		.uleb128 0x5
 1192 00a2 03       		.byte	0x3
 1193 00a3 00000000 		.4byte	cy_meta_configecc
ARM GAS  C:\Users\juanm\AppData\Local\Temp\ccrvhYtd.s 			page 22


 1194 00a7 07       		.uleb128 0x7
 1195 00a8 79000000 		.4byte	0x79
 1196 00ac 05       		.uleb128 0x5
 1197 00ad 91000000 		.4byte	0x91
 1198 00b1 BC000000 		.4byte	0xbc
 1199 00b5 09       		.uleb128 0x9
 1200 00b6 8A000000 		.4byte	0x8a
 1201 00ba 03       		.byte	0x3
 1202 00bb 00       		.byte	0
 1203 00bc 08       		.uleb128 0x8
 1204 00bd 22010000 		.4byte	.LASF13
 1205 00c1 03       		.byte	0x3
 1206 00c2 AE       		.byte	0xae
 1207 00c3 CD000000 		.4byte	0xcd
 1208 00c7 05       		.uleb128 0x5
 1209 00c8 03       		.byte	0x3
 1210 00c9 00000000 		.4byte	cy_meta_custnvl
 1211 00cd 07       		.uleb128 0x7
 1212 00ce AC000000 		.4byte	0xac
 1213 00d2 08       		.uleb128 0x8
 1214 00d3 85010000 		.4byte	.LASF14
 1215 00d7 03       		.byte	0x3
 1216 00d8 BC       		.byte	0xbc
 1217 00d9 E3000000 		.4byte	0xe3
 1218 00dd 05       		.uleb128 0x5
 1219 00de 03       		.byte	0x3
 1220 00df 00000000 		.4byte	cy_meta_wonvl
 1221 00e3 07       		.uleb128 0x7
 1222 00e4 AC000000 		.4byte	0xac
 1223 00e8 05       		.uleb128 0x5
 1224 00e9 91000000 		.4byte	0x91
 1225 00ed F8000000 		.4byte	0xf8
 1226 00f1 09       		.uleb128 0x9
 1227 00f2 8A000000 		.4byte	0x8a
 1228 00f6 FF       		.byte	0xff
 1229 00f7 00       		.byte	0
 1230 00f8 08       		.uleb128 0x8
 1231 00f9 70010000 		.4byte	.LASF15
 1232 00fd 03       		.byte	0x3
 1233 00fe CA       		.byte	0xca
 1234 00ff 09010000 		.4byte	0x109
 1235 0103 05       		.uleb128 0x5
 1236 0104 03       		.byte	0x3
 1237 0105 00000000 		.4byte	cy_meta_flashprotect
 1238 0109 07       		.uleb128 0x7
 1239 010a E8000000 		.4byte	0xe8
 1240 010e 05       		.uleb128 0x5
 1241 010f 91000000 		.4byte	0x91
 1242 0113 1E010000 		.4byte	0x11e
 1243 0117 09       		.uleb128 0x9
 1244 0118 8A000000 		.4byte	0x8a
 1245 011c 0B       		.byte	0xb
 1246 011d 00       		.byte	0
 1247 011e 08       		.uleb128 0x8
 1248 011f 55000000 		.4byte	.LASF16
 1249 0123 03       		.byte	0x3
 1250 0124 F7       		.byte	0xf7
ARM GAS  C:\Users\juanm\AppData\Local\Temp\ccrvhYtd.s 			page 23


 1251 0125 2F010000 		.4byte	0x12f
 1252 0129 05       		.uleb128 0x5
 1253 012a 03       		.byte	0x3
 1254 012b 00000000 		.4byte	cy_metadata
 1255 012f 07       		.uleb128 0x7
 1256 0130 0E010000 		.4byte	0x10e
 1257 0134 00       		.byte	0
 1258              		.section	.debug_abbrev,"",%progbits
 1259              	.Ldebug_abbrev0:
 1260 0000 01       		.uleb128 0x1
 1261 0001 11       		.uleb128 0x11
 1262 0002 01       		.byte	0x1
 1263 0003 25       		.uleb128 0x25
 1264 0004 0E       		.uleb128 0xe
 1265 0005 13       		.uleb128 0x13
 1266 0006 0B       		.uleb128 0xb
 1267 0007 03       		.uleb128 0x3
 1268 0008 0E       		.uleb128 0xe
 1269 0009 1B       		.uleb128 0x1b
 1270 000a 0E       		.uleb128 0xe
 1271 000b 10       		.uleb128 0x10
 1272 000c 17       		.uleb128 0x17
 1273 000d 00       		.byte	0
 1274 000e 00       		.byte	0
 1275 000f 02       		.uleb128 0x2
 1276 0010 24       		.uleb128 0x24
 1277 0011 00       		.byte	0
 1278 0012 0B       		.uleb128 0xb
 1279 0013 0B       		.uleb128 0xb
 1280 0014 3E       		.uleb128 0x3e
 1281 0015 0B       		.uleb128 0xb
 1282 0016 03       		.uleb128 0x3
 1283 0017 0E       		.uleb128 0xe
 1284 0018 00       		.byte	0
 1285 0019 00       		.byte	0
 1286 001a 03       		.uleb128 0x3
 1287 001b 16       		.uleb128 0x16
 1288 001c 00       		.byte	0
 1289 001d 03       		.uleb128 0x3
 1290 001e 0E       		.uleb128 0xe
 1291 001f 3A       		.uleb128 0x3a
 1292 0020 0B       		.uleb128 0xb
 1293 0021 3B       		.uleb128 0x3b
 1294 0022 0B       		.uleb128 0xb
 1295 0023 49       		.uleb128 0x49
 1296 0024 13       		.uleb128 0x13
 1297 0025 00       		.byte	0
 1298 0026 00       		.byte	0
 1299 0027 04       		.uleb128 0x4
 1300 0028 24       		.uleb128 0x24
 1301 0029 00       		.byte	0
 1302 002a 0B       		.uleb128 0xb
 1303 002b 0B       		.uleb128 0xb
 1304 002c 3E       		.uleb128 0x3e
 1305 002d 0B       		.uleb128 0xb
 1306 002e 03       		.uleb128 0x3
 1307 002f 08       		.uleb128 0x8
ARM GAS  C:\Users\juanm\AppData\Local\Temp\ccrvhYtd.s 			page 24


 1308 0030 00       		.byte	0
 1309 0031 00       		.byte	0
 1310 0032 05       		.uleb128 0x5
 1311 0033 01       		.uleb128 0x1
 1312 0034 01       		.byte	0x1
 1313 0035 49       		.uleb128 0x49
 1314 0036 13       		.uleb128 0x13
 1315 0037 01       		.uleb128 0x1
 1316 0038 13       		.uleb128 0x13
 1317 0039 00       		.byte	0
 1318 003a 00       		.byte	0
 1319 003b 06       		.uleb128 0x6
 1320 003c 21       		.uleb128 0x21
 1321 003d 00       		.byte	0
 1322 003e 49       		.uleb128 0x49
 1323 003f 13       		.uleb128 0x13
 1324 0040 2F       		.uleb128 0x2f
 1325 0041 05       		.uleb128 0x5
 1326 0042 00       		.byte	0
 1327 0043 00       		.byte	0
 1328 0044 07       		.uleb128 0x7
 1329 0045 26       		.uleb128 0x26
 1330 0046 00       		.byte	0
 1331 0047 49       		.uleb128 0x49
 1332 0048 13       		.uleb128 0x13
 1333 0049 00       		.byte	0
 1334 004a 00       		.byte	0
 1335 004b 08       		.uleb128 0x8
 1336 004c 34       		.uleb128 0x34
 1337 004d 00       		.byte	0
 1338 004e 03       		.uleb128 0x3
 1339 004f 0E       		.uleb128 0xe
 1340 0050 3A       		.uleb128 0x3a
 1341 0051 0B       		.uleb128 0xb
 1342 0052 3B       		.uleb128 0x3b
 1343 0053 0B       		.uleb128 0xb
 1344 0054 49       		.uleb128 0x49
 1345 0055 13       		.uleb128 0x13
 1346 0056 3F       		.uleb128 0x3f
 1347 0057 19       		.uleb128 0x19
 1348 0058 02       		.uleb128 0x2
 1349 0059 18       		.uleb128 0x18
 1350 005a 00       		.byte	0
 1351 005b 00       		.byte	0
 1352 005c 09       		.uleb128 0x9
 1353 005d 21       		.uleb128 0x21
 1354 005e 00       		.byte	0
 1355 005f 49       		.uleb128 0x49
 1356 0060 13       		.uleb128 0x13
 1357 0061 2F       		.uleb128 0x2f
 1358 0062 0B       		.uleb128 0xb
 1359 0063 00       		.byte	0
 1360 0064 00       		.byte	0
 1361 0065 00       		.byte	0
 1362              		.section	.debug_aranges,"",%progbits
 1363 0000 14000000 		.4byte	0x14
 1364 0004 0200     		.2byte	0x2
ARM GAS  C:\Users\juanm\AppData\Local\Temp\ccrvhYtd.s 			page 25


 1365 0006 00000000 		.4byte	.Ldebug_info0
 1366 000a 04       		.byte	0x4
 1367 000b 00       		.byte	0
 1368 000c 0000     		.2byte	0
 1369 000e 0000     		.2byte	0
 1370 0010 00000000 		.4byte	0
 1371 0014 00000000 		.4byte	0
 1372              		.section	.debug_line,"",%progbits
 1373              	.Ldebug_line0:
 1374 0000 3D010000 		.section	.debug_str,"MS",%progbits,1
 1374      02003701 
 1374      00000201 
 1374      FB0E0D00 
 1374      01010101 
 1375              	.LASF9:
 1376 0000 5F5F7569 		.ascii	"__uint8_t\000"
 1376      6E74385F 
 1376      7400
 1377              	.LASF19:
 1378 000a 433A5C55 		.ascii	"C:\\Users\\juanm\\OneDrive\\Documentos\\PSoC Creato"
 1378      73657273 
 1378      5C6A7561 
 1378      6E6D5C4F 
 1378      6E654472 
 1379 0038 725C4675 		.ascii	"r\\Funcion_LCD\\Design01.cydsn\000"
 1379      6E63696F 
 1379      6E5F4C43 
 1379      445C4465 
 1379      7369676E 
 1380              	.LASF16:
 1381 0055 63795F6D 		.ascii	"cy_metadata\000"
 1381      65746164 
 1381      61746100 
 1382              	.LASF1:
 1383 0061 756E7369 		.ascii	"unsigned char\000"
 1383      676E6564 
 1383      20636861 
 1383      7200
 1384              	.LASF17:
 1385 006f 474E5520 		.ascii	"GNU C11 5.4.1 20160609 (release) [ARM/embedded-5-br"
 1385      43313120 
 1385      352E342E 
 1385      31203230 
 1385      31363036 
 1386 00a2 616E6368 		.ascii	"anch revision 237715] -mcpu=cortex-m3 -mthumb -g -O"
 1386      20726576 
 1386      6973696F 
 1386      6E203233 
 1386      37373135 
 1387 00d5 67202D66 		.ascii	"g -ffunction-sections -ffat-lto-objects\000"
 1387      66756E63 
 1387      74696F6E 
 1387      2D736563 
 1387      74696F6E 
 1388              	.LASF5:
 1389 00fd 6C6F6E67 		.ascii	"long unsigned int\000"
 1389      20756E73 
ARM GAS  C:\Users\juanm\AppData\Local\Temp\ccrvhYtd.s 			page 26


 1389      69676E65 
 1389      6420696E 
 1389      7400
 1390              	.LASF3:
 1391 010f 73686F72 		.ascii	"short unsigned int\000"
 1391      7420756E 
 1391      7369676E 
 1391      65642069 
 1391      6E7400
 1392              	.LASF13:
 1393 0122 63795F6D 		.ascii	"cy_meta_custnvl\000"
 1393      6574615F 
 1393      63757374 
 1393      6E766C00 
 1394              	.LASF12:
 1395 0132 63795F6D 		.ascii	"cy_meta_configecc\000"
 1395      6574615F 
 1395      636F6E66 
 1395      69676563 
 1395      6300
 1396              	.LASF8:
 1397 0144 756E7369 		.ascii	"unsigned int\000"
 1397      676E6564 
 1397      20696E74 
 1397      00
 1398              	.LASF7:
 1399 0151 6C6F6E67 		.ascii	"long long unsigned int\000"
 1399      206C6F6E 
 1399      6720756E 
 1399      7369676E 
 1399      65642069 
 1400              	.LASF10:
 1401 0168 75696E74 		.ascii	"uint8_t\000"
 1401      385F7400 
 1402              	.LASF15:
 1403 0170 63795F6D 		.ascii	"cy_meta_flashprotect\000"
 1403      6574615F 
 1403      666C6173 
 1403      6870726F 
 1403      74656374 
 1404              	.LASF14:
 1405 0185 63795F6D 		.ascii	"cy_meta_wonvl\000"
 1405      6574615F 
 1405      776F6E76 
 1405      6C00
 1406              	.LASF11:
 1407 0193 73697A65 		.ascii	"sizetype\000"
 1407      74797065 
 1407      00
 1408              	.LASF6:
 1409 019c 6C6F6E67 		.ascii	"long long int\000"
 1409      206C6F6E 
 1409      6720696E 
 1409      7400
 1410              	.LASF2:
 1411 01aa 73686F72 		.ascii	"short int\000"
 1411      7420696E 
ARM GAS  C:\Users\juanm\AppData\Local\Temp\ccrvhYtd.s 			page 27


 1411      7400
 1412              	.LASF4:
 1413 01b4 6C6F6E67 		.ascii	"long int\000"
 1413      20696E74 
 1413      00
 1414              	.LASF0:
 1415 01bd 7369676E 		.ascii	"signed char\000"
 1415      65642063 
 1415      68617200 
 1416              	.LASF18:
 1417 01c9 47656E65 		.ascii	"Generated_Source\\PSoC5\\cymetadata.c\000"
 1417      72617465 
 1417      645F536F 
 1417      75726365 
 1417      5C50536F 
 1418              		.ident	"GCC: (GNU Tools for ARM Embedded Processors) 5.4.1 20160609 (release) [ARM/embedded-5-bran
